t,c,d
0s,I,2018-08-06T15:24:14.8209565000
606.1343ms,L,0
613.1361ms,D,1>0
614.1362ms,D,2>0
615.1372ms,L,1
615.1372ms,L,2
627.1406ms,D,3>0
628.1389ms,L,3
630.1398ms,D,4>0
630.1398ms,L,4
634.1406ms,D,5>0
635.141ms,L,5
1.0913202s,S,1>0:51
1.1882652s,S,0>1:52
1.1932835s,S,2>0:51
1.2842857s,S,1>0:50
1.2933044s,S,0>2:52
1.3063073s,S,5>0:51
1.3943256s,S,2>0:50
1.4073284s,S,3>0:51
1.4433358s,S,0>5:52
1.4983268s,S,0>3:52
1.5123501s,S,4>0:51
1.5803437s,S,5>0:50
1.5903459s,S,3>0:50
1.6043489s,S,0>4:52
1.605349s,S,0>1:51
1.6953693s,S,4>0:50
1.7003697s,S,0>2:51
1.7003697s,S,1>0:52
1.8003927s,S,0>3:51
1.8003927s,S,2>0:52
1.8924138s,S,0>4:51
1.8924138s,S,3>0:52
1.9834512s,S,0>5:51
1.9834512s,S,4>0:52
2.1194901s,S,5>0:52
3.6428094s,D,6>0
3.6438101s,L,6
3.7518515s,D,7>0
3.7538526s,L,7
3.8418741s,D,8>0
3.8438714s,L,8
3.9438959s,D,9>0
3.9468767s,L,9
4.0429265s,D,10>0
4.046898s,L,10
4.1209182s,S,0>9:51
4.1482313s,D,11>0
4.1502321s,L,11
4.1972432s,S,0>10:51
4.1972432s,S,9>0:52
4.2336891s,D,12>0
4.2352517s,L,12
4.2742612s,S,0>4:50
4.2892843s,S,0>6:51
4.2892843s,S,10>0:52
4.3432963s,D,13>0
4.3452766s,L,13
4.3663008s,S,0>7:50
4.3823041s,S,0>2:50
4.4313152s,S,6>0:52
4.449299s,D,14>0
4.4532999s,L,14
4.4743243s,S,0>8:50
4.4743243s,S,0>7:51
4.4843262s,S,0>4:50
4.556342s,S,0>10:50
4.5573222s,D,15>0
4.5613225s,L,15
4.5753269s,S,0>4:50
4.5823478s,S,0>7:50
4.5823478s,S,0>8:51
4.5823478s,S,7>0:52
4.6113539s,D,4>9
4.6113539s,S,4>9:51
4.615355s,S,6>0:51
4.6383402s,S,9>4:52
4.6463412s,D,4>10
4.6463412s,S,4>10:51
4.6503423s,S,0>2:50
4.6633657s,S,8>0:52
4.6643658s,S,4>0:50
4.688371s,S,10>4:52
4.6903713s,S,0>8:50
4.6903713s,S,0>7:50
4.7433829s,D,7>10
4.7433829s,S,7>10:51
4.7453647s,S,0>3:50
4.7503844s,S,0>2:50
4.7563855s,S,4>9:50
4.7563855s,S,4>0:50
4.758386s,S,0>6:52
4.7703882s,S,0>10:50
4.7833911s,S,4>10:50
4.7963939s,S,0>8:50
4.8023924s,S,7>0:51
4.8023924s,S,10>7:52
4.8324016s,D,8>10
4.8324016s,S,8>10:51
4.8384029s,S,0>3:50
4.8464043s,S,4>9:50
4.8504051s,S,0>4:50
4.8624081s,S,0>13:50
4.8634083s,S,8>0:51
4.8634083s,S,10>8:52
4.87241s,S,4>10:50
4.9043963s,S,0>6:50
4.9043963s,S,6>0:50
4.9103989s,S,7>0:50
4.9103989s,S,0>7:52
4.918399s,D,7>9
4.918399s,S,7>9:51
4.9314814s,S,0>5:50
4.9354027s,D,9>10
4.9354027s,S,9>10:51
4.946408s,S,8>0:50
4.946408s,S,0>8:52
4.9494063s,S,0>13:50
4.9494063s,S,0>1:50
4.9504062s,D,8>9
4.9504062s,S,8>9:51
4.95941s,S,9>7:52
4.9634096s,S,10>9:52
4.96841s,S,9>8:52
4.9904234s,S,9>0:50
5.0004332s,S,9>7:51
5.0164394s,S,7>10:50
5.0164394s,S,7>0:50
5.0164394s,S,0>7:50
5.0264442s,S,10>7:51
5.030445s,S,8>10:50
5.030445s,S,8>9:50
5.030445s,S,8>0:50
5.0384467s,S,0>2:50
5.0424478s,S,7>9:52
5.046431s,S,0>3:50
5.0484492s,S,0>9:50
5.0694507s,S,0>6:50
5.0694507s,S,9>4:50
5.0694507s,S,9>0:51
5.0854543s,S,10>0:51
5.0854543s,S,7>10:52
5.096439s,S,9>7:50
5.1154427s,S,8>10:50
5.1154427s,S,8>0:50
5.1244447s,S,7>0:50
5.1244447s,S,0>8:50
5.1274463s,S,0>11:50
5.1304473s,S,11>0:51
5.1374479s,S,9>10:50
5.1384504s,S,0>5:50
5.142467s,S,7>10:50
5.1454677s,S,9>4:51
5.1454677s,S,9>0:50
5.1454677s,S,0>9:52
5.1464678s,S,8>9:50
5.1654747s,S,9>8:50
5.1714761s,S,4>9:52
5.1784776s,S,10>0:50
5.1784776s,S,10>4:51
5.1784776s,S,0>10:52
5.1974815s,S,8>10:50
5.198482s,S,7>9:50
5.1994821s,D,1>10
5.1994821s,S,1>10:51
5.2054632s,S,0>13:50
5.2144852s,S,0>6:50
5.2144852s,S,12>0:51
5.218486s,S,0>12:50
5.2214665s,S,10>9:51
5.2214665s,S,4>10:52
5.2224872s,S,0>9:50
5.2224872s,S,9>4:50
5.2224872s,S,0>11:52
5.2224872s,S,9>0:50
5.2304888s,S,7>10:50
5.246492s,S,10>1:52
5.2484926s,S,9>7:50
5.2484926s,S,10>8:51
5.2484926s,S,9>10:52
5.2684964s,S,10>4:50
5.2684964s,S,10>0:50
5.279499s,S,8>10:52
5.290501s,S,7>9:50
5.290501s,S,0>3:50
5.290501s,S,9>10:50
5.2915012s,S,1>10:50
5.2985027s,S,9>4:50
5.3055042s,D,2>10
5.3055042s,S,2>10:51
5.3105025s,S,10>7:50
5.3145062s,S,0>11:50
5.3145062s,S,11>0:50
5.3185044s,S,9>8:50
5.3204882s,S,0>10:50
5.3204882s,S,0>12:52
5.3275091s,S,9>7:50
5.3414945s,S,1>0:50
5.3435123s,D,13>6
5.3435123s,S,13>6:51
5.3584953s,S,0>6:50
5.3584953s,S,10>2:52
5.3584953s,S,0>9:50
5.360516s,S,10>4:50
5.360516s,S,10>0:50
5.3665171s,D,2>9
5.3665171s,S,2>9:51
5.3685177s,S,9>10:50
5.3685177s,S,10>8:50
5.3955233s,S,9>8:50
5.4005242s,S,10>9:50
5.4005242s,S,10>7:50
5.4065056s,S,9>2:52
5.4085258s,S,2>0:50
5.4105264s,S,0>1:50
5.420511s,D,2>7
5.420511s,S,2>7:51
5.4245294s,S,0>12:50
5.4245294s,S,12>0:50
5.4275301s,S,14>0:51
5.4305308s,S,6>13:52
5.4365113s,S,0>11:50
5.4415328s,D,13>7
5.4415328s,S,13>7:51
5.4445968s,S,2>9:50
5.4505345s,S,10>0:50
5.4505345s,S,10>4:50
5.457536s,S,10>8:50
5.460537s,D,5>9
5.460537s,S,5>9:51
5.4875426s,S,2>7:50
5.4875426s,S,7>2:52
5.490543s,S,10>9:50
5.4915434s,S,10>7:50
5.4935437s,S,13>0:51
5.4935437s,S,7>13:52
5.4995451s,S,0>9:50
5.4995451s,S,0>6:50
5.5055461s,D,3>8
5.5055461s,S,3>8:51
5.5075476s,D,2>6
5.5075476s,S,2>6:51
5.5095469s,S,2>10:50
5.5095469s,S,0>5:50
5.518549s,S,10>1:50
5.5275511s,S,0>1:50
5.5275511s,S,0>12:50
5.5295346s,S,15>0:51
5.5315516s,S,9>5:52
5.5385507s,S,8>3:52
5.5405539s,S,0>14:52
5.5425542s,S,10>4:50
5.5435543s,D,3>9
5.5435543s,S,3>9:51
5.5485553s,D,5>10
5.5485553s,S,5>10:51
5.5505555s,S,10>8:50
5.5545566s,S,2>0:50
5.5545566s,S,2>7:50
5.5635584s,S,2>9:50
5.5705596s,S,3>0:50
5.5705596s,S,9>3:52
5.5795617s,D,3>10
5.5795617s,S,0>11:50
5.5795617s,S,3>10:51
5.581542s,S,13>0:50
5.581542s,S,0>13:52
5.5835472s,S,10>9:50
5.5835472s,S,10>7:50
5.5885611s,D,13>10
5.5885611s,S,13>10:51
5.603546s,S,5>0:50
5.6095477s,S,6>2:52
5.6105478s,S,10>1:50
5.6235692s,S,10>3:52
5.6235692s,S,2>6:50
5.6255524s,S,10>13:52
5.6305704s,S,0>3:50
5.6345712s,D,3>7
5.6345712s,S,3>7:51
5.6375537s,S,10>5:52
5.6425731s,S,10>8:50
5.6425731s,S,0>9:50
5.6535593s,S,0>14:50
5.6535593s,S,14>0:50
5.6575701s,S,2>10:50
5.6615774s,S,3>0:50
5.6615774s,S,3>8:50
5.6635779s,S,0>10:51
5.66756s,S,3>10:50
5.6695611s,S,13>0:50
5.6695611s,S,13>6:50
5.6715617s,S,0>15:52
5.6735619s,S,0>12:50
5.6745618s,S,10>9:50
5.6925679s,S,7>3:52
5.6935681s,S,3>9:50
5.7005702s,S,10>1:50
5.7085694s,D,4>6
5.7085694s,S,3>7:50
5.7085694s,S,4>6:51
5.7115701s,S,2>0:50
5.7205731s,S,0>11:50
5.7405763s,S,5>9:50
5.7405763s,S,5>0:50
5.7455772s,S,10>2:50
5.7545796s,S,3>8:50
5.7545796s,S,13>0:50
5.7545796s,S,13>7:50
5.7545796s,S,13>6:50
5.7565801s,S,0>7:51
5.7565801s,S,0>10:50
5.7565801s,S,10>0:52
5.7635813s,S,3>0:50
5.7635813s,S,3>7:50
5.7805862s,D,6>7
5.7805862s,S,6>7:51
5.7845873s,S,3>9:50
5.7996112s,S,6>4:52
5.8106136s,D,4>7
5.8106136s,S,0>12:50
5.8106136s,S,4>7:51
5.8126138s,S,2>10:50
5.8126138s,S,3>10:50
5.8126138s,S,0>15:50
5.8126138s,S,2>0:50
5.8126138s,S,15>0:50
5.8126138s,S,5>10:50
5.8406175s,S,13>6:50
5.8406175s,S,13>7:50
5.8466189s,S,0>5:50
5.8556033s,S,3>8:50
5.8556033s,S,3>0:50
5.8636052s,S,0>8:51
5.8636052s,S,7>0:52
5.8676066s,S,2>9:50
5.8686071s,S,7>4:52
5.8756074s,D,4>8
5.8756074s,S,4>8:51
5.8766078s,S,5>9:50
5.8866279s,S,3>9:50
5.887628s,S,7>6:52
5.8916291s,S,6>4:51
5.8916291s,S,4>0:50
5.8956326s,S,13>10:50
5.9056348s,S,2>7:50
5.907635s,S,8>4:52
5.9136364s,S,2>10:50
5.9136364s,S,0>10:50
5.9276394s,S,4>9:50
5.92964s,S,13>7:50
5.92964s,S,13>6:50
5.9366382s,S,13>0:50
5.9406393s,S,4>7:50
5.943643s,S,0>11:51
5.943643s,S,8>0:52
5.9456432s,S,3>8:50
5.9496417s,S,5>10:50
5.9536452s,S,0>2:50
5.9546424s,S,4>10:50
5.9596462s,S,7>2:51
5.9656476s,S,2>9:50
5.9706456s,S,0>1:50
5.9756498s,S,2>6:50
5.9776503s,S,3>9:50
5.9816512s,S,4>9:50
5.9816512s,S,4>6:52
5.9856317s,D,8>6
5.9856317s,S,0>14:50
5.9856317s,S,8>6:51
5.9976544s,S,6>8:50
5.9976544s,D,6>8
5.9976544s,C,8>6
5.9976544s,C,6>8
5.9976544s,C,8>6
5.9976544s,C,6>8
5.9976544s,S,6>8:51
6.0016555s,S,4>8:50
6.0056563s,S,3>10:50
6.0116577s,D,8>7
6.0116577s,S,4>10:50
6.0116577s,S,8>7:51
6.013658s,S,6>0:50
6.0196382s,S,13>7:50
6.0266632s,S,7>13:51
6.0266632s,S,2>7:52
6.0346642s,S,4>0:50
6.0346642s,S,11>0:52
6.054666s,S,0>4:50
6.054666s,S,0>2:50
6.0586674s,S,8>3:51
6.0586674s,S,7>8:52
6.066669s,S,0>5:50
6.066669s,S,0>1:50
6.0716679s,S,13>10:50
6.0736682s,S,4>6:50
6.0786688s,S,7>6:51
6.0786688s,S,13>7:52
6.0916538s,S,8>4:51
6.0916538s,S,3>8:52
6.0936544s,D,6>9
6.0936544s,S,6>9:51
6.0946574s,D,8>6
6.0946574s,C,6>8
6.0946574s,C,8>6
6.0946574s,S,8>6:52
6.0946574s,C,8>6
6.0946574s,C,6>8
6.0946574s,C,6>8
6.0946574s,C,8>6
6.0946574s,C,6>8
6.0976555s,S,0>15:50
6.0976555s,S,0>14:51
6.1056574s,S,8>0:50
6.122679s,S,4>8:52
6.1266604s,S,0>3:50
6.1276612s,S,4>9:50
6.1486657s,S,0>7:50
6.1536669s,S,4>10:50
6.1566679s,S,6>13:50
6.1596686s,S,0>4:50
6.1677649s,S,4>6:50
6.1677649s,S,4>7:50
6.1716819s,S,9>6:52
6.1727652s,S,9>3:51
6.1876863s,S,7>6:50
6.1876863s,S,7>3:51
6.1876863s,S,6>7:52
6.1876863s,S,8>10:50
6.1986948s,S,9>8:51
6.1986948s,S,3>9:52
6.2036957s,S,0>5:50
6.2106972s,S,0>14:50
6.2106972s,S,14>0:52
6.2106972s,S,0>6:51
6.2147018s,S,9>5:51
6.2147018s,S,8>9:52
6.224704s,S,4>8:50
6.2307054s,S,8>9:50
6.2307054s,S,9>0:50
6.2327057s,D,11>10
6.2327057s,S,11>10:51
6.2387073s,S,0>1:50
6.2427078s,S,6>2:50
6.2427078s,S,6>13:51
6.2437083s,S,7>8:51
6.2437083s,S,3>7:52
6.246709s,S,8>3:50
6.2477091s,S,6>0:50
6.2537099s,D,1>8
6.2537099s,S,1>8:51
6.2557104s,S,4>0:50
6.2557104s,S,0>8:50
6.2557104s,S,0>7:50
6.2597112s,S,4>7:50
6.2597112s,S,4>6:50
6.273714s,S,10>11:52
6.2797156s,S,10>5:51
6.2797156s,S,8>4:50
6.2847166s,D,11>7
6.2847166s,S,11>7:51
6.2867168s,S,9>6:51
6.2867168s,S,5>9:52
6.2907153s,S,7>4:51
6.2907153s,S,8>7:52
6.2917181s,S,8>1:52
6.2927182s,S,7>8:50
6.2927182s,S,7>0:50
6.2977191s,D,1>9
6.2977191s,S,1>9:51
6.3057208s,S,9>8:50
6.3157227s,S,4>8:50
6.3157227s,S,11>0:50
6.321724s,S,9>2:50
6.3237243s,S,0>15:50
6.3237243s,S,0>10:50
6.3287255s,S,13>6:52
6.3297257s,S,9>1:52
6.3317259s,S,1>0:50
6.3357238s,D,12>6
6.3357238s,S,12>6:51
6.3377244s,S,8>7:50
6.3377244s,S,0>13:50
6.3387245s,S,0>14:50
6.3417255s,S,7>11:52
6.3427256s,D,1>7
6.3427256s,S,1>7:51
6.3447259s,S,6>4:50
6.3467264s,D,6>10
6.3467264s,S,4>7:52
6.3467264s,S,6>10:51
6.3487097s,D,11>8
6.3487097s,S,11>8:51
6.3517306s,S,0>6:50
6.3517306s,S,0>12:51
6.3587321s,S,9>5:50
6.3617325s,S,9>2:51
6.3617325s,S,6>9:52
6.3637328s,S,0>8:50
6.3667334s,S,10>6:51
6.3667334s,S,5>10:52
6.379736s,S,8>11:52
6.3847373s,D,11>9
6.3847373s,S,11>9:51
6.3877379s,S,6>13:50
6.3877379s,S,6>0:52
6.3977398s,S,2>9:52
6.3987403s,S,11>7:50
6.4017409s,S,7>0:50
6.4017409s,S,7>9:50
6.4037409s,S,7>1:52
6.4077417s,S,11>10:50
6.4117428s,S,9>11:52
6.4137431s,S,0>1:50
6.4297467s,D,11>6
6.4297467s,S,9>6:50
6.4297467s,S,1>10:50
6.4297467s,S,1>0:50
6.4297467s,S,11>6:51
6.4367482s,S,6>7:50
6.4367482s,S,6>12:52
6.4367482s,S,6>4:50
6.4377483s,S,11>0:50
6.4387484s,S,6>2:51
6.4387484s,S,9>0:50
6.4437494s,S,0>13:50
6.4447498s,S,7>3:50
6.4467501s,D,12>10
6.4467501s,S,12>10:51
6.4487503s,S,11>10:50
6.451751s,S,12>0:52
6.4547517s,S,11>7:50
6.4547517s,S,11>8:50
6.4597526s,S,10>11:51
6.4597526s,S,10>6:52
6.4597526s,S,6>10:52
6.4647539s,S,0>15:50
6.465754s,S,1>7:50
6.4767563s,S,1>8:50
6.4867582s,S,11>9:50
6.4927596s,S,0>9:50
6.4977605s,S,10>12:52
6.5007612s,S,10>1:51
6.5007612s,S,11>10:52
6.5017613s,S,7>6:50
6.5067623s,S,9>4:50
6.5077624s,S,7>9:50
6.5077624s,S,7>0:50
6.509763s,S,0>5:50
6.509763s,S,11>7:50
6.5117632s,D,12>7
6.5117632s,S,12>7:51
6.5137638s,S,1>9:50
6.5147639s,S,9>8:50
6.5237657s,S,6>11:52
6.5257662s,S,1>10:50
6.5277665s,S,1>0:50
6.5297671s,S,11>0:50
6.5297671s,S,9>2:50
6.5307672s,S,0>3:50
6.5307672s,S,0>13:51
6.5317673s,S,9>7:50
6.5407694s,S,11>10:50
6.5407694s,S,6>2:50
6.5407694s,S,10>8:50
6.5407694s,S,2>6:52
6.5417695s,S,6>7:50
6.5467705s,S,10>13:51
6.5477706s,S,12>10:50
6.548771s,S,7>3:50
6.5497711s,S,10>4:50
6.5507713s,D,14>8
6.5507713s,S,14>8:51
6.553772s,S,12>0:50
6.553772s,S,0>10:50
6.5647743s,S,9>5:50
6.5657744s,S,11>8:50
6.5687748s,S,0>11:50
6.5717755s,S,10>9:50
6.5717755s,S,1>8:50
6.5717755s,S,1>10:52
6.5737757s,S,9>10:50
6.577759s,S,7>12:52
6.5817777s,S,11>7:50
6.58376s,S,10>2:51
6.58376s,S,13>10:52
6.5857756s,D,12>8
6.5857756s,S,12>8:51
6.5907768s,S,10>8:50
6.5987787s,S,11>9:50
6.6007614s,S,12>7:50
6.6007614s,S,10>1:50
6.6017615s,S,9>3:50
6.6017615s,S,8>14:52
6.6087624s,S,7>8:50
6.6087624s,S,7>6:50
6.6097632s,S,1>9:50
6.6147656s,S,7>9:50
6.6177663s,D,2>8
6.6177663s,S,0>15:51
6.6177663s,S,0>13:50
6.6177663s,S,13>0:52
6.6177663s,S,2>8:51
6.6207681s,S,11>10:50
6.6207681s,S,11>0:50
6.6247678s,S,1>10:50
6.6247678s,S,0>6:50
6.6247678s,D,14>6
6.6247678s,S,10>9:50
6.6247678s,S,14>6:51
6.6267686s,S,8>12:52
6.631769s,D,13>8
6.631769s,S,13>8:51
6.6347685s,D,12>9
6.6347685s,S,12>9:51
6.6357689s,S,10>3:51
6.6357689s,S,10>2:50
6.6357689s,S,2>10:52
6.6367693s,S,9>1:50
6.63977s,S,11>8:50
6.6417703s,S,1>7:50
6.6427719s,S,6>4:50
6.6457714s,S,0>14:50
6.6467718s,S,0>1:50
6.6487712s,S,6>12:50
6.6487712s,S,6>7:50
6.6507723s,S,10>1:50
6.6527729s,D,5>8
6.6527729s,S,14>0:50
6.6527729s,S,5>8:51
6.6557736s,S,12>6:50
6.6557736s,S,7>10:50
6.6557736s,S,12>0:50
6.656774s,S,7>3:50
6.656774s,S,8>13:52
6.6577741s,S,8>2:52
6.6607742s,D,13>9
6.6607742s,S,0>12:50
6.6607742s,S,13>9:51
6.667776s,S,9>11:50
6.6697766s,S,11>9:50
6.6697766s,S,9>12:52
6.672777s,S,1>8:50
6.6767781s,S,3>10:52
6.6807798s,S,9>13:52
6.6817802s,S,13>10:50
6.6857798s,S,10>5:50
6.6857798s,S,10>2:50
6.6887805s,D,15>8
6.6887805s,S,15>8:51
6.6937809s,S,9>4:50
6.6947819s,S,11>6:50
6.6977826s,S,2>0:50
6.7037837s,S,0>2:50
6.7037837s,S,0>3:50
6.7037837s,S,13>0:50
6.7087846s,S,1>9:50
6.7107854s,D,3>6
6.7107854s,S,3>6:51
6.7117856s,S,7>4:50
6.7117856s,S,11>0:50
6.7117856s,S,7>2:50
6.7117856s,S,11>10:50
6.7147863s,S,7>8:50
6.7187871s,S,9>7:50
6.7187871s,S,13>8:50
6.72979s,S,8>5:52
6.7347915s,S,6>14:52
6.7397933s,S,10>2:50
6.7417927s,S,0>5:50
6.7447928s,S,13>9:50
6.7497946s,D,14>7
6.7497946s,S,14>7:51
6.7497946s,S,6>9:50
6.7537955s,S,11>7:50
6.7547962s,S,6>7:50
6.7557972s,S,12>6:50
6.7557972s,S,12>10:50
6.757796s,S,0>15:50
6.757796s,S,15>0:52
6.757796s,D,5>6
6.757796s,S,12>0:50
6.757796s,S,5>6:51
6.7587967s,S,9>10:50
6.7627981s,S,7>10:50
6.7627981s,S,0>10:50
6.7637985s,S,14>8:50
6.7657976s,S,0>9:50
6.7697984s,S,8>15:52
6.7717996s,S,10>3:50
6.7717996s,S,10>5:50
6.7798003s,S,7>13:50
6.7858026s,S,9>3:50
6.7888024s,S,13>6:50
6.7888024s,S,13>0:50
6.7958039s,S,0>6:50
6.7978047s,D,15>6
6.7978047s,S,15>6:51
6.799805s,S,2>10:50
6.8018055s,S,6>3:52
6.8058067s,S,0>4:50
6.8058067s,S,12>7:50
6.8068068s,S,5>0:50
6.8098078s,D,3>11
6.8098078s,S,3>11:51
6.8108085s,S,11>8:50
6.8108085s,S,9>6:50
6.8128079s,S,10>11:50
6.8158097s,S,14>6:50
6.8188101s,S,7>2:50
6.8188101s,S,7>10:50
6.8258122s,S,6>10:50
6.8258122s,S,6>9:50
6.8258122s,S,7>14:52
6.8298151s,S,7>4:50
6.8418181s,S,0>11:50
6.8428188s,S,11>9:50
6.8458178s,S,14>0:50
6.8508386s,S,2>9:50
6.8538179s,S,0>1:50
6.8538179s,S,11>3:52
6.8548183s,S,10>4:50
6.8578199s,S,12>10:50
6.8578199s,S,10>5:50
6.8578199s,S,12>6:50
6.8578199s,S,10>3:50
6.8598208s,S,12>0:50
6.8688424s,S,11>6:50
6.874823s,S,13>7:50
6.874823s,S,13>6:50
6.879824s,S,0>14:50
6.8848457s,S,7>13:50
6.8848457s,S,7>2:50
6.8878464s,S,2>7:50
6.8878464s,S,7>11:50
6.8938278s,S,3>7:50
6.8948294s,S,6>5:52
6.8968285s,S,10>8:50
6.8968285s,S,3>0:50
6.8978292s,S,0>7:50
6.898849s,S,0>2:50
6.898849s,S,15>0:50
6.898849s,S,0>10:50
6.8998491s,S,10>11:50
6.9018494s,S,6>11:50
6.9018494s,S,6>9:50
6.9128315s,S,12>7:50
6.9148526s,D,5>7
6.9148526s,D,4>13
6.9148526s,S,4>13:51
6.9148526s,S,5>7:51
6.9168528s,S,6>0:50
6.9278367s,S,14>6:50
6.9278367s,S,13>10:50
6.9298352s,S,10>9:50
6.9348537s,S,0>12:50
6.9378544s,S,7>4:50
6.9378544s,S,0>9:50
6.9388545s,S,6>15:52
6.9428378s,S,10>3:50
6.9428378s,S,10>4:50
6.9458396s,S,5>9:50
6.9518606s,S,3>6:50
6.9518606s,S,0>5:50
6.9538401s,S,2>6:50
6.9538401s,S,7>13:50
6.9538401s,S,13>4:52
6.9568589s,S,10>1:50
6.9578591s,S,14>8:50
6.9578591s,S,12>6:50
6.9578591s,S,12>10:50
6.9608428s,D,15>7
6.9608428s,S,15>7:51
6.9628427s,S,13>7:50
6.9658636s,S,13>8:50
6.9798461s,S,12>8:50
6.9858651s,S,10>12:50
6.9868473s,S,10>11:50
6.9878683s,S,3>8:50
6.9908481s,S,0>1:50
6.9908481s,S,4>8:50
6.9928484s,S,0>15:50
6.9938491s,S,13>9:50
6.994851s,S,7>11:50
7.0008714s,S,0>4:50
7.004872s,S,0>8:50
7.0128739s,S,0>11:50
7.0128739s,S,12>7:50
7.0168744s,S,7>5:52
7.0178748s,S,5>10:50
7.0208544s,S,3>9:50
7.0238557s,S,12>9:50
7.0258554s,S,4>13:50
7.0308777s,S,5>8:50
7.0378792s,S,0>10:50
7.0388793s,S,14>6:50
7.0388793s,S,14>7:50
7.0408767s,S,10>7:50
7.0408767s,S,15>8:50
7.0408767s,S,10>12:50
7.0438603s,S,3>11:50
7.0478814s,S,3>10:50
7.0548826s,S,2>8:50
7.0588808s,S,6>0:50
7.0588808s,S,6>13:50
7.060864s,S,12>0:50
7.0628845s,S,4>0:50
7.0628845s,S,12>6:50
7.0708832s,S,7>15:52
7.0808854s,S,15>0:50
7.0818858s,S,12>8:50
7.0848862s,S,3>0:50
7.0878869s,S,0>12:50
7.0898872s,S,0>14:50
7.0898872s,S,0>5:50
7.0898872s,S,3>7:50
7.0928706s,S,10>0:50
7.0928706s,S,10>12:50
7.093871s,S,0>7:50
7.0978715s,S,10>13:50
7.1088741s,S,5>6:50
7.1088741s,S,5>8:50
7.1168749s,S,14>0:50
7.1198758s,S,5>0:50
7.1238767s,S,12>9:50
7.1238767s,S,15>6:50
7.1298777s,S,0>1:50
7.1328787s,S,10>6:50
7.134879s,S,0>2:50
7.1388795s,D,8>6
7.1388795s,S,8>6:51
7.1468814s,S,3>6:50
7.1468814s,S,6>2:50
7.1528825s,S,14>7:50
7.1538829s,S,4>9:50
7.1668861s,S,12>10:50
7.1778884s,S,3>8:50
7.1788891s,S,4>10:50
7.1848899s,S,10>7:50
7.1848899s,S,10>0:50
7.1888907s,S,0>3:50
7.1888907s,S,0>12:50
7.2008938s,S,0>8:50
7.2008938s,S,0>15:50
7.2088963s,S,3>9:50
7.2188979s,S,12>7:50
7.2198992s,S,4>6:50
7.2208993s,S,8>11:51
7.2208993s,S,6>8:52
7.2228999s,S,15>8:50
7.2259017s,S,0>5:50
7.2259017s,S,0>14:50
7.2289004s,S,14>8:50
7.2359206s,S,0>4:50
7.2359206s,S,3>10:50
7.2379241s,S,3>11:50
7.241922s,S,10>13:50
7.2439052s,S,5>6:50
7.2439052s,S,5>7:50
7.2489264s,S,6>2:50
7.2519271s,S,8>14:51
7.2519271s,S,11>8:52
7.2569075s,S,5>9:50
7.26493s,S,15>6:50
7.2759115s,S,10>7:50
7.2759115s,S,10>0:50
7.2799129s,S,10>6:50
7.2809335s,S,0>6:50
7.2809335s,S,0>13:50
7.2849344s,S,12>8:50
7.2869147s,S,8>9:50
7.2929152s,S,0>10:50
7.3039175s,S,8>3:50
7.3049384s,S,8>11:50
7.3079183s,S,8>12:51
7.3079183s,S,14>8:52
7.310921s,S,4>7:50
7.3279244s,S,0>7:50
7.3279244s,S,12>9:50
7.329944s,S,5>10:50
7.3319443s,S,10>13:50
7.3369253s,S,8>2:50
7.3379457s,S,8>6:50
7.3439271s,S,0>2:50
7.3439271s,S,0>15:50
7.3469474s,S,5>0:50
7.3469474s,S,7>1:51
7.3509483s,S,6>4:50
7.3509483s,S,8>1:51
7.3509483s,S,12>8:52
7.3619306s,S,8>14:50
7.3639514s,S,0>14:50
7.3659517s,S,0>3:50
7.3719531s,S,10>6:50
7.3779348s,S,8>0:50
7.3869357s,S,0>1:50
7.3879566s,S,8>13:51
7.3879566s,S,1>8:52
7.3959383s,S,8>4:50
7.3979588s,S,9>11:51
7.4099428s,S,15>7:50
7.4099428s,S,15>6:50
7.4119425s,S,7>14:51
7.4119425s,S,1>7:52
7.4149625s,S,5>8:50
7.4149625s,S,8>12:50
7.4169627s,S,8>2:51
7.4169627s,S,13>8:52
7.4179632s,D,1>14
7.4179632s,S,1>14:51
7.421964s,S,0>9:50
7.4249436s,S,9>12:51
7.4249436s,S,11>9:52
7.4299463s,S,8>4:50
7.4299463s,S,8>1:50
7.4349666s,S,0>8:50
7.4429477s,S,6>12:50
7.4469494s,S,0>4:50
7.4529499s,S,9>4:50
7.4579511s,S,0>6:50
7.4589512s,S,8>13:50
7.4599514s,S,8>10:50
7.4599514s,S,8>5:51
7.4599514s,S,2>8:52
7.4629538s,S,8>4:50
7.4639537s,S,9>13:51
7.4639537s,S,12>9:52
7.4659736s,S,8>11:50
7.4659736s,S,8>1:50
7.4799766s,S,9>7:50
7.4829772s,S,0>5:50
7.4839774s,S,14>1:52
7.4849775s,S,5>9:50
7.4869578s,S,0>15:50
7.4869578s,S,0>13:50
7.4869578s,S,13>9:52
7.4869578s,S,9>1:51
7.4889783s,S,7>5:51
7.4889783s,S,14>7:52
7.4919582s,S,5>6:50
7.4929583s,S,8>7:50
7.4939596s,D,1>11
7.4939596s,S,1>11:51
7.4989805s,S,8>6:50
7.4999809s,S,0>11:50
7.5039606s,S,8>1:50
7.5039606s,S,8>2:50
7.5079617s,S,9>0:50
7.5179847s,S,15>0:50
7.5179847s,S,1>9:52
7.5219856s,S,9>10:50
7.5219856s,S,9>7:50
7.5309882s,D,11>13
7.5309882s,S,11>13:51
7.5379859s,S,0>7:50
7.5379859s,S,8>15:51
7.5379859s,S,8>5:50
7.5379859s,S,5>8:52
7.5409687s,S,8>11:50
7.5409687s,S,8>14:50
7.5409687s,S,11>1:52
7.5419694s,S,6>3:51
7.5469909s,S,6>10:50
7.5469909s,S,8>9:50
7.5489914s,S,9>3:50
7.5519918s,D,1>12
7.5519918s,S,15>7:50
7.5519918s,S,1>12:51
7.5539716s,S,1>9:50
7.5569723s,S,5>10:50
7.5629736s,S,8>3:50
7.5639946s,S,9>10:50
7.5659951s,S,7>10:50
7.5699748s,S,11>3:51
7.5699748s,S,13>11:52
7.5719962s,S,0>2:50
7.5719962s,S,0>13:50
7.5779806s,S,9>6:50
7.5809983s,S,8>9:50
7.5809983s,S,8>6:50
7.5859781s,S,9>8:50
7.5859781s,S,1>7:50
7.58898s,S,1>11:50
7.5899804s,S,9>3:50
7.5919979s,S,0>10:50
7.5919979s,S,7>11:51
7.5919979s,S,5>7:52
7.5939985s,S,8>12:50
7.5959988s,S,8>7:50
7.5969992s,S,8>3:50
7.5999999s,S,0>9:50
7.601s,S,9>2:50
7.6099842s,S,12>1:52
7.6129843s,S,11>3:50
7.6129843s,S,11>1:51
7.6129843s,S,3>11:52
7.6189865s,D,1>13
7.6189865s,S,1>13:51
7.6209862s,S,0>14:50
7.6219863s,S,8>15:50
7.6219863s,S,15>8:52
7.6240056s,S,7>4:50
7.6280062s,S,8>2:50
7.6340075s,S,6>5:51
7.6340075s,S,3>6:52
7.6350077s,S,8>13:50
7.6370079s,S,1>12:50
7.6370079s,S,9>5:50
7.6390088s,S,6>13:50
7.64401s,S,8>0:50
7.6450101s,S,0>8:50
7.6470104s,S,1>14:50
7.649011s,S,7>12:51
7.649011s,S,11>7:52
7.6540119s,S,9>1:50
7.6540119s,S,9>6:50
7.658013s,S,0>3:50
7.6590131s,S,13>1:52
7.6590131s,S,11>1:50
7.6590131s,S,1>11:52
7.6620138s,S,8>9:50
7.6620138s,S,8>5:50
7.6660146s,S,1>8:50
7.6670151s,D,2>13
7.6670151s,S,2>13:51
7.6700155s,D,11>12
7.6700155s,S,11>12:51
7.6740166s,S,0>4:50
7.6770173s,S,8>3:50
7.6770173s,S,10>12:51
7.6770173s,S,0>11:50
7.6780174s,D,1>6
7.6780174s,S,1>6:51
7.6800179s,D,12>13
7.6800179s,S,7>5:50
7.6800179s,S,12>13:51
7.6840188s,S,9>11:50
7.6940045s,S,1>0:50
7.6960042s,S,5>7:50
7.701006s,S,13>1:51
7.7030075s,S,8>4:50
7.7030075s,S,15>8:50
7.7060076s,S,7>10:50
7.7060076s,S,11>13:50
7.7090077s,S,8>2:50
7.710009s,S,9>12:50
7.7110097s,S,9>13:50
7.7150079s,S,7>15:51
7.7150079s,S,1>11:50
7.7150079s,S,13>2:52
7.7150079s,S,1>14:50
7.7150079s,S,12>7:52
7.7220097s,S,12>11:52
7.7250109s,D,2>11
7.7250109s,S,2>11:51
7.7260114s,S,8>10:50
7.7260114s,S,8>0:50
7.7270115s,S,13>12:52
7.7290106s,S,12>10:52
7.730011s,S,0>13:50
7.7320115s,S,0>15:50
7.7320115s,S,9>1:50
7.7320115s,S,9>0:50
7.7330117s,S,8>1:50
7.7390122s,S,8>15:50
7.7410127s,D,10>14
7.7410127s,S,10>14:51
7.7420137s,S,1>13:52
7.7430139s,S,11>10:50
7.7460143s,S,9>13:50
7.7510149s,S,0>6:50
7.7580161s,S,8>13:50
7.7580161s,S,0>12:51
7.760017s,S,2>13:50
7.760017s,S,1>12:50
7.7620175s,S,7>4:50
7.7640178s,S,9>11:50
7.7660186s,S,0>7:50
7.7660186s,S,9>4:50
7.7690187s,S,8>11:50
7.7720194s,S,11>12:50
7.7720194s,S,12>11:51
7.7730204s,S,13>12:51
7.7730204s,S,6>8:51
7.7730204s,S,5>6:52
7.7730204s,S,12>8:50
7.7760214s,S,11>2:52
7.7770221s,S,6>1:52
7.7790221s,S,10>1:50
7.7820228s,S,7>9:50
7.7850446s,S,11>7:50
7.7850446s,S,8>5:50
7.7890454s,S,1>0:50
7.7890454s,S,1>10:50
7.7910456s,D,2>14
7.7910456s,S,2>14:51
7.7930462s,S,9>7:50
7.7930462s,S,9>13:50
7.7960469s,D,1>15
7.7960469s,S,1>15:51
7.802028s,S,8>6:50
7.802028s,S,14>10:52
7.8070495s,S,8>10:50
7.8070495s,S,2>11:50
7.8070495s,S,8>0:50
7.8090498s,S,9>8:50
7.816051s,S,12>9:50
7.816051s,S,9>4:50
7.816051s,S,1>12:50
7.8180515s,S,7>5:50
7.8200518s,S,13>2:51
7.8200518s,D,10>15
7.8200518s,S,12>13:52
7.8200518s,S,10>15:51
7.8220523s,S,8>4:50
7.8220523s,S,15>7:52
7.8250501s,S,7>3:50
7.8250501s,S,11>12:52
7.8250501s,S,11>0:50
7.8250501s,S,7>9:50
7.8260505s,S,9>2:50
7.8260505s,S,14>2:51
7.8260505s,S,10>5:50
7.8300334s,S,2>9:50
7.8370349s,S,9>10:50
7.8370349s,S,1>8:50
7.839056s,D,12>14
7.839056s,S,12>14:51
7.8410536s,S,11>9:50
7.8410536s,S,8>7:50
7.8450366s,S,9>8:50
7.8530391s,S,12>11:50
7.8560395s,S,8>1:50
7.8560395s,S,6>12:51
7.8620423s,D,3>13
7.8620423s,S,0>12:50
7.8620423s,S,2>0:50
7.8620423s,S,0>13:51
7.8620423s,S,12>0:52
7.8620423s,S,3>13:51
7.8630442s,S,9>2:50
7.8630442s,S,9>5:50
7.8650618s,S,9>3:50
7.8650618s,S,8>15:50
7.8660619s,S,2>6:50
7.8660619s,S,10>9:50
7.8680625s,S,2>13:52
7.8680625s,S,13>3:50
7.8740454s,S,0>2:50
7.8740454s,S,0>8:50
7.8740454s,S,1>13:50
7.8750455s,D,2>12
7.8750455s,S,1>9:50
7.8750455s,S,2>12:51
7.8770472s,S,12>10:50
7.8810653s,D,13>14
7.8810653s,S,13>14:51
7.8830656s,S,7>3:50
7.8830656s,S,7>6:50
7.8830656s,S,8>6:52
7.8830656s,S,8>9:50
7.8850661s,S,1>10:50
7.8850661s,S,1>0:50
7.8880668s,S,8>14:50
7.8920468s,S,9>6:50
7.8920468s,S,8>0:50
7.8920468s,S,8>10:50
7.8930473s,S,15>1:52
7.8950496s,S,0>9:50
7.8960497s,S,10>2:50
7.8960497s,S,8>11:50
7.8990691s,S,14>1:51
7.8990691s,S,14>2:52
7.8990691s,S,2>14:52
7.9010697s,S,8>3:50
7.9050705s,S,13>7:50
7.9050705s,S,13>3:52
7.9080504s,S,1>7:50
7.9110531s,S,15>10:52
7.9130516s,S,12>1:51
7.9130516s,S,14>12:52
7.9140726s,D,3>14
7.9140726s,S,10>4:50
7.9140726s,S,3>14:51
7.917073s,S,11>8:50
7.917073s,S,11>0:50
7.9220739s,S,7>9:50
7.9270552s,S,8>7:50
7.9290569s,S,7>2:50
7.9330765s,S,1>9:50
7.9350771s,S,8>2:50
7.9370565s,S,9>12:50
7.9370565s,S,9>5:50
7.9370565s,S,12>2:52
7.9390779s,S,13>4:51
7.9390779s,S,14>13:52
7.9430579s,S,8>12:50
7.9430579s,S,3>0:50
7.9480799s,S,10>3:50
7.9480799s,S,0>15:51
7.9480799s,S,13>0:52
7.9480799s,S,8>14:50
7.9510803s,S,11>6:50
7.9570794s,S,6>11:51
7.9570794s,S,12>6:52
7.9570794s,S,10>9:50
7.9590799s,S,13>10:50
7.9640832s,S,8>6:50
7.9640832s,S,6>10:50
7.9640832s,S,0>8:50
7.9640832s,S,12>0:50
7.9640832s,S,0>12:50
7.9640832s,S,2>10:50
7.9660835s,S,7>3:50
7.9660835s,S,1>14:52
7.968084s,D,4>14
7.968084s,S,2>8:50
7.968084s,S,4>14:51
7.9700655s,S,9>1:50
7.9700655s,S,1>7:50
7.9720848s,S,12>1:50
7.9720848s,S,0>11:50
7.9720848s,S,1>12:52
7.9720848s,S,2>9:50
7.9740649s,S,8>10:50
7.9770661s,S,14>3:52
7.9770661s,S,4>13:52
7.9770661s,S,13>11:51
7.9780675s,S,0>4:50
7.9780675s,S,8>0:50
7.9820873s,S,1>10:50
7.9820873s,S,1>0:50
7.9840876s,S,12>9:50
7.9860849s,S,8>13:50
7.9860849s,S,10>2:50
7.9880884s,D,3>12
7.9880884s,S,3>12:51
7.9920687s,S,7>8:50
7.9920687s,S,10>11:50
7.9920687s,S,7>6:50
7.99507s,S,7>13:50
7.9960704s,S,13>1:50
7.9990907s,S,2>13:50
7.9990907s,S,14>13:51
8.0020914s,S,8>12:50
8.0020914s,S,8>14:50
8.0020914s,S,10>0:50
8.0040717s,S,9>11:50
8.0070897s,S,8>7:50
8.0080898s,S,11>8:50
8.0110747s,S,9>12:50
8.0110747s,S,2>6:50
8.0140941s,S,8>5:50
8.0140941s,S,11>13:52
8.0170948s,S,2>9:50
8.0220958s,S,12>11:50
8.0290782s,S,1>8:50
8.0300804s,S,12>13:50
8.0310978s,D,13>15
8.0310978s,S,13>15:51
8.0330981s,S,1>11:50
8.0330981s,S,14>4:52
8.0340985s,D,5>11
8.0340985s,S,10>12:50
8.0340985s,S,0>10:50
8.0340985s,S,5>11:51
8.0360794s,S,1>14:50
8.0360794s,S,3>8:50
8.0380993s,S,7>1:50
8.0380993s,S,10>3:50
8.0390998s,S,13>2:50
8.0390998s,S,13>1:50
8.0410789s,S,3>0:50
8.0420796s,S,12>3:52
8.0440802s,D,4>12
8.0440802s,S,11>3:50
8.0440802s,S,11>6:50
8.0440802s,S,4>12:51
8.0481015s,S,2>14:50
8.0481015s,S,2>13:50
8.0481015s,S,0>13:50
8.0481015s,S,9>0:50
8.0481015s,S,7>11:50
8.0501021s,S,6>14:51
8.0540827s,S,13>0:50
8.055103s,S,2>7:50
8.055103s,S,8>12:50
8.055103s,S,8>14:50
8.0571006s,S,14>10:51
8.0571006s,S,13>14:52
8.0571006s,S,6>13:50
8.0591012s,S,8>10:50
8.0671055s,S,0>3:50
8.0671055s,S,12>6:50
8.0671055s,S,0>12:50
8.0690867s,S,3>7:50
8.0711036s,S,0>7:50
8.0751045s,S,12>0:50
8.078089s,S,12>14:50
8.0800946s,S,1>10:50
8.0800946s,S,1>0:50
8.0811058s,S,1>8:50
8.0821063s,S,10>11:50
8.0861071s,S,10>14:50
8.0861071s,S,11>1:50
8.0881073s,S,13>4:50
8.0881073s,S,13>2:50
8.0891078s,D,15>11
8.0891078s,S,15>11:51
8.0911083s,S,8>7:50
8.0911083s,S,8>15:50
8.0911083s,S,15>0:52
8.0951094s,S,4>9:50
8.0951094s,S,12>4:52
8.0971097s,S,7>8:50
8.0971097s,S,10>7:50
8.0971097s,S,8>13:50
8.0971097s,S,7>6:50
8.1031111s,D,4>11
8.1031111s,S,7>14:50
8.1031111s,S,4>11:51
8.1051116s,S,7>0:50
8.1071119s,S,8>12:50
8.1140987s,S,2>8:50
8.1140987s,S,14>8:50
8.1171s,S,1>14:50
8.1171s,S,15>13:52
8.1201001s,S,14>12:51
8.1221009s,S,2>6:50
8.1221009s,S,2>9:50
8.1221009s,S,2>14:50
8.1221009s,S,4>6:50
8.1231014s,S,11>5:52
8.1241015s,S,13>11:50
8.1241015s,S,8>5:50
8.1241015s,S,10>12:50
8.1261009s,S,3>11:50
8.1261009s,S,0>1:50
8.1261009s,S,1>9:50
8.1321014s,S,11>13:50
8.1341025s,S,0>2:50
8.1341025s,S,3>8:50
8.1341025s,S,3>0:50
8.136101s,S,13>3:50
8.136101s,S,11>6:52
8.1401018s,S,13>6:50
8.1421021s,D,5>12
8.1421021s,S,5>12:51
8.1431028s,S,6>13:50
8.1431028s,S,6>2:50
8.1451036s,S,7>1:50
8.1471019s,S,4>12:50
8.1471019s,S,11>4:52
8.1481029s,S,10>8:50
8.1481029s,S,10>14:52
8.149103s,S,8>13:50
8.1501031s,S,12>2:50
8.1551038s,S,2>13:50
8.1551038s,S,10>13:50
8.1591046s,S,0>6:50
8.160105s,S,1>7:50
8.162105s,S,6>15:51
8.162105s,S,14>6:52
8.162105s,S,13>12:50
8.1651063s,D,4>15
8.1651063s,S,14>7:50
8.1651063s,S,4>15:51
8.1671065s,S,11>2:50
8.1681072s,S,3>7:50
8.1681072s,S,3>13:50
8.1701075s,S,12>7:50
8.1711079s,S,13>14:50
8.1761089s,S,12>6:50
8.1781088s,S,0>8:50
8.1781088s,S,1>0:50
8.1781088s,S,1>10:50
8.1791096s,S,7>2:50
8.1811095s,S,15>10:51
8.1811095s,S,10>7:50
8.1811095s,S,11>15:52
8.1841117s,S,1>12:50
8.188111s,S,4>10:50
8.1901116s,S,12>14:52
8.1911126s,S,10>6:50
8.1931123s,S,2>0:50
8.2001358s,S,2>14:50
8.2001358s,S,8>5:50
8.2001358s,S,8>15:50
8.2021363s,D,14>11
8.2021363s,S,14>11:51
8.2051367s,S,7>8:50
8.2051367s,S,3>9:50
8.2051367s,S,13>3:50
8.2071373s,S,7>14:50
8.2081374s,S,13>0:50
8.2081374s,S,5>11:50
8.2091375s,S,10>14:50
8.2101379s,S,12>0:50
8.2121382s,S,7>12:50
8.2151389s,S,4>8:50
8.2181396s,S,11>10:50
8.22114s,S,1>11:50
8.2221401s,S,2>8:50
8.2221401s,S,2>6:50
8.2241407s,S,0>5:50
8.2241407s,S,3>11:50
8.2251408s,S,3>8:50
8.2251408s,S,13>4:50
8.2251408s,S,1>9:50
8.2261412s,S,13>7:50
8.2271413s,S,6>3:50
8.2291416s,S,4>7:50
8.2291416s,S,4>10:50
8.2301417s,S,3>10:50
8.2371432s,S,0>4:50
8.2371432s,S,12>10:50
8.2371432s,S,10>13:50
8.2391438s,S,12>5:52
8.241144s,S,13>15:50
8.241144s,S,1>13:50
8.2421442s,S,14>1:50
8.2421442s,S,14>7:50
8.2441447s,S,6>9:50
8.2441447s,S,6>2:50
8.2451449s,S,4>0:50
8.2461453s,S,7>13:50
8.2511462s,S,7>1:50
8.2561469s,S,1>7:50
8.2561469s,S,15>4:52
8.2561469s,S,3>7:50
8.2581474s,S,11>7:50
8.2581474s,S,0>13:50
8.260148s,D,5>14
8.260148s,S,13>11:50
8.260148s,S,14>12:50
8.260148s,S,5>14:51
8.2621483s,S,11>14:52
8.2661491s,S,3>13:50
8.2671492s,S,1>15:50
8.2701499s,S,3>6:50
8.2701499s,S,10>8:50
8.2721504s,S,10>15:52
8.2721504s,S,15>8:50
8.2751511s,S,1>10:50
8.2771514s,S,7>15:50
8.2781515s,S,13>10:50
8.2781515s,S,12>7:50
8.2801521s,S,8>4:50
8.2801521s,S,8>15:50
8.2821523s,S,10>6:50
8.2821523s,S,10>4:50
8.2821523s,S,7>2:50
8.2841529s,D,14>15
8.2841529s,S,1>6:50
8.2841529s,S,14>15:51
8.2871536s,S,4>13:50
8.2871536s,S,4>7:50
8.2881537s,S,12>1:50
8.2941328s,S,5>12:50
8.2941328s,S,13>6:50
8.2941328s,S,2>0:50
8.2941328s,S,2>10:50
8.295135s,D,15>14
8.295135s,C,15>14
8.295135s,C,14>15
8.295135s,C,14>15
8.295135s,C,15>14
8.295135s,S,15>14:51
8.295135s,C,15>14
8.295135s,C,15>14
8.295135s,C,14>15
8.295135s,C,14>15
8.2971555s,S,7>11:50
8.2971555s,S,13>12:50
8.3001562s,S,0>9:50
8.3011563s,S,10>7:50
8.3031568s,S,3>9:50
8.3031568s,S,6>15:50
8.3031568s,S,15>6:52
8.3111585s,S,3>11:50
8.3111585s,S,12>6:50
8.3121586s,S,7>14:50
8.3131587s,S,8>1:50
8.3141589s,S,11>9:50
8.3151593s,S,13>8:50
8.3161594s,S,1>11:50
8.3181597s,S,6>5:50
8.3201602s,S,14>1:50
8.3211604s,S,1>9:50
8.3221605s,S,2>8:50
8.3221605s,S,6>11:50
8.3241608s,S,4>14:50
8.3241608s,S,10>1:50
8.3241608s,S,14>8:50
8.3301595s,S,3>10:50
8.3301595s,S,0>7:50
8.3311596s,S,14>11:50
8.3311596s,S,14>12:50
8.3351607s,S,5>9:50
8.337161s,D,15>12
8.337161s,S,15>12:51
8.3421449s,S,13>9:50
8.3421449s,S,13>8:50
8.3441654s,S,13>3:50
8.3441654s,S,4>7:50
8.3441654s,S,12>8:50
8.3441654s,S,6>10:50
8.3441654s,S,4>13:50
8.3441654s,S,12>13:50
8.3461657s,S,2>7:50
8.3481662s,S,7>13:50
8.3481662s,S,4>10:50
8.3511669s,S,8>11:50
8.3521671s,S,15>1:50
8.3531672s,S,1>7:50
8.3541676s,S,3>13:50
8.3551677s,S,7>0:50
8.3581684s,S,10>13:50
8.3591686s,S,0>5:50
8.3591686s,S,0>14:50
8.3621692s,S,13>4:50
8.3621692s,S,3>14:50
8.3641695s,S,2>11:50
8.3641695s,S,15>13:50
8.3651696s,S,1>8:50
8.3671702s,S,13>9:50
8.3671702s,S,14>5:52
8.3701706s,S,3>6:50
8.371171s,S,10>5:50
8.3721711s,S,10>0:50
8.376172s,S,0>11:50
8.3771721s,S,14>7:50
8.3791726s,S,13>15:50
8.382173s,S,13>8:50
8.382173s,S,8>6:50
8.3831735s,D,5>13
8.3831735s,S,5>13:51
8.3851737s,S,7>10:50
8.3851737s,S,4>14:50
8.3851737s,S,4>12:50
8.3851737s,S,12>2:50
8.387174s,S,13>7:50
8.3891745s,S,7>2:50
8.3891745s,S,3>9:50
8.3891745s,S,5>0:50
8.3941755s,S,14>8:50
8.3941755s,S,10>6:50
8.3941755s,S,2>10:50
8.3981763s,S,7>11:50
8.3991764s,S,4>13:50
8.3991764s,S,13>11:50
8.3991764s,S,4>7:50
8.401177s,S,1>14:50
8.4021771s,S,14>0:50
8.4021771s,S,14>12:50
8.4071784s,S,5>10:50
8.4071784s,S,13>9:50
8.4111789s,S,12>7:50
8.4131794s,S,1>11:50
8.4141796s,S,3>10:50
8.4151797s,S,2>11:50
8.4151797s,S,2>12:50
8.4341836s,S,6>8:50
8.4351838s,S,13>12:50
8.4371843s,S,13>10:50
8.4371843s,S,4>0:50
8.4371843s,S,12>15:52
8.4411848s,S,7>4:50
8.4431854s,S,6>15:50
8.4431854s,S,6>11:50
8.4441855s,S,2>7:50
8.445186s,S,4>11:50
8.445186s,S,12>10:50
8.445186s,S,4>14:50
8.4491865s,S,15>1:51
8.4501869s,S,15>4:50
8.4501869s,S,15>13:50
8.4521872s,S,14>1:50
8.4521872s,S,14>7:50
8.4541877s,S,7>13:50
8.4541877s,S,4>13:50
8.4551879s,S,6>4:50
8.4571881s,S,10>15:50
8.4591887s,S,1>15:50
8.4601888s,S,7>12:50
8.4601888s,S,7>0:50
8.4621894s,S,3>14:50
8.4621894s,S,3>6:50
8.4621894s,S,8>9:50
8.4631895s,S,10>1:50
8.4631895s,S,13>5:52
8.4641896s,S,13>8:50
8.4661902s,S,0>11:50
8.4681904s,S,1>12:50
8.4701907s,S,0>15:50
8.4721912s,S,13>1:50
8.4721912s,S,14>11:50
8.4721912s,S,5>9:50
8.4751919s,S,2>0:50
8.4761921s,S,12>8:50
8.4771922s,S,8>3:50
8.4801929s,S,13>0:50
8.4841937s,S,10>0:50
8.4911949s,S,13>9:50
8.4911949s,D,5>15
8.4911949s,S,5>15:51
8.4931955s,S,5>8:50
8.495196s,S,12>1:50
8.495196s,S,0>14:50
8.4971963s,S,7>5:50
8.5041978s,S,7>11:50
8.5071982s,S,8>2:50
8.5071982s,S,4>12:50
8.5071982s,S,4>14:50
8.5091987s,S,10>5:50
8.5101989s,S,2>11:50
8.5111993s,S,13>7:50
8.5131995s,S,13>2:50
8.5131995s,S,14>6:50
8.5141997s,S,6>0:50
8.5141997s,S,6>8:50
8.5172004s,S,14>12:50
8.5172004s,S,12>9:50
8.5242016s,S,3>12:50
8.5242016s,S,1>13:50
8.5262021s,S,7>15:50
8.5272022s,D,9>14
8.5272022s,S,9>14:51
8.5282027s,S,14>1:50
8.5292028s,S,4>9:50
8.5292028s,S,4>0:50
8.5332036s,S,14>8:50
8.5372041s,S,15>6:50
8.5432058s,S,5>10:50
8.5432058s,S,5>9:50
8.5432058s,S,15>8:50
8.5432058s,S,15>4:50
8.5452058s,S,15>13:51
8.5472063s,S,6>12:50
8.5472063s,S,10>14:50
8.5522076s,S,3>14:50
8.5522076s,S,12>13:50
8.5522076s,S,12>11:50
8.5542078s,S,1>8:50
8.5542078s,S,1>15:52
8.5572082s,S,4>10:50
8.5572082s,S,4>6:50
8.5572082s,S,0>12:50
8.5602089s,S,13>14:50
8.5612093s,S,13>10:50
8.5612093s,S,2>12:50
8.5652099s,S,13>6:50
8.5652099s,S,1>6:50
8.5662103s,S,7>12:50
8.5662103s,S,7>0:50
8.5702108s,S,5>14:50
8.5702108s,S,4>12:50
8.5742116s,S,14>9:52
8.575212s,S,2>10:50
8.5841939s,S,6>15:50
8.588212s,S,14>11:50
8.5892127s,D,9>15
8.5892127s,S,9>15:51
8.5912133s,S,1>14:50
8.5932138s,S,14>2:50
8.5952135s,S,6>8:50
8.5952135s,S,10>4:50
8.597214s,S,7>9:50
8.5982142s,S,13>1:50
8.5982142s,S,12>14:50
8.6101984s,S,10>8:50
8.6111989s,S,0>2:50
8.6111989s,S,0>15:50
8.6142001s,S,3>12:50
8.6161998s,S,5>9:50
8.6192005s,S,13>0:50
8.6202015s,S,4>9:50
8.6222196s,S,4>0:50
8.6242202s,S,15>1:50
8.6242202s,S,14>10:50
8.6242202s,S,14>6:50
8.6262205s,S,15>5:52
8.6292211s,S,2>7:50
8.6312217s,S,5>10:50
8.6312217s,S,5>8:50
8.6322218s,S,7>10:50
8.6322218s,S,7>15:50
8.6342224s,S,15>0:50
8.6342224s,S,13>15:52
8.6372084s,S,10>15:50
8.6382232s,S,7>3:50
8.6402238s,S,13>2:50
8.6402238s,S,10>9:50
8.6482251s,S,4>8:50
8.6482251s,S,4>6:50
8.6502257s,S,6>14:50
8.6502257s,S,14>0:50
8.6582109s,S,6>0:50
8.6582109s,S,6>7:50
8.6602117s,S,1>12:50
8.6602117s,S,0>3:50
8.6662107s,S,14>13:50
8.6672118s,S,9>15:50
8.6672118s,S,15>9:52
8.6682119s,S,10>2:50
8.676215s,S,7>12:50
8.6782161s,S,15>7:50
8.6802155s,S,5>0:50
8.6802155s,S,4>11:50
8.6872176s,S,13>14:50
8.6882186s,S,14>2:50
8.6892187s,S,7>4:50
8.694217s,S,7>6:50
8.7062198s,S,13>6:50
8.7122209s,S,0>4:50
8.7132213s,S,4>9:50
8.7172221s,S,5>8:50
8.7172221s,S,1>13:50
8.7172221s,S,5>10:50
8.7192229s,S,10>3:50
8.7222233s,S,11>14:51
8.7222233s,S,14>3:50
8.7222233s,S,15>8:50
8.7222233s,S,4>15:50
8.7252234s,S,6>8:50
8.7352268s,S,14>10:50
8.7422274s,S,7>15:50
8.7422274s,S,4>6:50
8.7422274s,S,4>8:50
8.7432284s,S,9>5:50
8.7452281s,S,7>5:50
8.7512295s,S,0>6:50
8.75323s,S,0>1:50
8.7592317s,S,1>6:50
8.7592317s,S,14>13:50
8.7592317s,S,10>11:50
8.7622321s,S,6>1:50
8.7652337s,S,6>9:50
8.7652337s,S,5>15:50
8.7772367s,S,15>6:50
8.7822376s,S,11>15:51
8.7822376s,S,14>11:52
8.7842593s,S,15>10:50
8.7842593s,S,14>4:50
8.7842593s,S,15>7:50
8.7932611s,S,5>6:50
8.7932611s,S,13>4:50
8.7962617s,S,14>10:50
8.7962617s,S,14>2:50
8.798262s,S,6>7:50
8.798262s,S,6>0:50
8.8002626s,S,10>12:50
8.8002626s,S,7>8:50
8.8032632s,S,15>1:50
8.8042634s,S,5>8:50
8.8052635s,S,0>7:50
8.8142653s,S,14>3:50
8.8162658s,S,9>15:50
8.8162658s,S,9>5:50
8.8162658s,S,5>0:50
8.8222669s,S,7>11:51
8.8282683s,S,13>11:50
8.8322691s,S,4>8:50
8.8412706s,S,6>11:50
8.8442715s,S,14>0:50
8.8442715s,S,11>8:50
8.8472719s,S,7>1:50
8.8492725s,S,0>4:50
8.8572542s,S,14>13:50
8.8582745s,S,6>13:50
8.8632755s,S,4>11:50
8.8642756s,S,13>12:50
8.8742775s,S,14>4:50
8.8742775s,S,11>4:51
8.8742775s,S,15>11:52
8.8762781s,S,11>6:50
8.8782786s,S,7>15:51
8.8782786s,S,11>7:52
8.8872801s,S,9>7:50
8.8892806s,S,15>10:50
8.8912809s,S,0>9:50
8.8922813s,S,9>6:50
8.8982824s,S,15>13:50
8.9012831s,S,5>9:50
8.9012831s,S,5>15:50
8.9032834s,S,4>15:50
8.9052839s,S,6>9:50
8.9082846s,S,7>14:50
8.9102849s,S,0>8:50
8.9142857s,S,14>13:50
8.9142857s,S,14>3:50
8.9152861s,S,11>5:51
8.9152861s,S,4>11:52
8.9172864s,S,15>7:50
8.9282887s,S,9>3:50
8.9282887s,S,5>7:50
8.9282887s,S,5>6:50
8.9322892s,S,6>15:50
8.9392907s,S,0>7:50
8.9412716s,S,6>7:50
8.9412716s,S,6>0:50
8.9432915s,S,6>2:50
8.9542938s,S,14>6:50
8.9572942s,D,2>15
8.9572942s,S,2>15:51
8.9642957s,S,15>11:50
8.9642957s,S,11>7:50
8.9682965s,S,9>1:50
8.9682965s,S,9>6:50
8.9682965s,S,0>10:50
8.9712972s,S,5>10:50
8.9722974s,S,12>2:51
8.975298s,S,14>4:50
8.975298s,S,14>3:50
8.9802963s,S,6>11:50
8.9832973s,S,15>4:50
8.9912987s,S,0>13:50
9.000301s,S,9>4:50
9.000301s,S,11>5:50
9.000301s,S,11>2:51
9.000301s,S,5>11:52
9.0213085s,S,11>3:50
9.0243088s,S,15>10:50
9.0243088s,S,15>7:52
9.0263094s,S,9>7:50
9.034311s,S,12>3:51
9.034311s,S,2>12:52
9.0373114s,S,5>0:50
9.0373114s,S,14>4:50
9.0373114s,S,14>5:50
9.0443129s,S,6>10:50
9.0453131s,S,9>1:50
9.0453131s,S,0>8:50
9.0463135s,S,6>14:50
9.0513144s,S,2>11:52
9.0563154s,S,15>12:50
9.0563154s,S,5>8:50
9.0563154s,S,15>11:50
9.0603162s,D,3>15
9.0603162s,S,0>15:50
9.0603162s,S,3>15:51
9.0623164s,S,11>13:50
9.0623164s,S,15>2:52
9.064317s,S,5>7:50
9.064317s,S,5>6:50
9.0653171s,S,14>10:50
9.0663176s,S,9>3:50
9.0733015s,S,6>4:50
9.0733015s,S,6>5:50
9.0773023s,S,0>3:50
9.0773023s,S,9>4:50
9.0863041s,S,12>5:51
9.0863041s,S,11>15:50
9.0863041s,S,3>12:52
9.0863041s,S,6>7:50
9.0923054s,S,9>12:50
9.100305s,S,14>0:50
9.100305s,S,11>0:50
9.1023155s,S,9>8:50
9.1173072s,S,13>3:51
9.1213083s,S,9>2:50
9.1283095s,S,0>13:50
9.1303101s,S,9>0:50
9.1343112s,S,5>11:50
9.1353122s,S,6>11:50
9.1463148s,S,14>6:50
9.1503142s,S,15>11:50
9.1523147s,S,15>3:52
9.1533149s,S,13>5:51
9.1533149s,S,3>13:52
9.157316s,S,15>12:50
9.157316s,S,9>12:50
9.157316s,S,15>5:50
9.1593165s,S,6>3:50
9.1653173s,S,2>9:50
9.166318s,S,6>12:50
9.1683183s,S,0>6:50
9.1793206s,S,11>7:50
9.184323s,S,12>4:51
9.184323s,S,5>12:52
9.1943243s,S,11>12:50
9.1943243s,S,6>9:50
9.2023263s,S,5>6:50
9.2023263s,S,2>6:50
9.2023263s,S,5>7:50
9.203327s,S,0>1:50
9.2073366s,S,9>8:50
9.2073366s,S,9>0:50
9.2083367s,S,6>4:50
9.2153485s,S,0>2:50
9.2203494s,S,5>11:50
9.2243505s,S,9>2:50
9.2253507s,S,6>15:50
9.2343553s,S,5>13:52
9.2363348s,S,12>15:51
9.2363348s,S,4>12:52
9.2383562s,S,11>3:50
9.2443572s,S,3>8:50
9.2463578s,S,11>4:50
9.2493585s,S,6>5:50
9.2583602s,S,14>2:50
9.2583602s,S,15>12:50
9.2603608s,S,9>14:50
9.2683624s,S,6>14:50
9.2703627s,S,6>3:50
9.2743635s,S,3>7:50
9.2783643s,S,11>13:50
9.2803649s,S,5>12:50
9.2833653s,S,9>11:50
9.2873661s,S,11>14:50
9.292367s,S,15>0:50
9.292367s,S,15>5:50
9.2983684s,S,6>12:50
9.2993685s,S,0>5:50
9.3033694s,S,6>8:51
9.3033694s,S,2>8:50
9.3073702s,S,14>11:51
9.3073702s,S,9>10:50
9.3093707s,S,0>9:50
9.3093707s,S,5>11:50
9.3093707s,S,9>13:50
9.3143717s,S,11>0:50
9.3163722s,S,0>6:50
9.330372s,S,3>11:50
9.330372s,S,9>14:50
9.3333727s,S,9>11:50
9.3373738s,S,5>7:50
9.3463785s,S,2>13:50
9.3493792s,S,11>10:50
9.3583809s,S,9>13:50
9.3583809s,S,15>12:52
9.3703831s,S,14>4:51
9.3703831s,S,11>14:52
9.3713835s,S,3>13:50
9.3763845s,S,9>10:50
9.3763845s,S,5>14:50
9.3763845s,S,5>12:50
9.3803853s,S,6>3:50
9.3843861s,S,6>4:50
9.3843861s,S,6>5:50
9.3863655s,S,0>11:50
9.3873868s,S,6>8:50
9.3873868s,S,8>6:52
9.3913876s,S,11>9:50
9.3923877s,S,2>14:50
9.3983891s,S,6>14:50
9.3983891s,S,6>12:51
9.4053903s,S,11>12:50
9.4073909s,S,3>0:50
9.4173928s,S,11>1:50
9.4283951s,S,15>9:50
9.4323956s,S,4>14:52
9.433396s,S,15>1:50
9.433396s,S,15>0:50
9.4343962s,S,0>14:50
9.4373971s,S,5>11:50
9.4544002s,D,14>15
9.4544002s,S,14>15:51
9.4564005s,S,0>9:50
9.4564005s,S,11>4:50
9.4594012s,S,12>5:50
9.4624019s,S,11>2:50
9.463402s,S,2>15:50
9.4704035s,S,6>0:50
9.4724041s,S,5>12:50
9.4764049s,S,6>4:50
9.4784051s,S,0>12:50
9.4814058s,S,5>13:50
9.4974088s,S,3>10:50
9.4974088s,S,11>14:50
9.4994093s,S,6>12:50
9.4994093s,S,12>6:52
9.5094115s,S,6>3:50
9.5094115s,S,6>14:51
9.5134123s,S,11>8:50
9.5204136s,S,6>5:50
9.5294153s,S,15>13:50
9.5334161s,S,0>11:50
9.5374169s,S,3>6:50
9.5444184s,S,11>6:50
9.5574207s,S,11>10:50
9.5614218s,S,5>0:50
9.5644225s,S,14>9:51
9.5644225s,S,2>0:50
9.5644225s,S,15>14:52
9.5664228s,S,6>4:50
9.5674229s,S,5>14:50
9.5674229s,S,5>12:50
9.5744241s,S,15>0:50
9.5744241s,S,15>6:50
9.5994294s,S,11>9:50
9.5994294s,S,6>1:50
9.60143s,S,12>6:50
9.60143s,S,6>13:50
9.60143s,S,6>12:50
9.6114319s,S,6>7:50
9.6124323s,S,14>3:51
9.6124323s,S,9>14:52
9.6144326s,S,15>4:50
9.6204337s,S,6>15:51
9.6204337s,S,14>6:52
9.6254349s,S,11>1:50
9.6254349s,S,0>12:50
9.6284356s,S,3>14:50
9.6344367s,S,15>5:51
9.6344367s,S,11>5:50
9.6574411s,S,14>9:50
9.6654428s,S,2>10:50
9.6714441s,S,11>2:50
9.6724443s,S,5>13:50
9.6724443s,S,5>14:51
9.6744445s,S,14>5:51
9.6874471s,S,6>2:50
9.6894477s,S,3>12:50
9.6894477s,S,3>14:52
9.6954487s,S,6>13:50
9.6954487s,S,6>1:50
9.6974493s,S,5>6:50
9.7034504s,S,14>15:50
9.7034504s,S,12>8:50
9.7034504s,S,6>14:50
9.7034504s,S,6>12:50
9.7044508s,S,15>8:50
9.7154528s,S,2>7:50
9.7154528s,S,15>6:50
9.7174531s,S,6>9:50
9.7204538s,S,11>15:50
9.7264551s,S,0>3:50
9.7404587s,S,3>15:50
9.7444587s,S,12>9:50
9.7614624s,S,6>11:51
9.7704638s,S,15>9:51
9.7704638s,S,5>15:52
9.7784657s,S,5>14:50
9.7784657s,S,5>13:51
9.780466s,S,12>11:50
9.780466s,S,14>5:50
9.7824663s,S,2>11:50
9.7884676s,S,6>10:50
9.7884676s,S,6>2:50
9.7924685s,S,6>1:50
9.8144728s,S,14>0:50
9.8144728s,S,6>14:50
9.8144728s,S,6>3:50
9.8164734s,S,0>10:50
9.8304764s,S,12>10:50
9.8304764s,S,3>9:50
9.8324769s,S,5>7:50
9.8344772s,S,2>12:50
9.8464796s,S,15>3:51
9.8464796s,S,9>15:52
9.8524781s,S,11>6:52
9.8554785s,S,15>7:50
9.8554785s,S,15>6:52
9.8594617s,S,13>5:52
9.8794866s,S,6>11:50
9.8814868s,S,12>1:50
9.8834874s,S,5>13:50
9.8834874s,S,5>14:52
9.8874882s,S,14>6:50
9.8874882s,S,6>1:50
9.8874882s,S,14>5:52
9.8894885s,S,6>10:50
9.9044916s,S,6>5:50
9.9054917s,S,5>15:51
9.9274937s,S,14>10:50
9.938499s,S,15>2:51
9.938499s,S,12>13:50
9.938499s,S,3>15:52
9.9414997s,S,5>9:50
9.9625039s,S,15>10:50
9.9625039s,S,15>7:50
9.9705052s,S,6>15:50
9.9855083s,S,6>2:50
9.9855083s,S,6>1:51
9.9855083s,S,12>15:50
9.9875089s,S,14>13:50
9.9975108s,S,14>2:50
10.0145145s,S,5>10:50
10.0405196s,S,15>14:51
10.0405196s,S,2>15:52
10.0415201s,S,15>5:52
10.0425202s,S,14>3:50
10.0565229s,S,15>11:50
10.0695064s,S,14>8:50
10.0815256s,S,6>1:50
10.0815256s,S,1>6:52
10.0865265s,S,12>0:50
10.0865265s,S,6>10:50
10.0995294s,S,5>8:50
10.104516s,S,14>4:50
10.1105323s,S,6>8:50
10.121517s,S,14>7:50
10.1475216s,S,15>11:50
10.153523s,S,15>4:51
10.153523s,S,14>15:52
10.1655269s,S,14>5:50
10.1765497s,S,5>15:50
10.17855s,S,6>13:50
10.17855s,S,6>1:50
10.1885522s,S,12>7:50
10.192553s,S,6>0:50
10.1975539s,S,14>1:50
10.237563s,S,15>5:50
10.2455643s,S,4>15:52
10.2555665s,S,12>4:50
10.2635681s,S,14>12:50
10.2635681s,S,6>2:50
10.2635681s,S,6>13:50
10.2655687s,S,15>7:50
10.2715698s,S,14>6:50
10.2745705s,S,6>1:50
10.3065767s,S,12>14:50
10.3135785s,S,5>13:50
10.3345824s,S,14>11:50
10.3345824s,S,6>7:50
10.3375831s,S,12>15:51
10.3485854s,S,6>13:50
10.3635885s,S,6>10:50
10.3715902s,S,15>11:50
10.375591s,S,15>13:50
10.3765911s,S,12>2:50
10.3815921s,S,14>2:50
10.3935945s,S,5>0:50
10.3945946s,S,14>15:50
10.4346028s,S,6>2:50
10.4346028s,S,6>13:50
10.4376035s,S,12>3:50
10.4386036s,S,15>12:52
10.4416043s,S,6>9:50
10.4416043s,S,6>7:50
10.4516062s,S,14>8:50
10.460608s,S,15>4:50
10.4626085s,S,15>5:50
10.5025947s,S,14>7:50
10.5055957s,S,14>0:50
10.518617s,S,6>3:50
10.5296196s,S,5>6:50
10.5346235s,S,6>10:50
10.5346235s,S,6>2:50
10.5476264s,S,6>9:50
10.5516269s,S,15>0:50
10.5796127s,S,14>1:50
10.601617s,S,15>13:50
10.6116195s,S,6>5:50
10.6176203s,S,14>10:50
10.6256207s,S,6>11:50
10.6266212s,S,6>0:50
10.6366236s,S,6>10:50
10.6456254s,S,14>12:50
10.6686308s,S,5>7:50
10.6776328s,S,14>13:50
10.6866357s,S,15>4:50
10.6936381s,S,15>6:50
10.7166608s,S,6>15:50
10.7176612s,S,14>11:50
10.7346649s,S,14>3:50
10.7476681s,S,6>4:50
10.7686755s,S,6>7:50
10.7686755s,S,6>0:50
10.7686755s,S,5>11:50
10.7776772s,S,15>12:50
10.7806779s,S,14>15:51
10.7946804s,S,14>4:50
10.8346888s,S,15>10:50
10.8386896s,S,6>12:50
10.8556734s,S,5>12:50
10.8556734s,S,14>9:50
10.8596909s,S,6>8:50
10.8766975s,S,6>9:50
10.8786978s,S,15>9:50
10.8927008s,S,15>14:52
10.9097042s,S,6>7:50
10.9267076s,S,15>12:50
10.9407103s,S,6>14:50
10.9407103s,S,6>0:50
10.9507122s,S,5>14:50
10.9517126s,S,6>11:50
10.9537129s,S,15>3:50
11.0157254s,S,6>9:50
11.0267277s,S,15>9:50
11.0427309s,S,6>15:50
11.0447312s,S,15>14:50
11.0517327s,S,6>1:50
11.082718s,S,6>12:50
11.0917201s,S,6>11:50
11.1027224s,S,15>3:50
11.156745s,S,15>0:50
11.1847618s,S,6>14:50
11.1847618s,S,6>8:50
11.1847618s,S,6>15:50
11.1927635s,S,15>14:50
11.2647778s,S,6>4:50
11.2957842s,S,6>3:50
11.2977848s,S,15>6:50
11.3037856s,S,15>14:51
11.3037856s,S,15>8:50
11.3257902s,S,6>8:50
11.3547961s,S,6>12:50
11.3868023s,S,6>5:50
11.3868023s,S,15>1:50
11.4138079s,S,15>9:51
11.4138079s,S,14>15:52
11.4378128s,S,15>10:50
11.4557975s,S,6>14:50
11.4828222s,S,15>2:50
11.4908238s,S,9>15:52
11.5238305s,S,6>4:50
11.5258307s,S,15>13:50
11.5298315s,S,15>8:50
11.5658395s,S,6>3:50
11.5678397s,S,15>11:50
11.6118288s,S,15>1:50
11.6138288s,S,15>4:50
11.6598392s,S,6>5:50
11.6608396s,S,15>5:50
11.7038496s,S,15>0:50
11.7078498s,S,15>2:50
11.7968908s,S,15>7:50
11.8439001s,S,15>6:50
11.9019121s,S,15>4:50
11.9849288s,S,15>10:50
11.9929305s,S,15>13:50
12.0779266s,S,15>12:50
12.0789271s,S,15>6:50
12.1779687s,S,15>9:50
12.2209779s,S,15>10:50
12.2539845s,S,15>3:50
12.3119936s,S,15>12:50
12.3450035s,S,15>14:50
12.4120172s,S,15>9:50
12.4560057s,S,15>8:50
12.4880137s,S,15>3:50
12.5370435s,S,15>1:50
12.5790311s,S,15>14:50
12.6160597s,D,16>0
12.6220584s,L,16
12.6340644s,S,15>2:50
12.6910762s,S,15>0:50
12.735089s,S,15>7:50
12.8321049s,S,15>1:50
12.8411064s,S,15>11:50
12.9271244s,S,15>2:50
12.9311249s,S,15>5:50
13.0271445s,S,15>8:50
13.0941374s,S,0>16:51
13.2201864s,S,16>0:52
13.3452127s,S,0>3:50
13.435231s,S,0>6:50
13.5772431s,S,0>9:50
13.591264s,S,16>0:51
13.6542775s,S,0>11:50
13.6802823s,D,9>16
13.6802823s,S,9>16:51
13.7182905s,S,0>16:52
13.7412947s,S,16>9:52
13.7452958s,S,0>12:50
13.8022863s,S,9>13:50
13.8223112s,S,9>14:50
13.8433157s,S,16>0:50
13.8453159s,S,0>10:50
13.8683207s,S,9>10:50
13.8943259s,S,9>11:50
13.9123297s,D,14>16
13.9123297s,S,14>16:51
13.9223316s,S,9>5:50
13.9283326s,D,10>16
13.9283326s,S,10>16:51
13.9363343s,S,0>1:50
13.9703416s,S,16>9:50
13.992346s,S,9>15:50
14.0053462s,S,16>10:52
14.0093467s,S,16>14:52
14.0363556s,S,0>5:50
14.0663618s,D,5>16
14.0663618s,S,5>16:51
14.0683624s,D,11>16
14.0683624s,S,11>16:51
14.0713601s,S,9>3:50
14.0823627s,S,10>15:50
14.0963657s,S,9>6:50
14.1063682s,S,14>7:50
14.1073684s,D,6>16
14.1073684s,S,6>16:51
14.1453604s,S,16>11:52
14.1703822s,D,3>16
14.1703822s,S,3>16:51
14.1723827s,S,9>1:50
14.1723827s,S,0>14:50
14.1743833s,S,10>3:50
14.1853856s,S,14>1:50
14.1883866s,S,16>5:52
14.2033897s,S,9>16:50
14.2153954s,S,10>11:50
14.2203963s,S,0>16:51
14.2223969s,S,11>8:50
14.2343993s,S,16>6:52
14.2454016s,S,16>3:52
14.2504026s,D,13>16
14.2504026s,S,13>16:51
14.2523826s,S,14>12:50
14.2544034s,S,11>6:50
14.2574038s,S,10>12:50
14.2644056s,S,9>4:50
14.2824091s,S,0>15:50
14.2914109s,S,9>7:50
14.3084146s,S,10>14:50
14.3084146s,S,5>10:50
14.3214171s,S,16>13:52
14.3224173s,S,14>11:50
14.3224173s,S,3>0:50
14.3324192s,S,9>2:50
14.3454217s,S,11>5:50
14.3454217s,S,16>0:52
14.3594247s,S,6>12:50
14.3674261s,S,9>12:50
14.3704268s,S,10>8:50
14.3824292s,S,14>8:50
14.3924314s,S,13>7:50
14.3934315s,S,5>8:50
14.400433s,S,10>9:50
14.4044339s,S,9>0:50
14.4144357s,S,3>8:50
14.4224374s,S,0>16:50
14.4254381s,S,10>2:50
14.4314391s,S,11>15:50
14.4344398s,S,14>10:50
14.4444417s,S,13>10:50
14.4444417s,S,3>7:50
14.4574443s,D,12>16
14.4574443s,S,12>16:51
14.4614454s,S,6>14:50
14.4704472s,S,5>15:50
14.4714473s,S,0>1:50
14.4784488s,S,10>6:50
14.4834474s,S,9>8:50
14.4844502s,S,13>1:50
14.495432s,S,14>13:50
14.5004329s,S,3>11:50
14.5164567s,D,15>16
14.5164567s,S,15>16:51
14.5224581s,S,11>7:50
14.5264589s,S,13>2:50
14.5414617s,S,3>13:50
14.5444627s,S,16>12:52
14.5494637s,S,0>2:50
14.5534645s,S,14>3:50
14.5674672s,S,0>5:50
14.5714689s,S,10>0:50
14.5724684s,S,13>14:50
14.5734686s,S,6>3:50
14.5784695s,S,11>3:50
14.5784695s,S,3>16:50
14.6084561s,S,5>16:50
14.616461s,S,14>4:50
14.623459s,S,11>13:50
14.630464s,S,13>5:50
14.630464s,S,12>0:50
14.6384659s,D,8>16
14.6384659s,S,8>16:51
14.6444643s,S,16>15:52
14.6514688s,S,0>4:50
14.6554696s,S,3>9:50
14.6624714s,S,11>0:50
14.6634715s,S,10>7:50
14.6664866s,S,6>5:50
14.6784893s,S,14>9:50
14.6804899s,S,3>10:50
14.7044778s,S,16>8:52
14.7064783s,S,0>14:50
14.7114969s,S,13>0:50
14.7184805s,S,16>9:51
14.7214817s,S,10>13:50
14.7224992s,S,3>6:50
14.7254826s,S,14>15:50
14.7304867s,S,5>9:50
14.7334871s,S,12>7:50
14.7424865s,S,0>7:50
14.7544913s,S,11>12:50
14.7585103s,S,10>16:50
14.7705125s,S,15>14:50
14.7705125s,S,8>13:50
14.7795145s,S,16>10:51
14.7795145s,S,9>16:52
14.7965179s,S,8>5:50
14.7985182s,S,13>6:50
14.8024973s,S,12>4:50
14.8035165s,S,6>4:50
14.8035165s,S,5>6:50
14.8065172s,S,11>4:50
14.8165018s,S,3>14:50
14.8185015s,S,0>15:50
14.8345074s,S,10>4:50
14.8385079s,S,14>0:50
14.8425087s,S,16>14:50
14.8475099s,S,11>14:50
14.8495102s,S,0>8:50
14.8525112s,S,12>14:50
14.8565202s,S,16>12:51
14.8565202s,S,10>16:52
14.8735242s,S,8>15:50
14.8745243s,S,10>1:50
14.8765249s,S,3>12:50
14.8825262s,S,15>0:50
14.8855269s,S,13>4:50
14.8955297s,S,6>1:50
14.9095353s,S,11>16:50
14.9115333s,D,1>16
14.9115333s,S,1>16:51
14.9235254s,S,10>5:50
14.9245262s,S,12>2:50
14.9245262s,S,13>11:50
14.9285273s,S,3>15:50
14.9305434s,S,0>13:50
14.9315438s,S,16>0:50
14.9395457s,S,16>10:50
14.9415313s,S,5>7:50
14.9455488s,S,16>8:51
14.9455488s,S,12>16:52
14.9505498s,S,14>16:50
14.9565336s,S,8>14:50
14.9605364s,S,0>16:50
14.9625352s,S,13>12:50
14.9865416s,S,12>3:50
14.9875438s,S,11>10:50
14.9905588s,S,6>2:50
14.9955428s,S,16>1:52
15.0065442s,S,10>16:51
15.0075446s,D,7>16
15.0075446s,S,7>16:51
15.0085451s,S,8>12:50
15.0095455s,S,13>3:50
15.0135639s,S,16>14:51
15.0135639s,S,8>16:52
15.0165646s,S,16>5:50
15.025549s,S,15>6:50
15.0305509s,S,11>9:50
15.031568s,S,16>11:50
15.0376529s,S,12>6:50
15.0445539s,S,5>11:50
15.0465541s,S,13>15:50
15.0485541s,S,14>5:50
15.0485541s,S,14>16:51
15.0515551s,S,8>11:50
15.0565569s,S,11>1:50
15.059557s,S,16>9:50
15.0755588s,S,1>10:50
15.0815602s,S,16>0:50
15.0825606s,D,2>16
15.0825606s,S,2>16:51
15.0835622s,S,8>6:50
15.085561s,S,16>10:52
15.0905625s,S,0>2:50
15.0935638s,S,6>10:50
15.0995646s,S,16>7:52
15.1045658s,S,11>2:50
15.1105675s,S,16>6:50
15.1215701s,S,16>14:50
15.1225693s,S,1>9:50
15.130571s,S,5>12:50
15.1345718s,S,13>8:50
15.1385729s,S,16>5:51
15.1385729s,S,16>11:50
15.1405732s,S,12>8:50
15.144574s,S,14>16:52
15.1455741s,S,11>16:51
15.1535763s,S,1>7:50
15.1545768s,S,14>2:50
15.1605781s,S,13>9:50
15.1635785s,S,8>4:50
15.1665792s,S,15>10:50
15.1685798s,S,16>2:52
15.1805998s,S,12>9:50
15.1805998s,S,13>16:50
15.1846053s,S,6>13:50
15.1896036s,S,5>16:51
15.1906037s,S,7>13:50
15.1916042s,S,0>4:50
15.196608s,S,8>1:50
15.2076074s,S,16>9:50
15.215612s,S,1>11:50
15.2176125s,S,12>11:50
15.2176125s,S,16>10:50
15.2176125s,S,16>14:52
15.2216134s,S,16>11:52
15.2255934s,S,14>6:50
15.2265938s,S,5>14:50
15.2346162s,S,6>16:51
15.2365966s,S,16>13:50
15.2365966s,S,16>6:50
15.2376169s,S,8>2:50
15.2406147s,S,16>3:50
15.2435992s,S,7>11:50
15.2566182s,S,2>7:50
15.2576184s,S,15>12:50
15.2626029s,S,1>15:50
15.2706212s,S,12>5:50
15.2706212s,S,6>7:50
15.2756225s,D,4>16
15.2756225s,S,4>16:51
15.2806234s,S,8>16:50
15.2826237s,S,0>7:50
15.2956268s,S,16>5:50
15.2986275s,S,16>11:51
15.3006281s,S,7>2:50
15.3106144s,S,16>7:50
15.3126132s,S,5>16:52
15.3156344s,S,16>14:50
15.3156344s,S,14>5:50
15.3176347s,S,16>12:50
15.3236153s,S,2>11:50
15.3336383s,S,5>13:50
15.3506417s,S,8>9:50
15.3526393s,S,16>4:52
15.3606254s,S,1>16:50
15.3606254s,S,15>9:50
15.3626444s,S,16>13:50
15.3626444s,S,16>6:52
15.3676453s,S,12>16:50
15.3676453s,S,7>12:50
15.3686458s,S,8>3:50
15.3756262s,S,2>12:50
15.3756262s,S,11>16:52
15.3796276s,S,6>9:50
15.3896473s,S,0>8:50
15.4006526s,S,8>7:50
15.4016527s,S,16>10:50
15.4046534s,S,16>7:50
15.4146556s,S,5>0:50
15.4176563s,S,16>11:50
15.4176563s,S,16>5:52
15.4236547s,S,14>16:50
15.4296379s,S,4>10:50
15.4346597s,S,7>15:50
15.4346597s,S,16>0:50
15.4366403s,S,2>16:50
15.4376606s,S,15>3:50
15.4426408s,S,1>0:50
15.4476628s,S,8>0:50
15.4536431s,S,12>10:50
15.4536431s,S,16>2:50
15.4566441s,S,6>11:50
15.471668s,S,4>7:50
15.4736478s,S,0>13:50
15.4796488s,S,16>1:50
15.4906512s,S,16>6:51
15.4906512s,S,6>8:50
15.504675s,S,12>1:50
15.5206577s,S,14>6:50
15.5216787s,S,2>0:50
15.5296803s,S,8>10:50
15.5296803s,S,15>8:50
15.5296803s,S,4>13:50
15.5396798s,S,1>14:50
15.5396798s,S,16>5:50
15.5396798s,S,16>4:50
15.5396798s,S,16>2:50
15.5426641s,S,7>0:50
15.544665s,S,12>16:51
15.5486845s,S,6>15:50
15.5536647s,S,5>0:50
15.5596672s,S,0>3:50
15.5636877s,S,16>9:50
15.5636877s,S,12>13:50
15.5636877s,S,16>15:50
15.5686886s,S,4>14:50
15.573669s,S,6>16:50
15.6066763s,S,1>12:50
15.6106783s,S,12>15:50
15.6136983s,S,15>1:50
15.6156992s,S,16>6:50
15.6156992s,S,16>3:51
15.6186996s,S,16>10:50
15.6246983s,S,2>10:50
15.6276826s,S,16>8:50
15.6307023s,S,4>12:50
15.6307023s,S,16>12:52
15.6366834s,S,14>2:50
15.6456846s,S,15>16:51
15.6487061s,S,7>4:50
15.6497062s,S,0>6:50
15.6647097s,S,1>13:50
15.6797131s,S,2>8:50
15.6837136s,S,4>15:50
15.6916944s,S,6>8:50
15.6916944s,S,5>6:50
15.6926957s,S,16>9:50
15.6936962s,S,16>13:51
15.6936962s,S,16>15:50
15.6936962s,S,16>8:50
15.6936962s,S,3>16:52
15.6967165s,S,16>11:50
15.6967165s,S,16>10:50
15.7007173s,S,6>0:50
15.7007173s,S,6>16:52
15.7077798s,S,1>6:50
15.7077798s,S,7>5:50
15.7106987s,S,15>2:50
15.7106987s,S,14>11:50
15.7237194s,S,2>13:50
15.7567264s,S,16>14:50
15.7617115s,S,16>3:50
15.7657314s,S,16>13:50
15.7657314s,S,13>16:52
15.7707118s,S,2>14:50
15.7737333s,S,14>8:50
15.7757333s,S,4>16:50
15.7757333s,S,16>11:50
15.7757333s,S,16>6:50
15.7937186s,S,0>9:50
15.8047368s,S,1>8:50
15.809738s,S,7>10:50
15.8127387s,S,15>16:50
15.8197235s,S,16>15:51
15.8267247s,S,6>16:50
15.8267247s,S,14>7:50
15.8267247s,S,16>2:50
15.8287258s,S,5>7:50
15.8377469s,S,16>8:50
15.8397475s,S,16>3:50
15.8397475s,S,16>12:50
15.8427482s,S,2>15:50
15.8427482s,S,6>7:50
15.8537285s,S,16>5:50
15.8537285s,S,4>0:50
15.8677532s,S,7>3:50
15.8707331s,S,0>11:50
15.9017577s,S,16>6:50
15.9017577s,S,16>13:50
15.9017577s,S,14>1:50
15.9147415s,S,16>4:50
15.9177422s,S,16>3:50
15.9247448s,S,7>6:50
15.9267659s,S,16>10:50
15.9267659s,S,16>12:50
15.9307667s,S,5>11:50
15.9407481s,S,15>7:50
15.9447501s,S,2>9:50
15.9467703s,S,4>9:50
15.9477704s,S,16>15:52
15.9477704s,S,15>16:52
15.9487705s,S,6>9:50
15.952769s,S,6>0:50
15.9657742s,S,0>12:50
15.9698433s,S,14>12:50
15.9737732s,S,16>8:50
15.9737732s,S,16>7:50
15.9757738s,S,4>6:50
15.9827779s,S,2>6:50
15.9937624s,S,16>3:50
16.0037713s,S,16>11:50
16.0037713s,S,16>10:50
16.0167654s,S,16>12:50
16.0187829s,S,5>12:50
16.0257671s,S,6>11:50
16.0297682s,S,16>13:50
16.031789s,S,7>8:50
16.0427702s,S,16>0:50
16.0427702s,S,14>4:50
16.0477923s,S,15>11:50
16.0677966s,S,4>8:50
16.0677966s,S,0>10:50
16.0757956s,S,16>15:50
16.0757956s,S,15>13:50
16.0757956s,S,16>8:50
16.0787793s,S,7>1:50
16.0797798s,S,16>11:50
16.0797798s,S,16>6:50
16.0997856s,S,7>16:51
16.1007857s,S,4>11:50
16.1027872s,S,16>10:50
16.1027872s,S,16>12:50
16.1048024s,S,14>9:50
16.1147867s,S,5>14:50
16.1157874s,S,6>15:50
16.139792s,S,15>5:50
16.1417931s,S,7>14:50
16.1527943s,S,14>15:50
16.1627973s,S,15>4:50
16.1697997s,S,16>0:50
16.1797999s,S,16>11:50
16.1908022s,S,16>12:50
16.1918032s,S,16>7:52
16.2028052s,S,16>1:50
16.2028052s,S,16>15:50
16.2078067s,S,16>6:50
16.2078067s,S,16>13:50
16.2178092s,S,7>16:50
16.2208313s,S,5>13:50
16.2548384s,S,15>12:50
16.2568389s,S,6>4:50
16.2638402s,S,14>0:50
16.2758426s,S,15>13:50
16.2778405s,S,16>3:50
16.2828409s,S,16>7:50
16.2828409s,S,7>4:50
16.2948445s,S,16>9:50
16.2948445s,S,16>0:50
16.3028329s,S,5>9:50
16.30985s,S,7>9:50
16.3288519s,S,16>1:50
16.3288519s,S,16>15:50
16.3358349s,S,16>6:50
16.3358349s,S,16>13:50
16.337856s,S,7>5:50
16.3468577s,S,6>12:50
16.3568599s,S,15>9:50
16.3568599s,S,16>14:50
16.3618407s,S,15>4:50
16.3748635s,S,5>10:50
16.376864s,S,14>10:50
16.40687s,S,16>7:50
16.4098707s,S,16>8:50
16.4198726s,S,16>9:50
16.431875s,S,15>3:50
16.4388765s,S,7>10:50
16.4388765s,S,14>13:50
16.4468781s,S,6>14:50
16.4518791s,S,16>5:50
16.4538794s,S,16>1:50
16.4538794s,S,16>15:50
16.4598807s,S,5>8:50
16.461881s,S,16>13:50
16.475884s,S,16>0:50
16.4818851s,S,16>14:50
16.494885s,S,14>3:50
16.494885s,S,7>3:50
16.5238733s,S,15>14:50
16.5348961s,S,16>7:50
16.5368964s,S,5>15:50
16.5508994s,S,7>6:50
16.5569004s,S,6>3:50
16.5739038s,S,16>3:50
16.5779049s,S,16>5:50
16.5789051s,S,16>1:50
16.5789051s,S,16>15:50
16.60091s,S,16>9:50
16.6249146s,S,16>2:50
16.6339164s,S,15>0:50
16.6469192s,S,6>5:50
16.6509198s,S,16>12:50
16.6569208s,S,7>8:50
16.660922s,S,16>14:50
16.671924s,S,5>16:50
16.6989296s,S,16>8:50
16.7019302s,S,7>1:50
16.7039305s,S,16>1:50
16.7099316s,S,16>4:50
16.7369372s,S,16>7:50
16.7569412s,S,16>5:50
16.7619422s,S,7>14:50
16.765943s,S,16>3:50
16.7739446s,S,15>6:50
16.7819463s,S,6>1:50
16.784947s,S,16>15:50
16.7869472s,S,16>0:50
16.8279555s,S,16>2:50
16.8369573s,S,7>16:50
16.8409584s,S,16>12:50
16.8779659s,S,6>13:50
16.9099721s,S,16>1:50
16.9119726s,S,16>9:50
16.9139729s,S,16>4:50
16.9149733s,S,15>10:50
16.9279756s,S,7>9:50
16.94798s,S,16>7:51
16.9629828s,S,6>2:50
16.969984s,S,7>13:50
16.9739851s,S,16>14:50
16.9899884s,S,16>0:50
16.9899884s,S,16>10:50
17.0069915s,S,15>16:50
17.0199941s,S,7>11:50
17.038998s,S,16>2:51
17.038998s,S,7>16:52
17.0640031s,S,6>10:50
17.0650035s,S,16>11:50
17.0700041s,S,16>5:50
17.0760029s,S,7>2:50
17.117994s,S,16>9:50
17.1269955s,S,16>13:51
17.1269955s,S,2>16:52
17.1309963s,S,16>3:50
17.132998s,S,15>8:50
17.1419989s,S,7>12:50
17.1419989s,S,16>6:50
17.1780259s,S,16>14:50
17.1910288s,S,16>8:50
17.1980306s,S,13>16:52
17.2070352s,S,16>12:50
17.2070352s,S,7>15:50
17.2130366s,S,15>1:50
17.2570456s,S,16>3:50
17.2670475s,S,16>13:50
17.2670475s,S,16>6:51
17.274049s,S,16>5:50
17.2920525s,S,16>2:50
17.3090562s,S,15>2:50
17.3120566s,S,7>0:50
17.3340615s,S,16>12:50
17.3340615s,S,16>3:50
17.3400415s,S,16>15:50
17.3780705s,S,16>4:50
17.3930733s,S,16>1:51
17.3930733s,S,6>16:52
17.3950739s,S,16>8:50
17.4100767s,S,15>7:50
17.4200786s,S,16>12:50
17.4540857s,S,16>10:50
17.4740898s,S,16>1:50
17.4740898s,S,16>15:51
17.4740898s,S,1>16:52
17.5061576s,S,16>7:50
17.5161023s,S,15>11:50
17.5311013s,S,16>11:50
17.5980946s,S,16>2:50
17.6000945s,S,15>16:52
17.6000945s,S,16>4:51
17.6070972s,S,16>6:50
17.6090966s,S,15>5:50
17.6761112s,S,4>16:52
17.683113s,S,16>4:50
17.7331237s,S,16>13:50
17.7581301s,S,16>10:50
17.8031419s,S,16>7:50
17.8331684s,S,16>11:50
17.8951615s,S,16>15:50
17.9121646s,S,16>6:50
18.0212088s,S,16>1:50
18.0382122s,S,16>13:50
18.1052072s,S,16>0:50
18.11121s,S,16>15:50
18.2332339s,S,16>9:50
18.2392355s,S,16>1:50
18.2942498s,S,16>14:50
18.3212718s,S,16>8:50
18.3892683s,S,16>0:50
18.3912871s,S,16>5:50
18.5132969s,S,16>8:50
18.5163169s,S,16>9:50
18.5793102s,S,16>14:50
18.6763322s,S,16>5:50
19.5045246s,D,17>0
19.5045246s,C,0>11
19.5165294s,C,11>0
19.5165294s,C,0>11
19.5165294s,C,11>0
19.5165294s,L,17
20.3477063s,S,0>17:51
20.4377245s,S,17>0:52
20.5297439s,S,17>0:51
20.5297439s,S,0>1:50
20.6207426s,S,0>17:52
20.6257644s,S,0>5:50
20.7117818s,S,17>0:50
20.7617921s,S,0>14:50
20.8718121s,S,0>15:50
21.0068426s,D,1>17
21.0068426s,S,1>17:51
21.0138438s,S,0>16:50
21.0518514s,S,17>1:52
21.0988441s,S,1>0:50
21.1408493s,S,0>2:50
21.158871s,D,14>17
21.158871s,C,14>7
21.158871s,S,14>17:51
21.158871s,C,7>14
21.158871s,C,14>7
21.158871s,C,7>14
21.1948824s,S,1>10:50
21.2198875s,S,17>14:52
21.2398915s,S,1>9:50
21.2408917s,S,0>4:50
21.2718954s,S,1>7:50
21.2819005s,S,14>5:50
21.3319103s,S,1>11:50
21.3319103s,S,0>7:50
21.3319103s,D,5>17
21.3319103s,S,5>17:51
21.3629144s,D,4>17
21.3629144s,S,4>17:51
21.3789208s,S,1>15:50
21.3869222s,S,14>16:50
21.4029255s,S,17>4:52
21.4179081s,S,17>5:52
21.437933s,S,0>17:51
21.4389132s,S,0>8:50
21.4449348s,S,4>0:50
21.4759409s,S,1>16:50
21.4829424s,S,14>6:50
21.5039466s,S,5>8:50
21.5199498s,S,0>13:50
21.5289516s,S,17>0:52
21.534953s,S,4>9:50
21.5559569s,S,1>8:50
21.5609578s,S,4>6:50
21.5799618s,S,5>15:50
21.5919616s,S,1>14:50
21.592962s,S,14>2:50
21.6079473s,S,0>3:50
21.6209686s,S,17>1:51
21.6519589s,S,4>8:50
21.6589601s,S,1>12:50
21.6649597s,S,14>11:50
21.6679604s,S,17>14:51
21.6679604s,S,1>17:52
21.6819637s,S,4>11:50
21.6919656s,D,16>17
21.6919656s,C,16>2
21.6919656s,C,2>16
21.6919656s,C,16>2
21.6919656s,C,2>16
21.6919656s,S,16>17:51
21.6989668s,S,0>6:50
21.6989668s,S,0>3:50
21.7139702s,S,1>13:50
21.7139702s,D,8>17
21.7139702s,C,8>10
21.7139702s,C,10>8
21.7139702s,C,10>8
21.7139702s,S,8>17:51
21.7139702s,C,8>10
21.7179713s,S,5>16:50
21.7229723s,S,4>15:50
21.7249737s,S,14>8:50
21.7289745s,S,17>5:51
21.7289745s,S,14>17:52
21.7459993s,S,17>8:52
21.749s,D,9>17
21.749s,C,9>10
21.749s,C,9>10
21.749s,S,9>17:51
21.749s,C,10>9
21.749s,C,10>9
21.7540009s,S,1>6:50
21.7680039s,S,17>16:52
21.7760056s,S,14>1:50
21.7760056s,S,17>9:52
21.7780058s,S,8>5:50
21.7920088s,D,15>17
21.7920088s,C,15>1
21.7920088s,S,15>17:51
21.7920088s,C,1>15
21.7920088s,C,15>1
21.7920088s,C,1>15
21.8030109s,S,17>9:50
21.8030109s,S,9>4:50
21.8140132s,S,4>16:50
21.8150133s,S,17>4:51
21.8150133s,S,5>17:52
21.8290163s,S,17>0:50
21.8290163s,S,9>7:50
21.8400183s,S,0>9:50
21.8400183s,S,0>6:50
21.8420189s,S,14>12:50
21.843019s,S,16>0:50
21.8510207s,S,1>17:50
21.856002s,S,8>15:50
21.8570024s,S,4>17:52
21.8710221s,S,9>3:50
21.8820273s,S,17>15:52
21.8890286s,S,4>10:50
21.8990111s,S,9>6:50
21.9000291s,S,5>17:50
21.915034s,S,14>4:50
21.9190143s,S,0>17:50
21.9200323s,S,17>1:50
21.9290367s,S,4>7:50
21.9370386s,S,8>17:50
21.9670449s,S,8>14:50
21.9690244s,S,17>14:50
21.9700427s,S,16>9:50
21.973046s,S,15>2:50
21.9750465s,S,14>9:50
21.9790474s,S,9>1:50
21.9810479s,S,0>9:50
21.9870493s,S,5>9:50
21.9890495s,S,4>13:50
22.0090539s,S,0>12:50
22.0110542s,S,9>16:50
22.019035s,S,8>12:50
22.0250575s,S,14>15:50
22.029058s,S,17>5:50
22.029058s,S,4>14:50
22.0330588s,S,16>14:50
22.0570643s,S,5>10:50
22.0590646s,S,8>13:50
22.0610648s,S,0>17:50
22.0710673s,S,9>0:50
22.0730679s,S,15>16:50
22.0870679s,S,8>6:50
22.0900686s,S,4>12:50
22.0960706s,D,10>17
22.0960706s,S,10>17:51
22.1140562s,S,0>10:50
22.1180576s,S,17>4:50
22.1330599s,S,16>5:50
22.1380611s,S,14>17:50
22.1390621s,S,17>10:52
22.1440622s,S,5>7:50
22.1450635s,S,4>17:50
22.148063s,S,9>8:50
22.1540661s,S,0>12:50
22.1590656s,S,17>16:50
22.1640666s,S,9>2:50
22.1720682s,S,8>4:50
22.1810697s,S,10>2:50
22.1820704s,D,2>17
22.1820704s,S,2>17:51
22.1990741s,S,14>0:50
22.2000745s,S,15>8:50
22.2010746s,S,9>12:50
22.2040759s,S,8>1:50
22.2040759s,D,7>17
22.2040759s,S,7>17:51
22.2200797s,S,14>17:51
22.2311035s,S,10>3:50
22.2321036s,S,17>2:52
22.2331037s,D,11>17
22.2331037s,S,11>17:51
22.2361044s,S,17>8:50
22.2361044s,S,9>17:50
22.2401052s,S,8>11:50
22.2451062s,S,5>11:50
22.2531078s,S,16>8:50
22.2551084s,D,3>17
22.2551084s,S,3>17:51
22.2571089s,S,0>10:50
22.2591092s,S,17>7:52
22.2621096s,S,9>11:50
22.2720912s,S,8>16:50
22.2740933s,S,10>11:50
22.2740933s,S,17>11:52
22.2801137s,S,15>5:50
22.2821139s,S,17>14:52
22.2841145s,S,2>11:50
22.2901156s,S,9>13:50
22.2961169s,S,17>3:52
22.3091192s,S,14>10:50
22.3121202s,S,9>14:50
22.3151206s,S,7>4:50
22.3151206s,S,10>12:50
22.3151206s,S,11>12:50
22.3201215s,S,16>17:50
22.3311239s,S,5>12:50
22.3311239s,D,13>17
22.3311239s,C,13>8
22.3311239s,S,13>17:51
22.3311239s,C,8>13
22.3311239s,C,13>8
22.3311239s,C,8>13
22.3341245s,S,2>12:50
22.3361251s,S,3>8:50
22.3381254s,S,8>9:50
22.3451269s,S,14>12:50
22.3491274s,S,0>1:50
22.3531282s,S,8>3:50
22.3591266s,S,9>5:50
22.3661284s,S,11>4:50
22.3661284s,S,10>14:50
22.3681287s,S,3>7:50
22.3691291s,S,17>13:52
22.3711297s,S,14>13:50
22.3731299s,S,7>5:50
22.3821349s,D,6>17
22.3821349s,C,6>15
22.3821349s,C,6>15
22.3821349s,S,6>17:51
22.3821349s,C,15>6
22.3821349s,C,15>6
22.3861357s,S,8>2:50
22.3951375s,S,16>3:50
22.3981382s,S,2>17:50
22.4051394s,S,13>3:50
22.4081404s,S,11>14:50
22.416142s,S,15>17:50
22.4171421s,S,14>11:50
22.4181423s,S,5>17:51
22.4251438s,S,3>11:50
22.4271443s,S,10>13:50
22.4271443s,S,14>3:50
22.4271443s,S,5>14:50
22.4291446s,S,9>15:50
22.4291446s,S,8>0:50
22.4451476s,S,13>15:50
22.446148s,S,0>5:50
22.4501488s,S,2>0:50
22.4631487s,S,10>6:50
22.4671496s,S,3>13:50
22.4711507s,S,16>12:50
22.4711507s,S,11>16:50
22.4721511s,S,17>6:52
22.4751541s,S,7>17:50
22.4781548s,S,14>8:50
22.5041605s,S,17>5:52
22.5051607s,S,3>16:50
22.5091612s,S,8>7:50
22.5091612s,S,15>7:50
22.5301657s,S,14>1:50
22.5311658s,S,7>10:50
22.5321686s,S,13>17:50
22.5351637s,S,5>13:50
22.546169s,S,11>10:50
22.5501698s,S,2>10:50
22.5531702s,S,10>17:50
22.5581714s,S,16>4:50
22.5631724s,S,6>12:50
22.5681733s,S,13>9:50
22.5801734s,S,3>17:50
22.5841584s,S,0>14:50
22.5871594s,S,7>3:50
22.5891611s,S,11>9:50
22.5901609s,S,13>16:50
22.5921756s,S,5>9:50
22.5971768s,S,10>0:50
22.5981769s,S,14>3:50
22.6031609s,S,2>7:50
22.6141808s,S,15>11:50
22.6151809s,S,11>1:50
22.6171671s,S,5>0:50
22.6251658s,S,3>0:50
22.6371688s,S,16>10:50
22.6421698s,D,12>17
22.6421698s,C,17>9
22.6421698s,C,9>17
22.6421698s,C,17>9
22.6421698s,C,12>15
22.6421698s,C,9>17
22.6421698s,C,12>15
22.6421698s,S,12>17:51
22.6421698s,C,15>12
22.6421698s,C,15>12
22.6431702s,S,7>6:50
22.6601739s,S,14>4:50
22.6621742s,S,13>5:50
22.6631746s,S,11>2:50
22.6651751s,S,5>10:50
22.6671754s,S,6>14:50
22.6721749s,S,2>13:50
22.6881802s,S,10>7:50
22.6921904s,S,17>12:52
22.6971916s,S,0>15:50
22.7072003s,S,15>13:50
22.7131838s,S,16>11:50
22.7142062s,S,11>8:50
22.7162064s,S,3>10:50
22.7182067s,S,2>14:50
22.7202073s,S,14>9:50
22.7452096s,S,13>7:50
22.7452096s,S,12>10:50
22.7462098s,S,10>5:50
22.7462098s,S,11>6:50
22.7492105s,S,7>8:50
22.7521933s,S,5>8:50
22.7551942s,S,5>6:50
22.7591948s,S,3>6:50
22.7681965s,S,16>17:51
22.7681965s,S,14>15:50
22.7791986s,S,6>3:50
22.7892122s,S,16>6:50
22.7892122s,S,2>15:50
22.7942134s,S,15>4:50
22.7962137s,S,7>1:50
22.7982136s,S,13>10:50
22.7982136s,S,12>1:50
22.8292206s,S,5>15:50
22.8332859s,S,10>16:50
22.8353111s,S,13>1:50
22.8412125s,S,11>5:50
22.8412125s,S,0>16:50
22.8532147s,S,3>14:50
22.8552267s,S,17>16:52
22.857217s,S,12>13:50
22.8602168s,S,7>16:50
22.8722303s,S,6>5:50
22.8782317s,S,13>2:50
22.8832347s,S,15>17:51
22.8872338s,S,15>10:50
22.8912246s,S,14>17:50
22.8942423s,S,2>9:50
22.9052446s,S,12>0:50
22.9102292s,S,10>4:50
22.9152468s,S,3>12:50
22.9162469s,S,16>13:50
22.9242322s,S,13>14:50
22.9282321s,S,11>15:50
22.9312542s,S,2>6:50
22.9332544s,S,17>16:51
22.9332544s,S,16>17:50
22.9502581s,S,7>9:50
22.9522555s,S,10>1:50
22.9542592s,S,14>0:50
22.9672618s,S,5>16:50
22.9692597s,S,3>15:50
22.9712626s,S,0>2:50
22.9762428s,S,17>15:52
22.9802451s,S,15>9:50
22.9822652s,S,13>0:50
22.9872454s,S,16>7:50
22.9932476s,S,7>13:50
23.0002691s,S,10>15:50
23.0092503s,S,6>17:50
23.0092503s,S,12>7:50
23.0112517s,S,16>0:50
23.0112517s,S,16>17:52
23.0162726s,D,17>9
23.0162726s,C,17>1
23.0162726s,S,17>9:51
23.0162726s,C,17>1
23.0162726s,C,1>17
23.0162726s,C,1>17
23.0182729s,S,11>7:50
23.0332763s,S,2>8:50
23.0442593s,S,17>2:51
23.0442593s,S,9>17:52
23.0452597s,S,7>11:50
23.059261s,S,15>3:50
23.0622625s,S,3>9:50
23.0662803s,S,14>10:50
23.0672805s,S,13>6:50
23.0712816s,S,17>4:50
23.0742823s,S,0>4:50
23.0762682s,S,11>3:50
23.0762682s,S,12>4:50
23.07927s,S,16>15:50
23.0902715s,S,5>17:50
23.0902715s,S,17>3:50
23.0962731s,S,17>7:51
23.0962731s,S,2>17:52
23.1012735s,S,6>4:50
23.1032746s,S,7>2:50
23.1152818s,S,17>8:50
23.1182824s,S,11>13:50
23.1282758s,S,12>14:50
23.129276s,S,14>13:50
23.1322758s,S,17>6:50
23.137277s,S,16>9:50
23.1512812s,S,15>3:50
23.1512812s,S,15>14:50
23.1562821s,S,11>17:50
23.1562821s,S,17>8:51
23.1562821s,S,7>17:52
23.1562821s,S,17>7:50
23.1562821s,S,13>4:50
23.1672847s,S,0>7:50
23.1722857s,S,7>12:50
23.1762865s,S,5>0:50
23.1862896s,S,17>10:51
23.1862896s,S,8>17:52
23.1882895s,S,14>5:50
23.1922901s,S,6>1:50
23.1922901s,S,13>11:50
23.1992921s,S,16>14:50
23.1992921s,S,12>2:50
23.2042925s,S,16>1:50
23.2132946s,S,17>13:50
23.2132946s,S,17>5:50
23.2172954s,S,17>2:50
23.2222972s,S,17>16:50
23.227299s,S,10>17:52
23.2292987s,S,13>12:50
23.2383184s,S,7>15:50
23.2513212s,S,17>12:50
23.2513212s,S,17>13:51
23.2593059s,S,7>17:51
23.2603072s,S,12>3:50
23.2633278s,S,15>0:50
23.2633278s,S,15>14:50
23.2683287s,S,17>14:50
23.2683287s,S,17>3:50
23.2743093s,S,0>8:50
23.287333s,S,6>2:50
23.2893332s,S,17>6:51
23.2893332s,S,13>17:52
23.2953158s,S,14>16:50
23.2953158s,S,16>5:50
23.2983353s,S,17>15:50
23.2983353s,S,17>9:50
23.3133384s,S,5>6:50
23.3133384s,S,12>6:50
23.315339s,S,17>7:52
23.3273227s,S,17>2:50
23.3273227s,S,17>0:50
23.3293417s,S,17>14:50
23.3293417s,S,17>5:50
23.345325s,S,7>0:50
23.3573269s,S,0>13:50
23.3733483s,S,7>10:50
23.3813529s,S,17>6:50
23.3813529s,S,6>17:52
23.3903338s,S,6>10:50
23.3903338s,S,17>15:51
23.3903338s,S,17>11:50
23.3933377s,S,14>6:50
23.3933377s,S,17>14:50
23.4053581s,S,15>0:50
23.4143601s,S,17>9:50
23.4143601s,S,17>5:50
23.4163604s,S,12>8:50
23.4173608s,S,16>8:50
23.4173608s,S,17>10:50
23.4313638s,S,7>4:50
23.4333641s,S,17>12:50
23.4413637s,S,17>0:50
23.4503678s,S,5>7:50
23.4593692s,S,12>9:50
23.4613507s,S,17>10:50
23.4733532s,S,6>17:51
23.4733532s,S,17>16:50
23.4813718s,S,6>13:50
23.4823725s,S,17>15:50
23.4823725s,S,17>3:51
23.4823725s,S,15>17:52
23.4843728s,S,16>3:50
23.4874567s,S,17>4:50
23.4893562s,S,7>5:50
23.4973581s,S,12>11:50
23.5003591s,S,17>9:50
23.5063804s,S,14>2:50
23.5253635s,S,17>11:51
23.5253635s,S,3>17:52
23.5273655s,S,17>2:50
23.5333862s,S,17>10:50
23.5333862s,S,17>0:50
23.5333862s,S,17>8:50
23.5483894s,S,15>10:50
23.5503896s,S,12>5:50
23.5523875s,S,5>11:50
23.5523875s,S,17>16:50
23.5633925s,S,16>12:50
23.5633925s,S,17>6:52
23.5673936s,S,17>7:50
23.5673936s,S,17>12:51
23.5673936s,S,6>7:50
23.5673936s,S,11>17:52
23.5773744s,S,17>11:50
23.5773744s,S,17>15:50
23.5923781s,S,7>17:50
23.6113847s,S,17>4:50
23.6203838s,S,17>3:50
23.6203838s,S,17>11:50
23.6214054s,S,12>17:52
23.6243849s,S,17>13:50
23.627388s,S,17>0:50
23.6304071s,S,17>16:50
23.6404067s,S,5>12:50
23.6404067s,S,15>9:50
23.6484109s,S,16>4:50
23.6484109s,S,7>1:50
23.6484109s,S,12>16:50
23.6533911s,S,17>8:50
23.6554124s,S,6>13:50
23.6613942s,S,17>3:50
23.6613942s,S,17>6:50
23.6623952s,S,17>14:50
23.6703948s,S,17>11:50
23.6703948s,S,17>15:50
23.6763964s,S,6>9:50
23.6844189s,S,17>7:50
23.6924179s,S,12>17:51
23.7084032s,S,17>16:50
23.7114057s,S,7>16:50
23.7134048s,S,17>12:50
23.7184262s,S,17>10:50
23.7184262s,S,17>0:50
23.7184262s,S,15>8:50
23.7244279s,S,17>5:50
23.7284284s,S,16>10:50
23.7374302s,S,5>14:50
23.7414105s,S,17>13:50
23.7454116s,S,6>2:50
23.7454116s,S,12>17:50
23.7534126s,S,17>6:50
23.7544339s,S,6>11:50
23.7634356s,S,17>11:50
23.7634356s,S,17>15:50
23.7654359s,S,17>4:50
23.7654359s,S,17>12:52
23.7854371s,S,17>16:50
23.7984429s,S,15>2:50
23.8014435s,S,7>9:50
23.8034438s,S,17>3:50
23.8074264s,S,16>11:50
23.8074264s,S,17>8:50
23.8094422s,S,17>10:50
23.8144461s,S,17>9:50
23.8174468s,S,17>12:50
23.8404519s,S,17>7:50
23.841452s,S,17>2:50
23.8444527s,S,5>13:50
23.8444527s,S,17>6:50
23.8444527s,S,7>3:50
23.847434s,S,6>8:50
23.8484324s,S,6>10:50
23.8544329s,S,17>11:50
23.8544329s,S,17>15:50
23.8624565s,S,17>16:50
23.8704581s,S,17>14:50
23.8844608s,S,16>6:50
23.8934433s,S,17>0:50
23.8954438s,S,17>3:50
23.8974429s,S,17>13:50
23.8974429s,S,17>7:50
23.9004644s,S,15>16:50
23.9004644s,S,7>6:50
23.9294497s,S,6>16:50
23.9334714s,S,17>5:50
23.9334714s,S,17>14:50
23.9344718s,S,17>4:50
23.9344718s,S,17>6:50
23.9384726s,S,17>16:50
23.940452s,S,6>8:50
23.9484748s,S,17>11:50
23.9484748s,S,17>15:50
23.955476s,S,17>13:50
23.9774622s,S,17>8:50
23.983482s,S,17>10:50
23.9914816s,S,17>3:50
23.9954654s,S,17>12:50
24.0084665s,S,7>8:50
24.0094672s,S,17>7:50
24.0114692s,S,16>13:50
24.0184872s,S,17>9:50
24.0184872s,S,17>5:50
24.0264712s,S,15>7:50
24.0274728s,S,17>16:50
24.0274728s,S,17>6:50
24.0414737s,S,17>11:50
24.0414737s,S,17>15:50
24.046477s,S,17>4:50
24.046477s,S,17>2:50
24.0544974s,S,6>16:50
24.0544974s,S,6>0:50
24.055477s,S,7>2:50
24.0654997s,S,17>13:50
24.0845011s,S,16>7:50
24.0845011s,S,17>3:50
24.0895753s,S,17>8:50
24.09849s,S,17>0:50
24.1034898s,S,17>12:50
24.1074912s,S,17>9:50
24.1204943s,S,17>6:50
24.1224937s,S,7>13:50
24.1224937s,S,17>8:50
24.1314931s,S,17>13:50
24.1314931s,S,17>15:50
24.133494s,S,17>2:50
24.133494s,S,17>9:50
24.1354942s,S,15>11:50
24.1534978s,S,17>7:50
24.1564987s,S,17>14:50
24.1735033s,S,7>11:50
24.1775035s,S,17>12:50
24.1775035s,S,16>15:50
24.1885062s,S,17>10:50
24.1935247s,S,17>0:50
24.1935247s,S,17>2:50
24.1955182s,S,6>0:50
24.2085211s,S,17>13:50
24.2115218s,S,17>6:50
24.2115218s,S,17>4:50
24.2185315s,S,17>5:50
24.228534s,S,7>0:50
24.2335349s,S,15>5:50
24.2335349s,S,17>11:50
24.2445375s,S,17>12:50
24.2445375s,S,17>14:50
24.2535422s,S,17>8:50
24.2535422s,S,17>4:50
24.2755468s,S,17>3:50
24.2845486s,S,17>7:50
24.2845486s,S,17>10:50
24.2945508s,S,17>8:50
24.2965511s,S,17>4:50
24.3035523s,S,16>1:50
24.3035523s,S,17>6:50
24.3045527s,S,17>9:50
24.3065532s,S,17>5:50
24.3295577s,S,17>2:50
24.3335585s,S,7>12:50
24.3365592s,S,17>4:50
24.3365592s,S,6>7:50
24.3405603s,S,17>13:50
24.3405603s,S,17>7:50
24.3695659s,S,15>17:50
24.3765674s,S,17>12:50
24.3785679s,S,17>8:50
24.3825658s,S,17>0:50
24.3945686s,S,17>16:50
24.4005699s,S,7>15:50
24.4095746s,S,17>7:50
24.4275784s,S,17>14:50
24.4415811s,S,6>9:50
24.4595847s,S,15>13:50
24.4645856s,S,17>13:50
24.4695866s,S,17>15:50
24.4725873s,S,17>10:50
24.4895909s,S,17>5:50
24.5005933s,S,17>12:50
24.5195972s,S,6>11:50
24.5456024s,S,15>4:50
24.5516034s,S,17>14:50
24.5606055s,S,17>11:50
24.5746082s,S,17>9:50
24.6006137s,S,17>2:50
24.6036141s,S,17>3:50
24.6106156s,S,6>17:50
24.6126161s,S,17>5:50
24.6226177s,S,17>15:51
24.6506237s,S,17>0:50
24.6976331s,S,17>9:50
24.7006338s,S,6>4:50
24.7136361s,S,17>12:51
24.7136361s,S,15>17:52
24.7246387s,S,17>2:50
24.7426422s,S,17>10:50
24.7636464s,S,12>17:52
24.7926522s,S,6>12:50
24.8936728s,S,6>14:50
25.0036951s,S,6>3:50
25.0957112s,S,6>5:50
25.233743s,S,6>1:50
