t,c,d
0s,I,2018-08-17T14:53:34.3257062000
653.3608ms,L,0
668.3625ms,D,1>0:18000000
669.3641ms,L,1
674.3647ms,D,2>0:20000000
675.364ms,L,2
677.3657ms,D,3>0:18000000
693.3684ms,L,3
704.3712ms,D,4>0:19000000
710.372ms,L,4
713.3727ms,D,5>0:27000000
730.3767ms,L,5
1.1614753s,S,4>0:51
1.2534958s,S,2>0:51
1.2564959s,S,0>4:52
1.3585191s,S,4>0:50
1.3585191s,S,0>2:52
1.3725221s,S,5>0:51
1.4595416s,S,3>0:51
1.4605417s,S,2>0:50
1.5115537s,S,0>5:52
1.5495627s,S,1>0:51
1.5515627s,S,0>3:52
1.6405825s,S,0>1:52
1.6415832s,S,3>0:50
1.6485847s,S,5>0:50
1.7316037s,S,0>1:51
1.7316037s,S,1>0:50
1.8216245s,S,0>2:51
1.8216245s,S,1>0:52
1.9216475s,S,0>3:51
1.9216475s,S,2>0:52
2.0126675s,S,0>4:51
2.0126675s,S,3>0:52
2.1076922s,S,0>5:51
2.1076922s,S,4>0:52
2.2427191s,S,5>0:52
4.3982086s,D,6>0:28000000
4.4002086s,L,6
4.40921s,D,7>0:21000000
4.4112106s,L,7
4.4142122s,D,8>0:16000000
4.4152117s,L,8
4.4722247s,D,9>0:18000000
4.4722247s,D,10>0:18000000
4.4752257s,D,11>0:15000000
4.4782261s,L,10
4.4782261s,L,9
4.4782261s,L,11
4.5152341s,D,12>0:20000000
4.5172349s,L,12
4.5582444s,D,13>0:17000000
4.5592445s,L,13
4.6362616s,D,14>0:22000000
4.6382621s,L,14
4.7392846s,D,15>0:28000000
4.7412858s,L,15
5.2433989s,S,0>7:51
5.3484234s,S,0>9:51
5.3484234s,S,7>0:52
5.3684275s,S,6>0:51
5.3974339s,S,8>0:51
5.438443s,S,0>11:51
5.438443s,S,9>0:52
5.453447s,S,0>9:50
5.453447s,S,7>0:51
5.4554473s,S,10>0:51
5.4604482s,S,11>0:51
5.4774522s,S,0>8:52
5.495456s,S,12>0:51
5.5134601s,S,0>14:51
5.5134601s,S,0>6:52
5.5284638s,S,9>0:51
5.5284638s,S,0>7:50
5.5364658s,S,11>0:52
5.5364658s,S,0>11:52
5.5414667s,S,13>0:51
5.5464676s,S,0>10:52
5.5574705s,S,8>0:50
5.5964791s,S,0>12:52
5.612483s,S,11>0:50
5.612483s,S,0>3:50
5.6154837s,S,14>0:51
5.6184843s,S,0>9:52
5.6244857s,S,0>14:50
5.6244857s,S,0>15:51
5.6274864s,S,0>13:52
5.6344879s,S,0>7:52
5.6364884s,S,0>10:50
5.6364884s,S,10>0:50
5.6534918s,S,6>0:50
5.6965027s,S,12>0:50
5.7095059s,S,9>0:50
5.7125077s,S,15>0:51
5.7145065s,S,13>0:50
5.7255179s,S,14>0:52
5.7365111s,S,0>8:50
5.7365111s,S,0>14:52
5.7395115s,S,0>7:50
5.7395115s,S,7>0:50
5.7655181s,S,0>6:51
5.7655181s,S,0>15:50
5.8385355s,S,0>8:50
5.8455373s,S,0>10:50
5.8455373s,S,0>7:50
5.8465551s,S,14>0:50
5.8535381s,S,15>0:52
5.9065494s,S,6>0:52
5.9095501s,S,0>3:50
5.9095501s,S,0>15:52
5.9195522s,S,0>9:50
5.9195522s,S,0>8:51
5.9515705s,S,0>10:50
5.9945699s,S,0>7:50
6.0005713s,S,0>11:50
6.0005713s,S,8>0:52
6.0105735s,S,0>14:50
6.0435804s,S,0>10:51
6.0495821s,S,0>3:50
6.0525827s,S,0>15:50
6.0525827s,S,15>0:50
6.0765879s,S,0>13:50
6.0825893s,S,0>6:50
6.1356012s,S,0>12:51
6.1356012s,S,10>0:52
6.1356012s,S,0>10:50
6.1416028s,S,0>7:50
6.1416028s,S,0>3:50
6.1626076s,S,0>2:50
6.1936146s,S,0>15:50
6.2256214s,S,0>1:50
6.2356239s,S,0>13:51
6.2356239s,S,12>0:52
6.2356239s,S,0>12:50
6.2466262s,S,0>7:50
6.2466262s,S,0>10:50
6.2646308s,S,0>4:50
6.2646308s,S,0>2:50
6.3226531s,S,13>0:52
6.3346558s,S,0>3:50
6.3346558s,S,0>15:50
6.3376565s,S,0>1:50
6.3526599s,S,0>10:50
6.3616523s,S,0>5:50
6.3616523s,S,0>4:50
6.3656628s,S,0>2:50
6.3656628s,S,0>11:50
6.3706546s,D,2>9:10000000
6.3706546s,S,2>9:51
6.4226661s,S,9>2:52
6.4426704s,S,0>13:50
6.4426704s,S,0>11:50
6.4456711s,S,0>10:50
6.4586743s,S,0>4:50
6.4736777s,S,2>0:50
6.4766784s,S,0>15:50
6.4766784s,S,0>3:50
6.4866808s,D,8>7:9000000
6.4866808s,S,8>7:51
6.4986836s,S,0>6:50
6.4986836s,S,0>5:50
6.5186888s,S,0>11:50
6.5286901s,S,0>1:50
6.5286901s,S,0>13:50
6.5306904s,D,6>8:16000000
6.5306904s,S,6>8:51
6.5326909s,D,5>9:17000000
6.5326909s,S,7>8:52
6.5326909s,S,5>9:51
6.5416939s,D,11>9:5000000
6.5416939s,S,11>9:51
6.5426949s,D,8>14:10000000
6.5426949s,S,8>14:51
6.5657081s,D,10>6:18000000
6.5657081s,S,10>6:51
6.5686991s,D,7>11:8000000
6.5686991s,S,9>11:52
6.5686991s,S,7>11:51
6.5716998s,D,3>6:18000000
6.5716998s,S,3>6:51
6.5737004s,S,2>9:50
6.5767008s,D,11>7:8000000
6.5767008s,C,7>11
6.5767008s,C,11>7
6.5767008s,C,7>11
6.5767008s,C,11>7
6.5767008s,S,11>7:51
6.5787022s,S,8>0:50
6.5947049s,S,0>11:50
6.5947049s,S,14>8:52
6.604717s,D,12>8:8000000
6.604717s,S,12>8:51
6.6077092s,D,7>15:21000000
6.6077092s,S,7>15:51
6.6137191s,S,8>6:52
6.6147192s,S,0>13:50
6.6147192s,S,0>2:50
6.6177108s,S,0>15:50
6.6187203s,S,11>7:50
6.6187203s,S,7>11:52
6.6197204s,S,0>4:50
6.6197204s,S,9>5:52
6.630723s,D,9>14:12000000
6.630723s,S,9>14:51
6.6317232s,D,13>11:4000000
6.6317232s,S,13>11:51
6.6347239s,S,0>5:50
6.6417253s,S,0>6:50
6.6417253s,S,0>12:50
6.6467169s,S,8>12:50
6.6507192s,D,1>10:8000000
6.6507192s,S,1>10:51
6.6527195s,S,11>13:52
6.6567203s,S,6>10:52
6.6607208s,S,11>0:50
6.6617206s,S,8>7:50
6.6617206s,S,11>9:50
6.6627304s,D,13>7:10000000
6.6627304s,S,6>3:52
6.6627304s,S,13>7:51
6.669722s,D,10>14:12000000
6.669722s,S,10>14:51
6.6737231s,S,13>11:50
6.6757233s,D,3>14:12000000
6.6757233s,S,3>14:51
6.6867259s,S,11>7:50
6.6877264s,S,8>0:50
6.6877264s,S,8>12:52
6.6917278s,S,9>2:51
6.6917278s,S,14>9:52
6.6917278s,S,10>1:52
6.6957289s,S,6>0:50
6.6977297s,D,1>8:6000000
6.6977297s,S,1>8:51
6.7017299s,S,0>13:50
6.7017299s,S,0>1:50
6.705731s,S,5>0:50
6.7067315s,S,8>6:50
6.7137324s,S,15>7:52
6.7147325s,S,13>7:50
6.7147325s,S,7>13:52
6.7177344s,S,0>4:50
6.7177344s,S,0>2:50
6.7217343s,D,13>9:7000000
6.7217343s,S,13>9:51
6.7267446s,S,11>13:50
6.7287355s,S,8>1:52
6.7297356s,S,14>10:52
6.7297356s,S,12>0:50
6.733737s,D,1>11:5000000
6.733737s,S,1>0:50
6.733737s,S,1>11:51
6.7347372s,D,7>6:21000000
6.7347372s,S,7>6:51
6.7367374s,D,10>13:7000000
6.7367374s,S,14>3:52
6.7367374s,S,10>13:51
6.7377375s,S,11>9:50
6.7437486s,S,9>5:51
6.7437486s,S,2>9:52
6.7467502s,S,10>0:50
6.7487495s,S,11>0:50
6.7487495s,D,3>7:11000000
6.7487495s,S,3>7:51
6.7527506s,S,14>9:51
6.7527506s,S,9>14:50
6.7547512s,S,3>0:50
6.7587444s,S,0>15:50
6.7587444s,S,9>13:52
6.7597533s,S,11>1:52
6.7597533s,S,1>10:50
6.7687542s,S,13>0:50
6.7697555s,S,8>7:50
6.7717558s,S,0>8:50
6.7717558s,S,0>5:50
6.7747459s,S,13>10:52
6.7827481s,D,10>9:8000000
6.7827481s,S,10>9:51
6.7867501s,S,0>12:50
6.7897505s,S,8>14:50
6.791751s,S,10>14:50
6.7957507s,S,0>1:50
6.7987514s,S,3>6:50
6.8037526s,S,1>8:50
6.8037526s,S,1>10:50
6.8067542s,S,7>3:52
6.8117542s,D,3>11:5000000
6.8117542s,S,3>11:51
6.8137548s,S,9>13:50
6.8137548s,S,9>14:52
6.8137548s,S,14>10:51
6.8147552s,S,0>4:50
6.8177568s,S,8>6:50
6.8177568s,S,0>11:50
6.8177568s,S,0>2:50
6.819757s,S,7>0:50
6.8247574s,S,9>10:52
6.8247574s,S,10>9:50
6.8297583s,D,10>11:5000000
6.8297583s,S,10>11:51
6.830759s,S,9>11:51
6.830759s,S,5>9:52
6.8427618s,S,6>8:50
6.8427618s,S,11>3:52
6.8427618s,S,6>7:52
6.8437622s,S,12>8:50
6.8437622s,S,1>11:50
6.8437622s,S,10>6:50
6.8687672s,D,7>14:15000000
6.8687672s,S,7>14:51
6.8687672s,S,10>13:50
6.8687672s,S,0>9:50
6.8687672s,S,13>0:50
6.8687672s,D,3>9:8000000
6.8687672s,S,3>9:51
6.8697676s,S,1>8:50
6.8697676s,S,1>10:50
6.8807699s,S,9>0:50
6.8807699s,S,3>0:50
6.8937734s,S,11>10:52
6.8947732s,S,11>9:52
6.8947732s,S,10>0:50
6.8947732s,D,15>9:18000000
6.8947732s,S,15>9:51
6.8967741s,S,10>14:52
6.8967741s,S,14>3:51
6.9147779s,S,14>7:50
6.9157786s,D,10>7:11000000
6.9157786s,S,10>7:51
6.9157786s,D,9>7:11000000
6.9157786s,S,9>7:51
6.9157786s,S,1>0:50
6.9167784s,S,0>8:50
6.9167784s,S,0>13:50
6.9167784s,S,3>14:50
6.9167784s,S,3>6:50
6.9177786s,S,0>3:50
6.9277805s,S,0>6:50
6.9277805s,S,0>5:50
6.9317819s,S,8>14:50
6.932782s,S,5>9:50
6.9337824s,S,1>11:50
6.9357821s,S,10>9:50
6.9357821s,S,10>13:50
6.9357821s,S,9>3:52
6.9357821s,S,1>8:50
6.9367828s,S,0>11:50
6.9367828s,S,0>2:50
6.9387833s,S,7>8:50
6.9427842s,S,9>14:50
6.9487852s,S,6>10:50
6.9517865s,S,10>1:50
6.9597878s,S,7>13:50
6.9657901s,S,14>9:50
6.9667905s,S,13>11:50
6.9667905s,S,13>0:50
6.9707907s,S,0>14:50
6.9707907s,S,0>9:50
6.9717909s,S,9>2:50
6.9717909s,S,7>9:52
6.9717909s,S,7>10:52
6.9777943s,S,10>9:50
6.9777943s,S,3>9:50
6.9777943s,S,3>7:50
6.9777943s,S,3>14:52
6.9877947s,S,13>7:50
6.9877947s,S,7>11:50
6.9877947s,S,7>8:51
6.9897953s,D,10>15:18000000
6.9897953s,S,10>0:50
6.9897953s,S,10>6:50
6.9897953s,S,10>15:51
6.9897953s,S,9>15:52
6.9917952s,S,14>0:50
6.9917952s,S,14>7:52
6.9927957s,S,10>14:50
7.0047981s,S,9>13:50
7.0047981s,S,0>1:50
7.0047981s,D,15>11:15000000
7.0047981s,S,15>11:51
7.0077988s,S,3>6:50
7.0077988s,S,1>0:50
7.0077988s,S,0>7:50
7.0118008s,S,0>13:50
7.0118008s,S,7>6:50
7.0188017s,S,10>11:50
7.0218021s,S,9>5:50
7.0228037s,S,3>0:50
7.026803s,S,14>10:50
7.029804s,S,7>15:50
7.0338045s,S,7>9:51
7.0338045s,S,8>7:52
7.0378059s,S,3>14:50
7.0378059s,S,0>4:50
7.038806s,S,13>9:50
7.038806s,S,6>3:50
7.0408063s,S,9>10:50
7.0538095s,S,10>13:50
7.0538095s,S,13>11:50
7.0628112s,S,0>9:50
7.0638122s,S,0>5:50
7.0688129s,S,14>7:51
7.0688129s,S,7>3:50
7.069813s,S,0>12:50
7.069813s,S,0>6:50
7.0748139s,S,13>10:50
7.0758147s,S,13>7:50
7.0808153s,S,9>15:50
7.0808153s,S,10>6:50
7.0808153s,S,15>11:50
7.0808153s,S,10>0:50
7.0808153s,S,15>10:52
7.0808153s,S,10>1:50
7.0808153s,S,9>3:50
7.0808153s,S,7>8:50
7.0808153s,S,15>7:51
7.0808153s,S,11>15:52
7.0818154s,S,0>15:50
7.0818154s,S,0>14:50
7.0868164s,S,14>3:50
7.0898171s,S,9>7:52
7.0998207s,S,3>7:50
7.0998207s,S,3>6:50
7.0998207s,S,3>14:50
7.1038207s,S,14>8:50
7.1068213s,S,9>11:50
7.1138225s,S,3>0:50
7.1138225s,S,0>13:50
7.1178236s,S,7>10:50
7.121825s,S,10>14:50
7.121825s,S,9>0:50
7.1258259s,S,7>14:50
7.1288262s,S,13>9:50
7.1288262s,S,7>11:50
7.1328271s,S,0>4:50
7.1348276s,S,7>13:50
7.149831s,S,14>7:50
7.1548329s,S,14>9:50
7.1548329s,S,14>8:51
7.1568337s,S,15>0:50
7.1618341s,S,3>7:50
7.1658355s,S,13>10:50
7.169836s,S,0>12:50
7.169836s,S,0>8:50
7.1728364s,S,10>1:50
7.1728364s,S,10>6:50
7.1728364s,S,10>0:50
7.1728364s,S,9>7:50
7.1738374s,S,7>8:50
7.1738374s,S,7>10:50
7.183839s,S,10>13:50
7.1858395s,S,7>6:50
7.1858395s,S,15>7:50
7.1858395s,S,7>13:50
7.1858395s,S,7>15:52
7.1918403s,S,3>14:50
7.1918403s,S,3>6:50
7.194841s,S,0>14:50
7.2008424s,S,0>5:50
7.2008424s,S,0>2:50
7.2048432s,S,7>9:50
7.2048432s,S,7>14:52
7.2058436s,S,8>14:52
7.2098444s,S,0>6:50
7.2138458s,D,15>6:28000000
7.2138458s,S,15>6:51
7.2138458s,S,10>14:50
7.2138458s,S,9>2:50
7.2168468s,S,14>10:50
7.2168468s,S,3>11:50
7.2198469s,S,7>11:50
7.2238477s,S,0>3:50
7.2248481s,S,14>0:50
7.2278488s,S,9>14:50
7.2288492s,S,7>8:50
7.2428522s,S,3>9:50
7.2498543s,S,0>9:50
7.2498543s,S,0>8:50
7.2528547s,S,3>7:50
7.2598565s,S,7>3:50
7.2598565s,S,7>0:50
7.2648574s,S,10>1:50
7.2648574s,S,10>0:50
7.2648574s,S,9>5:50
7.2708588s,S,0>1:50
7.2708588s,S,0>12:50
7.2738592s,S,10>13:50
7.2738592s,S,7>11:50
7.2768599s,S,14>3:50
7.27786s,D,4>15:19000000
7.27786s,S,4>15:51
7.2798606s,S,14>9:50
7.2828612s,S,3>14:50
7.2838614s,S,3>0:50
7.2898624s,S,9>13:50
7.2908629s,S,15>9:50
7.2908629s,S,7>6:50
7.2908629s,S,15>7:50
7.3008659s,S,0>11:50
7.3048659s,S,10>1:50
7.309868s,S,3>11:50
7.309868s,S,10>9:50
7.3138682s,S,0>7:50
7.3138682s,S,0>3:50
7.3148686s,S,7>13:50
7.3168689s,S,7>14:50
7.3168689s,S,7>3:50
7.3228703s,S,0>10:51
7.3258715s,S,9>10:50
7.3358737s,S,3>9:50
7.3358737s,S,14>8:50
7.3358737s,S,14>0:50
7.3368741s,S,0>5:50
7.3418751s,S,14>10:50
7.3418751s,S,0>14:50
7.3438756s,S,3>7:50
7.3488772s,S,10>14:50
7.3508768s,S,10>11:50
7.3518764s,S,0>6:50
7.3518764s,S,9>11:50
7.3548776s,S,10>6:50
7.3548776s,S,10>0:50
7.3558778s,S,6>15:52
7.3618791s,S,0>4:50
7.3648795s,S,7>15:50
7.3678802s,S,9>3:50
7.3728815s,S,0>1:50
7.3728815s,S,0>12:50
7.3738819s,S,15>4:52
7.3758821s,S,10>7:50
7.3768823s,S,9>15:50
7.3778824s,D,15>14:22000000
7.3778824s,S,15>14:51
7.3818844s,S,15>10:50
7.392887s,D,4>6:19000000
7.392887s,S,7>9:50
7.392887s,S,4>6:51
7.3968878s,S,7>10:50
7.3968878s,S,15>7:50
7.3968878s,S,15>9:50
7.3968878s,S,7>6:50
7.3988886s,S,3>11:50
7.4028886s,S,14>3:50
7.4088894s,S,10>13:50
7.4098904s,S,9>0:50
7.419892s,S,0>7:50
7.419892s,S,0>10:50
7.4368962s,D,2>14:14000000
7.4368962s,S,2>14:51
7.4438974s,S,10>9:50
7.4448979s,S,10>1:50
7.4448979s,S,10>0:52
7.4458983s,S,14>8:50
7.4488987s,S,7>0:50
7.4639021s,S,14>7:50
7.4669031s,S,9>7:50
7.4699035s,S,7>13:50
7.4719043s,S,0>5:50
7.4729044s,S,15>11:50
7.4729044s,S,0>8:50
7.4729044s,S,0>12:51
7.4859073s,S,10>1:50
7.4859073s,S,10>6:50
7.4859073s,S,10>14:50
7.488908s,S,15>10:50
7.488908s,S,14>15:52
7.4899084s,S,4>6:50
7.4899084s,S,6>4:52
7.4919087s,S,0>6:50
7.4969102s,S,14>9:50
7.4989105s,D,4>10:9000000
7.4989105s,S,4>10:51
7.4999109s,S,9>2:50
7.5029113s,S,15>9:50
7.5029113s,S,7>9:50
7.5069121s,S,14>2:52
7.5099131s,S,0>2:50
7.5199147s,S,7>6:50
7.5259166s,S,0>10:50
7.526917s,D,2>15:20000000
7.526917s,S,2>15:51
7.5389201s,S,14>0:50
7.5449208s,S,10>4:52
7.5459216s,S,10>13:50
7.5459216s,S,10>14:50
7.5509219s,S,15>0:50
7.5509219s,S,9>5:50
7.5519223s,D,4>8:7000000
7.5519223s,S,4>8:51
7.5529228s,S,0>9:50
7.5529228s,S,0>8:50
7.5559226s,S,7>15:50
7.5559226s,S,7>0:50
7.556923s,S,14>10:50
7.5729268s,S,0>15:51
7.5729268s,S,0>12:50
7.5729268s,S,12>0:52
7.5779281s,S,2>0:50
7.5779281s,S,10>11:50
7.580929s,S,15>11:50
7.580929s,S,15>10:50
7.5829293s,S,10>9:50
7.5849296s,S,4>6:50
7.5849296s,S,4>0:50
7.5869304s,S,8>4:52
7.5929315s,D,4>11:6000000
7.5929315s,S,4>11:51
7.5989349s,D,8>11:3000000
7.5989349s,S,8>11:51
7.6009331s,S,15>6:50
7.6029337s,S,10>7:50
7.6069345s,S,0>5:50
7.6119354s,S,0>11:50
7.6139363s,S,6>3:51
7.6149364s,S,8>12:51
7.6149364s,S,11>8:52
7.6169372s,S,14>3:50
7.6239387s,S,10>6:50
7.6249392s,S,7>10:50
7.6249392s,S,11>4:52
7.627939s,S,15>2:52
7.6319398s,S,0>6:50
7.6329405s,S,11>8:51
7.6329405s,S,8>11:50
7.6349408s,D,2>11:7000000
7.6349408s,S,2>11:51
7.6359409s,S,9>11:50
7.636941s,D,5>10:17000000
7.636941s,D,4>7:12000000
7.636941s,S,5>10:51
7.636941s,S,4>7:51
7.642943s,S,0>14:50
7.642943s,S,0>9:50
7.6489452s,S,8>0:50
7.6489452s,S,8>11:52
7.6509443s,S,14>8:50
7.6549451s,D,12>11:7000000
7.6549451s,S,12>11:51
7.6559458s,S,8>4:51
7.6559458s,S,11>4:51
7.6559458s,S,12>8:52
7.6559458s,S,4>10:50
7.6589465s,S,10>15:50
7.6619475s,S,7>15:50
7.6619475s,S,7>0:50
7.6649482s,S,11>3:50
7.66995s,S,11>2:52
7.6719494s,S,15>11:50
7.6719494s,S,15>10:50
7.6739499s,S,0>1:50
7.6739499s,S,0>12:50
7.6789509s,S,14>7:50
7.6789509s,S,2>9:50
7.679951s,S,4>15:50
7.679951s,S,4>0:50
7.680952s,S,7>8:50
7.6829523s,D,2>12:12000000
7.6829523s,S,2>12:51
7.6879529s,S,0>13:50
7.6879529s,S,11>1:51
7.6879529s,S,4>11:52
7.6909536s,S,11>10:50
7.6909536s,S,11>12:52
7.6909536s,S,4>8:52
7.6959546s,S,8>11:50
7.697956s,S,7>4:52
7.7019568s,S,4>10:50
7.7049575s,D,12>7:13000000
7.7049575s,S,12>7:51
7.7049575s,S,2>0:50
7.7059576s,S,3>6:52
7.706958s,D,8>15:16000000
7.706958s,S,8>15:51
7.7089583s,D,4>12:11000000
7.7089583s,S,4>12:51
7.7149597s,S,10>11:50
7.7149597s,S,0>15:50
7.7149597s,S,15>0:52
7.7169599s,S,11>10:51
7.7169599s,S,11>4:50
7.7169599s,S,1>11:52
7.7239611s,D,6>9:18000000
7.7239611s,S,10>5:52
7.7239611s,S,6>9:51
7.7259614s,S,4>8:50
7.7259614s,S,7>11:50
7.7259614s,S,12>2:50
7.7289618s,S,8>7:50
7.7289618s,S,8>0:50
7.7289618s,S,2>14:50
7.7289618s,S,2>9:50
7.7409651s,S,10>7:50
7.742966s,S,15>2:50
7.742966s,S,15>6:50
7.7449659s,D,5>14:21000000
7.7449659s,S,10>11:52
7.7449659s,S,5>14:51
7.7489673s,S,11>8:50
7.7549684s,S,0>3:50
7.7549684s,S,0>14:50
7.7569689s,D,2>7:13000000
7.7569689s,S,2>7:51
7.7599702s,D,11>6:15000000
7.7599702s,S,11>6:51
7.7619696s,S,4>10:50
7.7639704s,S,4>11:50
7.7639704s,S,4>8:50
7.7639704s,S,12>4:52
7.7649706s,S,0>9:50
7.7649706s,S,11>12:50
7.767971s,S,7>15:50
7.767971s,S,7>3:50
7.7709717s,D,1>7:11000000
7.7709717s,S,1>7:51
7.7719721s,S,7>12:52
7.7729725s,D,4>9:9000000
7.7729725s,S,0>6:51
7.7729725s,S,11>7:50
7.7729725s,S,4>9:51
7.7759726s,D,13>6:17000000
7.7759726s,S,4>15:50
7.7759726s,S,4>0:50
7.7759726s,S,13>6:51
7.7759726s,S,8>6:50
7.776973s,S,0>8:50
7.776973s,S,0>12:50
7.7859759s,D,12>14:14000000
7.7859759s,S,12>14:51
7.7879765s,S,12>7:50
7.7879765s,S,12>2:52
7.7889766s,S,8>1:51
7.7889766s,S,15>8:52
7.7959775s,S,4>7:50
7.7979781s,S,10>15:50
7.7989791s,S,2>15:50
7.7989791s,S,2>14:50
7.8009882s,S,11>0:50
7.8049793s,S,2>9:50
7.8069799s,S,4>8:50
7.8099802s,S,5>0:50
7.810981s,S,8>7:50
7.8129909s,S,11>13:50
7.813991s,S,9>6:52
7.8199924s,S,1>8:52
7.8199924s,S,9>4:52
7.8239932s,S,7>14:50
7.8239932s,S,7>2:52
7.8269848s,D,8>9:6000000
7.8269848s,S,7>1:52
7.8269848s,S,8>9:51
7.8339957s,D,6>12:20000000
7.8339957s,S,6>12:51
7.8359863s,S,11>15:50
7.8379871s,S,11>12:51
7.8379871s,S,12>11:50
7.8379871s,S,6>11:52
7.8449892s,D,1>15:18000000
7.8449892s,S,4>11:50
7.8449892s,S,1>15:51
7.8449892s,D,2>6:20000000
7.8449892s,S,2>6:51
7.84699s,S,0>7:50
7.8509906s,S,14>5:52
7.8549917s,S,15>0:50
7.8549917s,S,12>4:50
7.8549917s,S,0>2:50
7.8569925s,S,2>9:50
7.8589925s,S,14>12:52
7.8589925s,S,9>8:52
7.8589925s,S,8>14:50
7.8589925s,S,0>9:50
7.8589925s,S,8>6:51
7.8630021s,S,6>13:52
7.8670032s,S,0>3:50
7.8670032s,S,0>14:50
7.8689944s,D,13>8:5000000
7.8689944s,S,4>12:50
7.8689944s,S,13>8:51
7.8700039s,D,12>9:10000000
7.8700039s,D,5>12:19000000
7.8700039s,S,5>12:51
7.8700039s,S,12>9:51
7.8719953s,S,2>14:50
7.8719953s,S,8>13:50
7.8729958s,S,11>13:51
7.8729958s,S,4>0:50
7.8729958s,S,4>6:50
7.8729958s,S,4>15:50
7.8729958s,S,12>2:50
7.8729958s,S,12>11:52
7.8739962s,S,7>3:50
7.8769969s,S,4>7:50
7.8789968s,S,0>1:50
7.8789968s,S,0>12:50
7.8789968s,S,11>9:50
7.8829968s,S,15>6:50
7.8829968s,S,15>4:50
7.8829968s,S,1>0:50
7.890999s,S,8>15:50
7.8919991s,S,2>12:50
7.8939994s,S,11>3:51
7.8939994s,S,13>11:52
7.8990018s,S,8>13:52
7.9010018s,S,7>9:50
7.9010018s,S,2>15:50
7.9040016s,D,13>12:9000000
7.9040016s,S,13>12:51
7.905002s,S,11>1:50
7.905002s,S,6>3:50
7.908003s,S,11>13:50
7.9100032s,S,12>0:50
7.9110042s,S,11>2:50
7.9110042s,S,8>12:50
7.9110042s,S,8>14:50
7.9140049s,S,11>7:50
7.9150138s,S,0>6:50
7.9150138s,S,0>13:51
7.9150138s,S,6>0:52
7.9210067s,S,9>12:52
7.9210067s,S,3>11:52
7.9260164s,S,13>8:50
7.9290077s,S,7>14:50
7.931008s,D,12>10:10000000
7.931008s,S,11>15:50
7.931008s,D,11>14:9000000
7.931008s,S,12>9:50
7.931008s,S,12>10:51
7.931008s,S,11>14:51
7.9320081s,S,11>1:50
7.9360087s,S,6>15:51
7.9360087s,S,12>7:50
7.9360087s,S,12>6:52
7.9370091s,S,15>1:52
7.9390096s,S,4>12:50
7.9410102s,S,8>6:50
7.9410102s,S,6>8:52
7.945011s,S,2>14:50
7.9460211s,D,3>12:10000000
7.9460211s,S,6>2:52
7.9460211s,S,3>12:51
7.9470212s,D,1>12:10000000
7.9470212s,D,8>10:6000000
7.9470212s,S,5>9:50
7.9470212s,S,11>12:50
7.9470212s,S,1>12:51
7.9470212s,S,11>2:50
7.9470212s,S,8>10:51
7.9500219s,S,13>9:50
7.9520222s,S,13>10:51
7.9520222s,S,13>12:50
7.9520222s,S,12>13:52
7.9530226s,S,8>1:50
7.9530226s,S,0>10:50
7.9530226s,S,2>7:50
7.9550407s,D,2>13:9000000
7.9550407s,S,11>13:50
7.9550407s,S,2>13:51
7.9571231s,S,0>11:50
7.9571231s,S,11>3:50
7.9590149s,S,0>7:50
7.9590149s,S,5>14:50
7.9620258s,S,8>12:50
7.9680193s,S,12>5:52
7.9700181s,S,4>10:50
7.9700181s,S,4>15:50
7.9700181s,S,4>0:50
7.9700181s,S,4>6:50
7.9710182s,S,0>4:50
7.9720195s,S,9>3:51
7.9740189s,S,8>0:50
7.9740189s,S,12>11:50
7.9760188s,S,1>10:50
7.97802s,S,10>8:52
7.9790204s,S,14>11:52
7.9800205s,S,0>12:50
7.9800205s,S,0>1:50
7.9810216s,S,0>8:50
7.9810216s,S,0>14:50
7.9840214s,S,11>7:50
7.9840214s,S,11>0:50
7.9840214s,D,5>13:16000000
7.9840214s,S,8>4:50
7.9840214s,S,12>8:50
7.9840214s,S,10>12:52
7.9840214s,S,5>13:51
7.9860219s,S,11>10:50
7.9880216s,S,10>13:52
7.9890208s,S,13>10:50
7.9990245s,S,12>1:52
7.9990245s,S,12>3:52
7.9990245s,S,13>0:50
7.9990245s,S,15>0:50
7.9990245s,S,15>7:50
8.0040251s,S,2>11:50
8.0040251s,S,2>15:50
8.0040251s,S,13>2:52
8.0050258s,D,13>15:17000000
8.0050258s,S,12>4:50
8.0050258s,D,3>8:6000000
8.0050258s,S,13>15:51
8.0050258s,S,3>8:51
8.0080268s,D,1>9:8000000
8.0080268s,S,11>2:50
8.0080268s,S,11>15:51
8.0080268s,S,1>9:51
8.0100271s,S,8>14:50
8.0110275s,S,12>2:50
8.0140285s,S,9>15:51
8.0140285s,S,3>9:52
8.0160285s,S,11>4:50
8.0160285s,S,1>8:50
8.0170286s,S,4>8:50
8.0190303s,S,2>6:50
8.0210379s,S,8>4:50
8.0220395s,S,8>10:50
8.0240298s,S,11>13:50
8.0240298s,S,15>4:50
8.0240298s,S,12>11:50
8.0240298s,S,12>8:50
8.0240298s,S,13>8:50
8.025187s,S,13>6:50
8.0270296s,S,11>1:50
8.0340323s,S,0>13:50
8.0340323s,S,5>10:50
8.0340323s,S,12>13:50
8.0370321s,S,8>3:52
8.0400336s,S,6>9:50
8.0420342s,S,2>12:50
8.0460347s,D,3>10:8000000
8.0460347s,S,0>15:50
8.0460347s,S,3>10:51
8.0470345s,S,11>7:50
8.0480347s,S,1>11:50
8.0480347s,S,11>8:50
8.0490354s,S,2>14:50
8.0510447s,S,1>9:50
8.0510447s,S,9>1:52
8.0550455s,S,11>4:50
8.0550455s,S,3>8:50
8.0550455s,S,1>12:50
8.056046s,S,8>7:50
8.0601617s,S,8>9:50
8.0601617s,S,12>14:50
8.062038s,S,11>9:50
8.065048s,S,11>12:50
8.065048s,S,4>10:50
8.065048s,S,4>0:50
8.065048s,S,5>13:50
8.065048s,S,13>5:52
8.065048s,S,8>12:50
8.065048s,S,8>14:50
8.0660482s,S,5>12:50
8.0660482s,S,0>10:50
8.0690488s,S,0>5:50
8.0690488s,D,1>6:18000000
8.0690488s,S,12>11:50
8.0690488s,S,4>15:50
8.0690488s,S,1>6:51
8.0720504s,S,0>4:50
8.0740407s,S,12>7:50
8.0740407s,S,12>2:50
8.076041s,S,1>7:50
8.0800429s,S,6>15:50
8.0800429s,S,15>6:52
8.0800429s,S,6>4:51
8.0810428s,S,10>12:51
8.0820517s,D,5>8:15000000
8.0820517s,S,12>10:50
8.0820517s,S,0>1:50
8.0820517s,S,5>8:51
8.0862442s,S,11>15:50
8.0862442s,S,15>11:52
8.0862442s,S,13>11:50
8.0862442s,S,13>0:50
8.0882207s,S,3>8:50
8.0882207s,S,3>10:50
8.0882207s,S,10>3:52
8.0902222s,S,11>1:50
8.0902222s,S,11>9:50
8.0902222s,S,7>10:51
8.0930446s,S,8>11:50
8.0930446s,S,15>13:52
8.0940456s,S,0>14:51
8.0950458s,S,1>0:50
8.0950458s,S,1>8:50
8.1020564s,S,8>6:50
8.1040472s,D,13>14:11000000
8.1040472s,S,13>14:51
8.1040472s,S,11>12:50
8.1040472s,S,11>0:50
8.1050474s,S,2>0:50
8.1070479s,S,2>11:50
8.1070479s,S,9>6:51
8.1070479s,S,15>9:52
8.1070479s,S,2>15:50
8.1070479s,D,3>15:18000000
8.1070479s,S,3>15:51
8.1070479s,S,8>4:50
8.1080483s,S,1>9:50
8.1080483s,S,13>7:50
8.1100486s,S,8>15:50
8.1120503s,S,4>8:50
8.11605s,S,13>8:50
8.1180502s,S,11>3:50
8.1180502s,S,11>1:50
8.1180502s,S,8>12:50
8.1180502s,S,8>14:50
8.1210512s,S,2>14:50
8.1210512s,S,5>14:50
8.1230515s,S,2>6:50
8.1260521s,S,15>14:50
8.1270532s,S,1>11:50
8.1310546s,S,3>6:50
8.1310546s,S,6>11:50
8.1310546s,S,3>10:50
8.1310546s,S,3>11:50
8.1340544s,S,10>8:51
8.1340544s,S,12>6:50
8.1340544s,S,12>0:50
8.1340544s,S,12>10:52
8.1340544s,S,1>15:50
8.1410564s,S,11>14:50
8.1410564s,S,13>12:50
8.1420563s,S,8>9:50
8.1420563s,S,12>14:50
8.1420563s,S,12>7:50
8.1430561s,S,2>12:50
8.1440574s,S,11>10:50
8.1440574s,S,11>3:50
8.1480571s,S,5>0:50
8.1480571s,S,4>11:50
8.1480571s,S,5>10:50
8.1480571s,S,10>7:52
8.1480571s,S,7>2:51
8.1520579s,S,1>7:50
8.1560596s,S,3>9:50
8.1580598s,S,8>5:52
8.15906s,S,13>9:50
8.15906s,S,8>1:50
8.1610605s,S,14>13:52
8.1620606s,S,6>1:52
8.1640615s,S,11>15:50
8.1640615s,S,11>2:50
8.1640615s,S,15>11:50
8.1650616s,S,10>4:51
8.1650616s,S,4>0:50
8.1650616s,S,4>15:50
8.1650616s,S,4>8:50
8.1650616s,S,8>10:52
8.1690624s,S,8>12:50
8.1690624s,D,1>13:7000000
8.1690624s,S,1>13:51
8.1700629s,S,11>4:50
8.1700629s,S,11>10:50
8.1720634s,D,5>11:14000000
8.1720634s,S,8>13:50
8.1720634s,S,5>11:51
8.1740631s,S,13>11:50
8.1740631s,S,13>0:52
8.1750635s,S,4>6:52
8.1750635s,S,0>4:50
8.1780642s,S,13>10:50
8.1790646s,S,11>9:50
8.1840659s,S,10>8:50
8.1850669s,S,1>10:50
8.1850669s,S,1>0:50
8.1870662s,S,0>15:50
8.1890662s,S,8>4:50
8.1890662s,S,8>1:50
8.1910668s,S,8>0:50
8.1950679s,S,13>6:50
8.1950679s,S,10>11:50
8.196068s,S,3>12:50
8.1970681s,D,6>14:22000000
8.1970681s,S,6>14:51
8.1980686s,S,15>3:52
8.1980686s,S,9>14:50
8.1980686s,S,6>9:52
8.1980686s,S,8>10:50
8.1980686s,S,9>12:51
8.199069s,S,11>12:50
8.2010695s,S,11>8:50
8.2010695s,S,11>4:50
8.2020705s,S,4>11:50
8.2030707s,S,7>8:50
8.2050698s,S,0>14:50
8.2050698s,S,14>0:52
8.2050698s,S,13>1:52
8.2060705s,S,14>5:51
8.2060705s,S,6>13:50
8.2060705s,S,11>6:50
8.2060705s,D,3>13:7000000
8.2060705s,S,11>9:50
8.2060705s,S,3>13:51
8.2070709s,S,2>11:50
8.2070709s,S,0>6:50
8.2070709s,S,12>4:50
8.2070709s,S,2>0:50
8.2110714s,S,10>5:51
8.2110714s,S,4>10:52
8.2120721s,S,12>9:50
8.2140721s,S,13>12:50
8.2140721s,S,13>10:50
8.2140721s,S,2>7:52
8.2140721s,S,7>1:51
8.2140721s,S,10>14:50
8.2170731s,D,1>14:12000000
8.2170731s,S,13>14:50
8.2170731s,S,1>14:51
8.2210739s,S,8>11:50
8.2210739s,S,3>14:50
8.2210739s,S,3>6:50
8.2210739s,S,6>11:50
8.2240746s,S,2>13:50
8.2240746s,S,1>15:50
8.2240746s,S,2>6:50
8.2240746s,S,8>4:50
8.2270753s,S,1>8:50
8.2330769s,S,4>7:50
8.2330769s,S,11>13:50
8.2330769s,S,11>8:50
8.2350769s,S,5>14:50
8.2350769s,S,12>0:50
8.2350769s,S,11>0:50
8.2360776s,S,15>0:50
8.2360776s,S,5>10:50
8.2360776s,S,8>14:50
8.2400793s,S,15>14:50
8.2400793s,S,11>15:50
8.2430785s,S,2>12:50
8.2430785s,S,13>3:52
8.2450791s,S,11>5:52
8.2480798s,S,3>15:50
8.2480798s,S,9>4:51
8.2490805s,S,7>11:50
8.2500806s,S,11>12:50
8.253081s,S,1>12:50
8.2560814s,S,11>3:50
8.2580825s,S,1>11:50
8.2590826s,S,8>9:50
8.2600828s,S,4>0:50
8.2600828s,S,13>0:50
8.2600828s,S,4>15:50
8.2600828s,S,9>13:50
8.2600828s,S,0>11:50
8.2610829s,S,13>2:50
8.2630832s,S,12>14:50
8.2630832s,S,12>4:50
8.2630832s,S,12>9:52
8.2630832s,S,12>3:50
8.2650849s,D,5>7:20000000
8.2650849s,S,5>7:51
8.2700853s,S,7>4:51
8.2700853s,S,1>7:52
8.2720855s,S,0>5:50
8.2720855s,S,4>6:50
8.2720855s,S,8>7:50
8.2720855s,S,8>0:50
8.2760875s,S,10>12:50
8.2760875s,S,1>0:50
8.2760875s,S,1>10:50
8.2780878s,S,14>1:52
8.281087s,S,13>8:50
8.281087s,S,13>6:50
8.2820874s,S,3>7:50
8.2820874s,S,11>6:50
8.2830881s,S,11>10:50
8.2830881s,S,5>9:50
8.2830881s,S,5>0:50
8.2880888s,S,8>12:50
8.2890892s,S,6>9:50
8.2890892s,S,7>3:50
8.2890892s,S,9>15:50
8.2900893s,S,8>13:50
8.2900893s,S,3>10:50
8.2930897s,S,6>12:50
8.2940901s,S,9>10:51
8.2940901s,S,4>12:50
8.2940901s,S,4>9:52
8.2980921s,S,10>5:50
8.2980921s,S,6>13:50
8.2980921s,S,10>1:51
8.3030922s,S,1>14:50
8.3050936s,S,2>7:50
8.3050936s,S,2>12:50
8.3060929s,S,13>5:50
8.3070933s,S,6>11:51
8.3070933s,S,2>9:50
8.3070933s,S,14>6:52
8.3080937s,S,11>8:50
8.3120939s,S,11>9:50
8.3120939s,S,11>0:50
8.3130944s,S,3>14:50
8.3130944s,S,9>4:50
8.3130944s,S,3>6:50
8.316095s,S,8>15:50
8.316095s,S,1>12:50
8.316095s,S,0>8:50
8.316095s,S,0>14:50
8.316095s,S,5>12:50
8.3170958s,S,8>6:50
8.3180959s,S,1>8:50
8.3180959s,S,11>15:50
8.3180959s,S,12>6:50
8.3180959s,S,11>2:50
8.321098s,S,5>10:52
8.3250986s,S,2>13:50
8.3270979s,S,1>7:50
8.3270979s,S,10>15:50
8.3280984s,S,0>2:50
8.3290988s,S,8>4:50
8.3311037s,S,7>12:51
8.3311037s,S,4>7:52
8.3330993s,S,3>13:50
8.3361s,S,0>13:50
8.3361s,S,9>8:51
8.3361s,S,10>9:52
8.3361s,S,9>10:50
8.337101s,S,12>8:50
8.337101s,S,12>0:50
8.3391007s,S,3>11:50
8.3391007s,S,3>0:50
8.3391007s,S,11>1:50
8.3401011s,S,1>10:50
8.3411015s,S,5>14:52
8.3411015s,S,10>3:51
8.3461019s,S,7>14:50
8.3471023s,S,13>11:50
8.3471023s,S,13>0:50
8.3491023s,S,1>11:50
8.3511028s,S,15>9:50
8.3541032s,S,8>7:50
8.3541032s,S,11>7:50
8.3551042s,S,4>15:50
8.3551042s,S,4>8:50
8.3571142s,S,2>14:50
8.3581143s,S,11>6:50
8.361115s,S,9>1:50
8.3651158s,S,8>9:50
8.3671078s,S,7>5:52
8.3671078s,S,3>9:50
8.3671078s,S,11>3:50
8.3681074s,S,4>6:50
8.3691084s,S,13>6:50
8.3691084s,S,1>8:50
8.3691084s,S,1>0:50
8.3691084s,S,9>13:51
8.3711089s,S,2>6:50
8.3711089s,S,2>7:50
8.3741096s,S,3>7:50
8.3771185s,S,15>7:50
8.3801104s,S,9>7:50
8.3801104s,S,9>6:50
8.3801104s,S,9>5:50
8.3821101s,S,1>9:50
8.3821101s,S,1>10:52
8.3821101s,S,3>10:52
8.3841109s,S,6>8:50
8.3841109s,S,6>13:51
8.3841109s,S,1>15:50
8.3841109s,S,1>7:50
8.3841109s,S,6>11:50
8.3841109s,S,10>14:50
8.387121s,S,13>7:50
8.387121s,S,13>5:50
8.3951132s,S,4>11:50
8.3951132s,D,5>15:27000000
8.3951132s,S,6>2:50
8.3951132s,S,11>10:50
8.3951132s,S,5>15:51
8.3961228s,S,8>13:50
8.3961228s,S,8>9:52
8.3981142s,S,7>13:51
8.3981142s,S,8>3:50
8.3981142s,S,11>2:50
8.3981142s,S,11>1:50
8.3981142s,S,12>7:52
8.3981142s,S,0>9:50
8.3981142s,S,0>8:50
8.4001142s,S,8>1:50
8.4001142s,S,8>6:50
8.4011143s,S,1>11:50
8.4051151s,S,9>0:50
8.4051151s,S,13>9:52
8.4061153s,S,3>6:50
8.4061153s,S,3>8:50
8.4081173s,S,5>10:50
8.4081173s,S,3>12:50
8.4101175s,S,0>6:50
8.4131176s,S,5>8:50
8.4131176s,S,5>12:50
8.4181183s,S,14>6:51
8.4181183s,S,6>4:50
8.4201186s,S,12>5:50
8.4201186s,S,12>6:50
8.4201186s,S,5>9:50
8.4201186s,S,10>6:50
8.421119s,S,11>4:50
8.4231192s,S,7>4:50
8.4231192s,S,1>6:50
8.4271203s,S,4>7:50
8.4281219s,S,9>12:50
8.4281219s,S,8>0:50
8.4301222s,S,0>11:50
8.4301222s,S,0>2:50
8.4301222s,S,2>15:50
8.4301222s,S,3>11:50
8.4321216s,S,3>14:50
8.4351217s,S,13>11:50
8.4351217s,S,11>0:50
8.4351217s,S,9>8:50
8.4351217s,S,11>6:52
8.4351217s,S,11>7:50
8.4351217s,S,13>0:50
8.4381229s,S,2>0:50
8.4381229s,S,12>4:50
8.4381229s,S,3>10:50
8.4381229s,S,2>7:50
8.4401235s,S,1>7:50
8.4431239s,S,13>9:50
8.4431239s,S,15>10:50
8.4431239s,S,9>2:50
8.4471253s,S,10>12:50
8.4481251s,S,5>14:50
8.4491255s,S,7>3:51
8.4491255s,S,13>7:52
8.4531267s,S,11>8:50
8.4531267s,S,11>4:50
8.4571278s,S,13>12:50
8.4591274s,S,3>9:50
8.4591274s,S,3>0:50
8.4611277s,S,1>8:50
8.4611277s,S,1>0:50
8.4641287s,S,6>9:50
8.4651291s,S,4>10:50
8.4651291s,S,4>6:50
8.4681298s,S,9>3:50
8.4681298s,S,5>0:50
8.4681298s,S,13>15:50
8.4701303s,S,6>13:50
8.4701303s,S,6>10:51
8.4701303s,S,13>6:52
8.4741317s,S,1>15:50
8.4741317s,S,1>12:50
8.4771321s,S,11>13:50
8.4781328s,S,3>13:50
8.4781328s,S,0>8:50
8.479133s,S,13>10:50
8.479133s,S,9>12:50
8.4801331s,S,8>1:50
8.485134s,S,15>9:50
8.485134s,S,7>2:50
8.485134s,S,7>4:50
8.485134s,S,11>12:50
8.4901344s,S,15>13:51
8.4901344s,S,0>10:50
8.4901344s,S,0>9:50
8.4901344s,S,5>7:50
8.4921355s,S,1>11:50
8.4921355s,S,3>7:50
8.4941352s,S,9>11:50
8.4941352s,S,9>2:50
8.4961364s,S,9>5:50
8.4971368s,S,3>8:50
8.4971368s,S,6>8:50
8.5001378s,S,10>8:50
8.5001378s,S,13>7:50
8.5001378s,S,7>13:50
8.5031387s,S,13>2:50
8.5031387s,S,3>12:50
8.505139s,S,0>13:50
8.505139s,S,7>11:51
8.5071395s,S,5>10:50
8.5101396s,S,5>13:50
8.5101396s,S,4>9:50
8.5101396s,S,8>7:50
8.5101396s,S,11>15:50
8.5101396s,S,8>11:50
8.5101396s,S,10>7:50
8.5101396s,S,11>6:50
8.5101396s,S,6>0:50
8.5121399s,S,9>0:50
8.5141408s,S,1>13:50
8.5141408s,S,3>15:50
8.5161404s,S,12>8:50
8.5161404s,S,13>12:50
8.5191414s,S,1>7:50
8.521142s,S,13>11:50
8.521142s,S,9>14:50
8.521142s,S,11>14:50
8.5241429s,S,12>5:50
8.5241429s,S,12>6:50
8.5261426s,S,8>15:50
8.530144s,S,0>4:50
8.530144s,S,2>11:50
8.530144s,S,10>6:50
8.5311447s,S,9>12:50
8.5311447s,S,14>11:51
8.5311447s,S,6>14:52
8.5311447s,S,15>5:52
8.5341451s,S,15>4:50
8.541146s,S,2>9:50
8.541146s,S,2>0:50
8.544147s,S,9>11:50
8.544147s,S,9>2:50
8.5451477s,S,11>7:52
8.5481481s,S,3>6:50
8.5481481s,S,13>5:50
8.5481481s,S,3>7:52
8.5521486s,S,7>2:50
8.5521486s,S,1>9:50
8.5521486s,S,7>6:50
8.5521486s,S,1>0:50
8.5521486s,S,7>13:50
8.5551499s,S,5>12:50
8.5551499s,S,3>0:50
8.5551499s,S,5>14:50
8.5551499s,S,6>7:50
8.55615s,S,13>1:50
8.55615s,S,8>6:50
8.55615s,S,6>4:50
8.55615s,S,6>12:50
8.5591498s,D,5>6:27000000
8.5591498s,S,12>1:50
8.5591498s,S,0>8:50
8.5591498s,S,5>6:51
8.5621505s,S,13>2:50
8.5621505s,S,13>12:50
8.5621505s,S,4>6:50
8.5652602s,S,1>15:50
8.5672614s,S,10>13:50
8.5672614s,S,11>9:50
8.5761544s,S,13>15:52
8.5781546s,S,6>3:50
8.5781546s,S,6>8:50
8.5781546s,S,11>14:52
8.5781546s,S,14>2:51
8.5811553s,S,9>13:50
8.5811553s,S,9>14:50
8.5811553s,S,0>14:50
8.5811553s,S,0>9:50
8.5811553s,S,0>15:50
8.5821563s,S,9>3:50
8.5861566s,S,11>2:50
8.5861566s,S,11>6:50
8.5901574s,S,5>9:50
8.5901574s,S,0>1:50
8.5911596s,S,13>7:50
8.5931581s,S,5>8:50
8.5931581s,S,2>15:50
8.5931581s,S,1>6:50
8.5941588s,S,11>13:50
8.596159s,S,9>11:50
8.596159s,S,9>2:50
8.596159s,D,15>12:20000000
8.596159s,S,15>12:51
8.6031602s,S,7>13:50
8.6041604s,S,3>7:50
8.6041604s,S,5>13:50
8.6041604s,S,9>7:50
8.6062717s,S,10>9:50
8.6091628s,S,8>3:50
8.6091628s,S,13>2:50
8.6091628s,S,12>11:50
8.615163s,S,11>3:50
8.6161634s,S,9>10:50
8.6211643s,S,7>3:50
8.6211643s,S,12>0:50
8.6221645s,S,10>7:50
8.6221645s,S,10>6:52
8.6231649s,S,9>15:50
8.6231649s,S,11>7:50
8.6241662s,S,14>10:50
8.6261653s,S,12>5:50
8.6271663s,S,0>5:50
8.6371702s,S,8>1:50
8.6401721s,S,3>8:50
8.6421697s,S,13>9:50
8.6421697s,S,9>13:50
8.6421697s,S,9>14:50
8.6421697s,S,2>0:50
8.6431707s,S,11>10:50
8.6431707s,S,14>0:50
8.6451701s,S,12>2:50
8.6451701s,S,1>8:50
8.6451701s,S,3>0:50
8.6471704s,S,9>11:50
8.6491715s,S,10>4:50
8.6511718s,S,14>13:51
8.6511718s,S,2>14:52
8.6521716s,S,6>10:50
8.6571726s,S,6>2:50
8.6571726s,S,13>5:50
8.6571726s,S,9>6:50
8.658173s,S,7>10:50
8.658173s,S,1>12:50
8.658173s,S,1>15:50
8.658173s,S,7>6:50
8.6591734s,S,3>11:50
8.6591734s,S,9>8:50
8.6591734s,S,4>10:50
8.6611734s,S,6>9:50
8.6611734s,S,6>8:50
8.6611734s,S,5>12:50
8.6611734s,S,6>1:50
8.6611734s,S,6>7:51
8.664174s,S,13>15:50
8.664174s,S,15>7:50
8.6671759s,S,8>11:50
8.6671759s,S,5>15:50
8.668176s,S,5>0:50
8.6691765s,S,11>8:50
8.6711764s,S,6>15:50
8.6711764s,S,3>10:50
8.6721768s,S,9>4:50
8.6721768s,S,0>9:50
8.6761777s,S,7>14:50
8.6771778s,S,10>15:50
8.6771778s,S,1>11:50
8.6781779s,S,5>10:50
8.6781779s,S,9>10:50
8.6781779s,S,13>6:50
8.6821784s,S,0>4:50
8.6831789s,S,1>10:50
8.6851788s,S,5>11:50
8.6851788s,S,14>6:50
8.6851788s,S,5>13:50
8.6851788s,S,11>6:50
8.6851788s,S,3>9:50
8.6931808s,S,2>11:50
8.6931808s,S,0>3:50
8.6941812s,S,10>3:50
8.6941812s,S,6>5:52
8.6971816s,S,15>8:51
8.6971816s,S,12>15:52
8.7021828s,S,9>13:50
8.7021828s,S,1>7:50
8.7041834s,S,4>9:50
8.7051835s,S,12>7:50
8.7091843s,S,1>14:50
8.7091843s,S,13>14:52
8.7091843s,S,14>15:51
8.712185s,S,6>3:50
8.7131854s,S,7>12:50
8.7161864s,S,9>15:50
8.7161864s,S,9>7:50
8.7191868s,S,9>1:50
8.721187s,S,12>13:50
8.726188s,S,3>12:50
8.7371903s,S,3>14:50
8.7371903s,S,10>0:50
8.7371903s,S,13>1:50
8.7371903s,S,9>10:50
8.7422012s,S,2>9:50
8.7481929s,S,1>10:50
8.7481929s,S,9>6:50
8.7481929s,S,9>12:50
8.7491933s,S,13>7:50
8.7521946s,S,7>10:50
8.7521946s,S,6>0:50
8.7521946s,S,6>11:50
8.7521946s,S,6>9:50
8.755195s,S,14>9:50
8.758196s,S,6>8:50
8.758196s,S,1>15:50
8.7611963s,S,9>3:50
8.7611963s,S,11>0:50
8.763206s,S,13>8:50
8.7642061s,S,0>14:50
8.7642061s,S,0>6:50
8.7642061s,S,5>14:50
8.7652065s,S,7>6:50
8.7662067s,S,6>7:50
8.7662067s,S,5>8:50
8.7662067s,S,14>8:50
8.7672068s,S,12>10:50
8.7672068s,S,12>13:50
8.7711979s,S,12>14:50
8.7711979s,S,15>6:50
8.7741986s,S,9>8:50
8.7771993s,S,15>2:51
8.7771993s,S,8>15:52
8.7782s,S,0>5:50
8.7802s,S,3>15:50
8.7802s,S,7>1:50
8.7852021s,S,0>7:50
8.7852021s,S,0>3:50
8.7902031s,S,13>14:50
8.7912035s,S,1>10:50
8.7912035s,S,1>9:50
8.7942039s,S,2>15:50
8.7972045s,S,14>0:50
8.7972045s,S,3>7:50
8.7982053s,S,15>8:50
8.8012062s,S,9>4:50
8.8012062s,S,13>9:50
8.8012062s,S,13>7:50
8.8032059s,S,5>9:50
8.8032059s,S,5>15:50
8.8032059s,S,5>0:50
8.8032059s,S,9>0:50
8.8042063s,S,9>13:50
8.8072073s,S,9>11:50
8.8092073s,S,7>10:50
8.8092073s,S,7>12:50
8.812208s,S,6>4:50
8.812208s,S,6>15:50
8.8162091s,S,14>7:50
8.8192098s,S,12>8:50
8.8192098s,S,14>12:51
8.8192098s,S,14>3:50
8.8192098s,S,15>14:52
8.8282112s,S,10>1:50
8.8282112s,S,10>0:50
8.8282112s,S,6>13:50
8.8322126s,S,1>6:50
8.8322126s,S,1>9:50
8.833213s,S,9>14:50
8.833213s,D,4>14:13000000
8.833213s,S,4>14:51
8.8372139s,S,7>0:50
8.8382143s,S,13>10:50
8.8392144s,S,6>10:50
8.8402148s,S,9>10:50
8.8422151s,S,12>9:50
8.8422151s,S,9>6:50
8.8432152s,S,5>11:50
8.8442154s,S,6>11:50
8.8462159s,S,13>0:50
8.8462159s,S,9>4:50
8.8462159s,S,9>1:50
8.8502161s,S,1>12:50
8.854224s,S,3>11:50
8.8592246s,S,15>0:50
8.8632199s,S,12>1:50
8.8712221s,S,3>0:50
8.8712221s,S,10>11:50
8.8742222s,S,6>1:50
8.8742222s,S,7>10:50
8.8742222s,S,7>6:52
8.8762225s,S,7>1:50
8.8762225s,S,7>12:50
8.8772226s,S,13>10:50
8.8772226s,S,15>5:51
8.8802233s,S,0>3:50
8.8802233s,S,15>12:50
8.8822235s,S,3>9:50
8.8822235s,S,14>15:50
8.8902254s,S,12>14:52
8.8922263s,S,14>12:50
8.8922263s,S,0>7:50
8.8922263s,S,0>10:50
8.8932264s,S,12>3:50
8.8952264s,S,9>13:50
8.8952264s,S,9>1:50
8.8962271s,S,2>11:50
8.8962271s,S,2>15:52
8.8982271s,S,9>5:50
8.8982271s,S,9>0:50
8.8982271s,S,10>5:50
8.9012289s,S,14>4:52
8.903228s,S,1>14:50
8.908229s,S,14>9:50
8.908229s,S,0>12:50
8.9092294s,D,4>13:8000000
8.9092294s,S,6>0:50
8.9092294s,S,4>13:51
8.9132305s,S,13>3:50
8.9132305s,S,15>8:50
8.9142309s,S,0>6:50
8.9192319s,S,10>1:50
8.9212324s,S,6>13:50
8.9232327s,S,1>13:50
8.9232327s,S,3>12:50
8.9232327s,S,1>6:50
8.9302356s,S,14>0:50
8.9312364s,S,6>7:50
8.9312364s,S,7>13:50
8.9312364s,S,6>10:50
8.9312364s,S,13>11:50
8.9322365s,S,9>10:50
8.9322365s,S,2>12:50
8.9352369s,S,9>4:50
8.9352369s,S,9>6:50
8.9412388s,S,5>9:50
8.9412388s,S,5>13:50
8.9412388s,S,5>0:50
8.9432388s,S,7>1:50
8.9432388s,S,7>12:50
8.9452376s,S,7>15:50
8.9502388s,S,13>6:50
8.951239s,S,13>4:52
8.9522394s,S,6>12:50
8.9602428s,S,10>13:50
8.9602428s,S,14>10:50
8.9632426s,S,3>14:50
8.9632426s,S,14>2:50
8.964243s,S,6>3:50
8.9672446s,S,4>6:50
8.9702529s,S,14>7:50
8.978246s,S,8>3:51
8.980248s,S,6>4:50
8.981256s,S,9>1:50
8.981256s,S,15>7:50
8.9832484s,S,0>15:50
8.9832484s,S,7>6:50
8.9842482s,S,12>13:51
8.9852478s,S,9>8:50
8.9922484s,S,9>5:50
8.9922484s,S,9>0:50
8.9932485s,S,14>5:50
8.9932485s,S,4>0:50
8.9942498s,S,15>12:50
8.9972511s,S,10>9:50
8.9992499s,S,0>13:50
8.9992499s,S,7>0:50
8.9992499s,S,0>7:50
9.001251s,S,15>11:50
9.0102528s,S,0>1:50
9.0102528s,S,3>8:52
9.0102528s,S,8>5:51
9.0122533s,S,7>1:50
9.0132535s,S,15>4:51
9.0132535s,S,5>15:52
9.0142533s,S,1>13:50
9.0162536s,D,2>10:10000000
9.0162536s,S,2>10:51
9.0192543s,S,9>15:50
9.0232554s,S,14>6:50
9.0242555s,S,5>11:50
9.0272658s,S,5>10:50
9.028266s,S,9>12:50
9.028266s,S,9>6:50
9.0292664s,S,12>6:51
9.0292664s,S,13>12:52
9.0362594s,S,14>11:50
9.0372598s,S,13>8:50
9.0402605s,S,10>4:50
9.0422608s,S,14>9:50
9.0472608s,S,14>12:50
9.0522627s,S,6>10:50
9.0522627s,S,6>0:50
9.0532631s,S,6>2:50
9.0532631s,S,6>12:50
9.0532631s,S,7>9:50
9.0572639s,S,6>15:50
9.0592639s,S,0>12:50
9.0622739s,S,13>9:50
9.0642648s,S,4>10:50
9.0672669s,S,10>2:52
9.0752671s,D,2>8:8000000
9.0752671s,S,2>8:51
9.0762672s,S,6>4:50
9.0762672s,S,6>8:50
9.0762672s,S,12>8:50
9.0782678s,S,15>2:50
9.0792679s,S,5>13:50
9.0792679s,S,5>0:50
9.0802681s,S,9>3:50
9.0822686s,S,9>2:50
9.0822686s,S,14>13:50
9.0832711s,S,9>5:50
9.0832711s,S,9>0:50
9.0862697s,S,11>5:51
9.0862697s,S,0>2:50
9.0862697s,S,8>13:51
9.0862697s,S,5>8:52
9.0872698s,S,10>3:50
9.08827s,S,15>6:50
9.0912707s,S,4>15:50
9.0942713s,S,15>10:50
9.0952715s,S,5>12:50
9.0992723s,S,13>15:50
9.0992723s,S,14>10:50
9.1012728s,S,0>9:50
9.1032734s,S,14>7:50
9.1062741s,S,7>15:50
9.1062741s,S,7>0:50
9.1062741s,S,0>10:50
9.1102752s,S,15>1:51
9.1102752s,S,7>5:50
9.1102752s,S,7>9:50
9.1102752s,S,9>7:50
9.1112765s,S,4>9:50
9.1112765s,S,13>8:52
9.1152761s,S,5>14:50
9.1162768s,S,8>2:52
9.117277s,S,2>10:50
9.1192772s,S,14>2:50
9.1192772s,S,9>12:50
9.1192772s,S,12>1:50
9.1212778s,S,9>15:50
9.1312808s,S,12>3:51
9.1332814s,S,14>4:50
9.1332814s,S,9>11:50
9.1362818s,S,8>5:50
9.1372822s,S,14>1:50
9.145283s,S,6>7:50
9.1532852s,S,6>14:50
9.1532852s,S,6>2:50
9.1532852s,S,6>12:52
9.1562853s,S,6>9:50
9.1562853s,S,4>14:50
9.1572857s,S,5>11:52
9.1572857s,S,11>2:51
9.1572857s,S,2>14:50
9.1602864s,S,9>14:50
9.1602864s,S,14>6:50
9.1612868s,S,13>14:51
9.1682883s,S,2>8:50
9.1682883s,S,9>3:50
9.1702886s,S,9>2:50
9.1702886s,S,12>15:50
9.1732895s,S,9>5:50
9.1792909s,S,14>12:50
9.1832917s,S,3>12:52
9.1832917s,S,12>5:51
9.1862924s,S,15>14:50
9.1862924s,S,0>2:50
9.1862924s,S,0>11:50
9.1872928s,S,4>8:50
9.1872928s,S,4>15:52
9.1902935s,S,14>11:50
9.1912936s,S,0>14:50
9.1912936s,S,5>8:50
9.1922938s,S,6>10:50
9.1922938s,S,6>0:50
9.1922938s,S,2>11:52
9.1962949s,S,0>15:50
9.1982948s,S,14>8:50
9.2002957s,S,15>1:50
9.2002957s,S,15>3:51
9.2002957s,S,1>15:52
9.211298s,S,7>8:50
9.211298s,S,8>7:50
9.211298s,S,7>5:50
9.212299s,S,7>9:50
9.212299s,S,9>7:50
9.212299s,S,7>15:50
9.212299s,S,9>15:50
9.2152991s,S,5>13:50
9.2152991s,S,5>0:50
9.2172991s,S,13>5:51
9.2172991s,S,14>13:52
9.2203001s,S,5>12:50
9.2203001s,S,9>1:50
9.2223009s,S,4>11:50
9.2223009s,S,4>13:50
9.2273015s,S,5>11:50
9.2273015s,S,2>14:50
9.2273015s,S,2>6:50
9.2283017s,S,15>13:50
9.2463058s,S,6>11:50
9.2483063s,S,14>3:50
9.2493068s,S,14>12:50
9.2493068s,S,14>2:50
9.2523074s,S,4>7:50
9.2543074s,S,12>14:50
9.2543074s,S,6>12:50
9.2573081s,S,8>1:50
9.2573081s,S,7>11:50
9.2603091s,S,9>3:50
9.2623099s,S,9>4:50
9.2623099s,S,0>5:50
9.2633103s,S,4>0:50
9.2643105s,S,6>14:50
9.2643105s,S,6>4:50
9.2663107s,S,5>7:50
9.2683107s,S,9>8:50
9.2703112s,S,14>0:50
9.2733122s,S,14>13:50
9.279313s,S,12>1:51
9.2823137s,S,6>7:50
9.2863148s,S,0>11:50
9.2873152s,S,8>12:50
9.2903159s,S,15>10:51
9.2903159s,S,15>9:50
9.2903159s,S,3>15:52
9.2973177s,S,13>2:51
9.2973177s,S,5>13:52
9.2973177s,S,7>3:50
9.2973177s,S,5>11:50
9.2973177s,S,5>15:50
9.3013185s,S,0>8:50
9.3043189s,S,9>7:50
9.3093204s,S,14>15:50
9.3113207s,S,7>0:50
9.3133212s,S,4>12:50
9.3133212s,S,15>5:50
9.3133212s,S,15>13:50
9.3163222s,S,5>8:50
9.3163222s,S,5>12:52
9.3193226s,S,14>11:50
9.3193226s,S,7>9:50
9.3223233s,S,6>13:50
9.3243253s,S,12>14:50
9.3243253s,S,12>11:50
9.3293248s,S,8>10:50
9.3293248s,S,12>15:51
9.3293248s,S,1>12:52
9.3293248s,S,2>13:50
9.3293248s,S,2>6:50
9.330327s,S,14>1:50
9.3323258s,S,6>10:50
9.3323258s,S,6>0:50
9.338328s,S,0>2:50
9.3453295s,S,13>1:51
9.3513312s,S,5>9:50
9.3533308s,S,7>14:50
9.3563309s,S,6>2:50
9.3593319s,S,4>15:50
9.3593319s,S,6>8:50
9.3593319s,S,8>11:50
9.360332s,S,9>8:50
9.362332s,S,12>2:50
9.362332s,S,0>13:50
9.3653327s,S,14>13:50
9.3673338s,S,5>6:50
9.3693338s,S,4>6:50
9.3753352s,S,2>10:50
9.3753352s,S,8>15:50
9.3753352s,S,6>3:50
9.3753352s,S,2>13:52
9.3763356s,S,7>5:50
9.3813374s,S,13>3:51
9.3813374s,S,0>7:50
9.3813374s,S,1>13:52
9.3813374s,S,10>15:52
9.3813374s,S,14>9:50
9.3813374s,S,14>0:50
9.3813374s,S,15>4:50
9.3833377s,S,10>2:51
9.3903483s,S,6>1:50
9.3913484s,S,14>8:50
9.3933489s,S,5>7:50
9.3953492s,S,12>11:50
9.3983499s,S,0>6:50
9.4053514s,S,9>1:51
9.4093428s,S,6>5:50
9.4173442s,S,7>15:50
9.419345s,S,13>4:51
9.419345s,S,3>13:52
9.4213453s,S,14>1:50
9.4233458s,S,14>5:50
9.4243459s,S,12>7:50
9.4243459s,S,6>7:50
9.4273475s,S,2>8:50
9.4303482s,S,12>2:51
9.4303482s,S,15>12:52
9.4303482s,S,2>13:50
9.4313489s,S,7>4:50
9.4343493s,S,2>10:52
9.4403501s,S,6>9:50
9.4413502s,S,0>11:50
9.4423503s,S,14>7:50
9.4433505s,S,14>3:50
9.4473522s,S,1>9:52
9.4493527s,S,15>5:50
9.4493527s,S,15>10:50
9.456353s,S,4>8:50
9.456353s,S,8>3:50
9.4573538s,S,6>14:50
9.4603542s,S,4>13:52
9.4673656s,S,6>15:50
9.4673656s,S,4>10:50
9.468366s,S,2>0:50
9.4743671s,S,15>9:50
9.477359s,S,2>11:50
9.477359s,S,15>3:50
9.477359s,S,7>8:50
9.4863608s,S,14>8:50
9.4873615s,S,8>2:50
9.4903619s,S,12>9:50
9.4903619s,S,0>10:50
9.4933623s,S,7>2:50
9.4933623s,S,12>2:50
9.4933623s,S,12>4:51
9.4933623s,S,4>11:50
9.4933623s,S,2>12:52
9.494363s,S,14>9:50
9.4953631s,S,5>7:50
9.5033647s,S,5>9:50
9.5053653s,S,14>15:50
9.5133666s,S,4>9:50
9.5173674s,S,0>13:50
9.5183679s,S,14>12:50
9.5223687s,S,7>11:50
9.5233691s,S,4>7:50
9.5233691s,S,7>8:50
9.5273696s,S,8>0:50
9.53037s,S,6>11:50
9.5313716s,S,14>10:50
9.5333707s,S,6>1:50
9.5373724s,S,14>3:50
9.5403728s,S,15>14:50
9.5403728s,S,0>12:50
9.5433737s,S,12>9:50
9.5433737s,S,12>3:50
9.5443739s,S,6>0:50
9.5493751s,S,4>12:52
9.5553765s,S,14>7:50
9.5553765s,S,2>12:50
9.5553765s,S,12>7:50
9.5583763s,S,4>14:50
9.5623774s,S,7>3:50
9.5623774s,S,7>11:51
9.5673798s,S,15>7:50
9.5673798s,S,15>4:50
9.5673798s,S,6>14:50
9.5673798s,S,6>4:50
9.5713803s,S,2>9:50
9.5813825s,S,0>15:50
9.5843832s,S,15>0:50
9.5883837s,S,5>10:50
9.5913841s,S,14>2:50
9.5913841s,S,14>6:50
9.5933846s,S,12>5:50
9.5933846s,S,12>3:50
9.5973855s,S,5>6:50
9.6043878s,S,7>11:50
9.6043878s,S,11>7:52
9.6043878s,S,7>12:51
9.6063875s,S,4>12:50
9.6073879s,S,8>6:50
9.6073879s,S,6>13:50
9.6153896s,S,14>5:50
9.6153896s,S,2>7:50
9.6153896s,S,14>15:50
9.6183908s,S,7>14:50
9.6213912s,S,2>15:50
9.6243919s,S,6>3:50
9.6243919s,S,12>9:50
9.6243919s,S,4>13:50
9.631394s,S,14>1:50
9.6413953s,S,0>1:50
9.6443969s,S,7>0:50
9.6443969s,S,12>13:50
9.6513986s,S,15>2:50
9.6634011s,S,6>8:50
9.6634011s,S,15>3:50
9.6634011s,S,6>4:50
9.6644015s,S,14>11:50
9.6704023s,S,7>5:51
9.6704023s,S,12>7:52
9.6734027s,S,5>14:50
9.6734027s,S,15>6:50
9.6744028s,S,12>3:50
9.6804045s,S,2>0:50
9.6864058s,S,6>10:50
9.6894062s,S,8>9:50
9.6914068s,S,12>10:50
9.6914068s,S,12>13:50
9.6924072s,S,14>2:50
9.6954085s,S,5>15:51
9.6954085s,S,6>5:50
9.6974087s,S,7>4:50
9.7104113s,S,14>13:50
9.7164127s,S,6>3:50
9.7164127s,S,6>15:50
9.7194131s,S,8>13:50
9.7234142s,S,0>3:50
9.7234142s,S,2>11:50
9.7264151s,S,15>11:50
9.7264151s,S,14>5:50
9.7264151s,S,12>5:50
9.7324162s,S,0>4:50
9.7324162s,S,5>9:50
9.7424196s,S,12>0:50
9.7424196s,S,12>10:50
9.7444198s,S,8>14:50
9.7444198s,S,6>9:50
9.7514205s,S,7>15:50
9.7524209s,S,15>1:50
9.7544211s,S,15>7:50
9.7574221s,S,7>2:50
9.7594224s,S,2>12:50
9.7624231s,S,14>11:50
9.7664242s,S,6>11:51
9.7664242s,S,14>1:50
9.7714254s,S,5>7:52
9.7774262s,S,6>7:50
9.7814288s,S,2>9:50
9.7944304s,S,8>4:50
9.8014328s,S,15>2:50
9.8074333s,S,14>13:50
9.8144348s,S,15>8:50
9.8184356s,S,5>10:50
9.8204359s,S,2>7:50
9.8224364s,S,12>13:50
9.8314385s,S,2>15:50
9.8324386s,S,15>5:52
9.8324386s,S,5>6:51
9.8324386s,S,6>0:50
9.8354393s,S,14>10:50
9.841441s,S,6>11:50
9.841441s,S,11>6:52
9.841441s,S,6>1:51
9.8444414s,S,15>0:50
9.8444414s,S,12>4:50
9.8444414s,S,12>0:50
9.8784496s,S,6>12:50
9.8784496s,S,6>15:50
9.8784496s,S,15>6:50
9.8854511s,S,7>9:50
9.8984537s,S,14>5:50
9.8984537s,S,12>10:50
9.8994538s,S,14>4:51
9.9154582s,S,15>12:50
9.9444646s,S,5>14:50
9.9444646s,S,15>1:50
9.9444646s,S,14>6:50
9.9554672s,S,12>6:50
9.9594675s,S,6>13:50
9.9624687s,S,6>2:51
9.9624687s,S,1>6:52
9.9624687s,S,6>1:50
9.966469s,S,7>5:50
9.9744712s,S,6>4:50
9.9844733s,S,4>14:52
9.9844733s,S,14>12:51
9.9854735s,S,12>4:50
9.9854735s,S,12>0:50
10.0014773s,S,6>10:50
10.0014773s,S,6>5:52
10.0014773s,S,15>11:50
10.0254828s,S,15>10:50
10.0294842s,S,15>8:50
10.0294842s,S,6>12:50
10.0294842s,S,14>8:50
10.0364848s,S,15>9:50
10.049488s,S,5>12:50
10.0544892s,S,14>1:51
10.0544892s,S,6>3:50
10.0544892s,S,12>14:52
10.0544892s,S,14>4:50
10.0564898s,S,12>5:50
10.0564898s,S,12>6:50
10.0634913s,S,6>13:51
10.0634913s,S,6>2:50
10.0634913s,S,2>6:52
10.0684925s,S,7>8:50
10.0694926s,S,6>8:50
10.0784955s,S,15>3:50
10.0804955s,S,14>3:50
10.0854959s,S,12>4:50
10.0924974s,S,6>7:50
10.1095013s,S,15>12:50
10.1175033s,S,15>14:50
10.1185034s,S,8>2:51
10.1185034s,S,7>11:50
10.1185034s,S,14>15:51
10.1185034s,S,1>14:52
10.1265056s,S,15>4:50
10.1315068s,S,14>8:50
10.1365078s,S,5>9:50
10.1455095s,S,6>15:50
10.1455095s,S,5>8:50
10.1505108s,S,6>9:50
10.1515112s,S,13>6:52
10.1565121s,S,12>8:50
10.1585127s,S,12>6:50
10.1595128s,S,7>3:50
10.1595128s,S,2>8:52
10.1635136s,S,6>14:50
10.1635136s,S,6>2:50
10.1725157s,S,15>9:50
10.181518s,S,14>3:50
10.196522s,S,12>1:50
10.196522s,S,12>8:50
10.2025225s,S,6>7:51
10.2025225s,S,6>1:50
10.2095243s,S,15>10:50
10.2155254s,S,7>14:50
10.2215268s,S,15>3:50
10.2225272s,S,5>10:50
10.2275281s,S,15>13:50
10.2285283s,S,14>15:50
10.2285283s,S,15>14:52
10.2395309s,S,6>4:50
10.241532s,S,6>11:50
10.2495336s,S,12>15:50
10.2495336s,S,12>1:50
10.2635369s,S,15>4:50
10.2855418s,S,6>12:50
10.2905425s,S,7>4:50
10.3085475s,S,6>5:51
10.3085475s,S,7>6:52
10.3095482s,S,5>14:50
10.3155496s,S,15>5:50
10.3175489s,S,6>13:50
10.3345532s,S,6>11:50
10.3395541s,S,15>14:50
10.3395541s,S,14>15:50
10.3505565s,S,7>2:50
10.3515566s,S,12>11:50
10.3515566s,S,12>15:50
10.3815631s,S,15>8:51
10.3855642s,S,6>2:50
10.3865641s,S,12>2:50
10.4095694s,S,6>13:50
10.4145709s,S,5>12:50
10.4145709s,S,6>1:50
10.4165718s,S,7>13:50
10.4455779s,S,6>5:50
10.4455779s,S,5>6:52
10.4465783s,S,12>7:50
10.4505791s,S,14>5:50
10.4505791s,S,15>13:50
10.461582s,S,8>15:52
10.461582s,S,15>10:51
10.4665827s,S,7>6:50
10.4865868s,S,6>14:50
10.5065914s,S,6>0:50
10.5115926s,S,5>8:50
10.5125937s,S,12>14:50
10.5355981s,S,15>5:50
10.5496011s,S,12>15:51
10.5536022s,S,10>15:52
10.5566032s,S,14>10:50
10.571606s,S,7>10:50
10.5806092s,S,6>5:50
10.587611s,S,5>7:50
10.617617s,S,14>6:50
10.6276189s,S,7>12:50
10.6436227s,S,15>13:50
10.6486237s,S,6>10:50
10.6486237s,S,6>0:50
10.6496247s,S,15>12:52
10.6716305s,S,15>0:50
10.6876328s,S,5>6:50
10.6936342s,S,7>1:50
10.7166407s,S,6>8:50
10.7276419s,S,14>4:50
10.728642s,S,15>5:50
10.7386442s,S,6>7:50
10.7896558s,S,6>10:50
10.7926559s,S,14>0:50
10.7976574s,S,6>9:50
10.8126608s,S,15>11:50
10.8226636s,S,5>0:50
10.8456689s,S,6>2:50
10.8656733s,S,15>10:50
10.879676s,S,6>7:50
10.8876791s,S,15>2:50
10.9026811s,S,14>9:50
10.9456908s,S,6>14:50
10.9566934s,S,15>14:50
10.9576941s,S,5>13:50
10.9646953s,S,14>7:50
10.9846996s,S,6>1:50
10.9846996s,S,6>7:50
10.9887005s,S,15>1:50
11.0377127s,S,5>11:50
11.0407134s,S,14>12:50
11.0567166s,S,6>3:50
11.0687188s,S,15>2:50
11.0907237s,S,6>1:50
11.1087281s,S,5>15:50
11.1127292s,S,14>2:50
11.1477367s,S,6>3:50
11.1477367s,S,6>15:50
11.1687418s,S,15>1:50
11.1807445s,S,6>0:50
11.182745s,S,14>11:50
11.2277547s,S,14>13:50
11.2607622s,S,15>0:50
11.2827677s,S,14>1:50
11.2887694s,S,6>12:50
11.2887694s,S,6>15:50
11.3217769s,S,6>10:50
11.3887912s,S,6>4:50
11.4027945s,S,15>11:50
11.4117968s,S,6>12:50
11.478812s,S,15>3:50
11.4838135s,S,6>13:50
11.5118192s,S,6>12:50
11.5118192s,S,6>2:50
11.5688322s,S,6>5:50
11.5698326s,S,15>9:50
11.6118416s,S,6>14:50
11.6118416s,S,6>2:50
11.6598537s,S,15>4:50
11.7060567s,S,6>8:50
11.7258773s,S,6>14:50
11.7258773s,S,6>3:50
11.7568749s,S,15>8:50
11.7888825s,S,6>9:50
11.8178884s,S,6>15:50
11.8369026s,S,15>12:50
11.8819029s,S,6>11:50
11.937916s,S,15>7:50
12.0449405s,S,15>6:50
